Starting server at 0.0.0.0:8888...
{"@timestamp":"2026-02-09T01:37:47.609+05:00","caller":"p2c/p2c.go:195","content":"p2c - conn: 127.0.0.1:8081, load: 987, reqs: 1","level":"stat"}
{"@timestamp":"2026-02-09T01:37:47.610+05:00","caller":"handler/loghandler.go:167","content":"[HTTP] 200 - POST /api/v1/auth/register - 127.0.0.1:63662 - Mozilla/5.0 (Macintosh; Intel Mac OS X 10_15_7) AppleWebKit/537.36 (KHTML, like Gecko) Windsurf/1.106.0 Chrome/138.0.7204.251 Electron/37.7.0 Safari/537.36","duration":"1.4ms","level":"info","span":"6dda9b0f1484facb","trace":"7fc4df631e5a0de15301f048d3c44d17"}
{"@timestamp":"2026-02-09T01:38:27.375+05:00","caller":"stat/usage.go:82","content":"CPU: 0m, MEMORY: Alloc=3.2Mi, TotalAlloc=4.8Mi, Sys=18.9Mi, NumGC=2","level":"stat"}
{"@timestamp":"2026-02-09T01:38:27.381+05:00","caller":"load/sheddingstat.go:61","content":"(api) shedding_stat [1m], cpu: 0, total: 1, pass: 1, drop: 0","level":"stat"}
{"@timestamp":"2026-02-09T01:38:47.610+05:00","caller":"stat/metrics.go:210","content":"(growthapi) - qps: 0.0/s, drops: 0, avg time: 1.0ms, med: 1.4ms, 90th: 1.4ms, 99th: 1.4ms, 99.9th: 1.4ms","level":"stat"}
{"@timestamp":"2026-02-09T01:39:27.375+05:00","caller":"stat/usage.go:82","content":"CPU: 0m, MEMORY: Alloc=3.3Mi, TotalAlloc=5.2Mi, Sys=19.1Mi, NumGC=3","level":"stat"}
{"@timestamp":"2026-02-09T01:39:27.381+05:00","caller":"load/sheddingstat.go:61","content":"(api) shedding_stat [1m], cpu: 0, total: 0, pass: 0, drop: 0","level":"stat"}
{"@timestamp":"2026-02-09T01:39:47.610+05:00","caller":"stat/metrics.go:210","content":"(growthapi) - qps: 0.0/s, drops: 0, avg time: 0.0ms, med: 0.0ms, 90th: 0.0ms, 99th: 0.0ms, 99.9th: 0.0ms","level":"stat"}
{"@timestamp":"2026-02-09T01:40:27.375+05:00","caller":"stat/usage.go:82","content":"CPU: 0m, MEMORY: Alloc=3.3Mi, TotalAlloc=5.2Mi, Sys=19.1Mi, NumGC=3","level":"stat"}
{"@timestamp":"2026-02-09T01:40:27.381+05:00","caller":"load/sheddingstat.go:61","content":"(api) shedding_stat [1m], cpu: 0, total: 0, pass: 0, drop: 0","level":"stat"}
{"@timestamp":"2026-02-09T01:40:47.610+05:00","caller":"stat/metrics.go:210","content":"(growthapi) - qps: 0.0/s, drops: 0, avg time: 0.0ms, med: 0.0ms, 90th: 0.0ms, 99th: 0.0ms, 99.9th: 0.0ms","level":"stat"}
{"@timestamp":"2026-02-09T01:41:27.375+05:00","caller":"stat/usage.go:82","content":"CPU: 0m, MEMORY: Alloc=3.2Mi, TotalAlloc=5.2Mi, Sys=19.1Mi, NumGC=4","level":"stat"}
{"@timestamp":"2026-02-09T01:41:27.381+05:00","caller":"load/sheddingstat.go:61","content":"(api) shedding_stat [1m], cpu: 0, total: 0, pass: 0, drop: 0","level":"stat"}
{"@timestamp":"2026-02-09T01:41:47.610+05:00","caller":"stat/metrics.go:210","content":"(growthapi) - qps: 0.0/s, drops: 0, avg time: 0.0ms, med: 0.0ms, 90th: 0.0ms, 99th: 0.0ms, 99.9th: 0.0ms","level":"stat"}
{"@timestamp":"2026-02-09T01:42:27.375+05:00","caller":"stat/usage.go:82","content":"CPU: 0m, MEMORY: Alloc=3.2Mi, TotalAlloc=5.2Mi, Sys=19.1Mi, NumGC=4","level":"stat"}
{"@timestamp":"2026-02-09T01:42:27.383+05:00","caller":"load/sheddingstat.go:61","content":"(api) shedding_stat [1m], cpu: 0, total: 0, pass: 0, drop: 0","level":"stat"}
{"@timestamp":"2026-02-09T01:42:47.610+05:00","caller":"stat/metrics.go:210","content":"(growthapi) - qps: 0.0/s, drops: 0, avg time: 0.0ms, med: 0.0ms, 90th: 0.0ms, 99th: 0.0ms, 99.9th: 0.0ms","level":"stat"}
{"@timestamp":"2026-02-09T01:43:27.375+05:00","caller":"stat/usage.go:82","content":"CPU: 0m, MEMORY: Alloc=3.5Mi, TotalAlloc=5.6Mi, Sys=19.1Mi, NumGC=5","level":"stat"}
{"@timestamp":"2026-02-09T01:43:27.381+05:00","caller":"load/sheddingstat.go:61","content":"(api) shedding_stat [1m], cpu: 0, total: 0, pass: 0, drop: 0","level":"stat"}
{"@timestamp":"2026-02-09T01:43:47.610+05:00","caller":"stat/metrics.go:210","content":"(growthapi) - qps: 0.0/s, drops: 0, avg time: 0.0ms, med: 0.0ms, 90th: 0.0ms, 99th: 0.0ms, 99.9th: 0.0ms","level":"stat"}
{"@timestamp":"2026-02-09T01:44:27.374+05:00","caller":"stat/usage.go:82","content":"CPU: 0m, MEMORY: Alloc=3.5Mi, TotalAlloc=5.6Mi, Sys=19.1Mi, NumGC=5","level":"stat"}
{"@timestamp":"2026-02-09T01:44:27.381+05:00","caller":"load/sheddingstat.go:61","content":"(api) shedding_stat [1m], cpu: 0, total: 0, pass: 0, drop: 0","level":"stat"}
{"@timestamp":"2026-02-09T01:44:47.610+05:00","caller":"stat/metrics.go:210","content":"(growthapi) - qps: 0.0/s, drops: 0, avg time: 0.0ms, med: 0.0ms, 90th: 0.0ms, 99th: 0.0ms, 99.9th: 0.0ms","level":"stat"}
{"@timestamp":"2026-02-09T01:45:27.374+05:00","caller":"stat/usage.go:82","content":"CPU: 0m, MEMORY: Alloc=3.2Mi, TotalAlloc=5.7Mi, Sys=19.1Mi, NumGC=6","level":"stat"}
{"@timestamp":"2026-02-09T01:45:27.381+05:00","caller":"load/sheddingstat.go:61","content":"(api) shedding_stat [1m], cpu: 0, total: 0, pass: 0, drop: 0","level":"stat"}
{"@timestamp":"2026-02-09T01:45:47.610+05:00","caller":"stat/metrics.go:210","content":"(growthapi) - qps: 0.0/s, drops: 0, avg time: 0.0ms, med: 0.0ms, 90th: 0.0ms, 99th: 0.0ms, 99.9th: 0.0ms","level":"stat"}
{"@timestamp":"2026-02-09T01:46:27.375+05:00","caller":"stat/usage.go:82","content":"CPU: 0m, MEMORY: Alloc=3.2Mi, TotalAlloc=5.7Mi, Sys=19.1Mi, NumGC=6","level":"stat"}
{"@timestamp":"2026-02-09T01:46:27.381+05:00","caller":"load/sheddingstat.go:61","content":"(api) shedding_stat [1m], cpu: 0, total: 0, pass: 0, drop: 0","level":"stat"}
{"@timestamp":"2026-02-09T01:46:47.610+05:00","caller":"stat/metrics.go:210","content":"(growthapi) - qps: 0.0/s, drops: 0, avg time: 0.0ms, med: 0.0ms, 90th: 0.0ms, 99th: 0.0ms, 99.9th: 0.0ms","level":"stat"}
{"@timestamp":"2026-02-09T01:47:27.375+05:00","caller":"stat/usage.go:82","content":"CPU: 0m, MEMORY: Alloc=3.2Mi, TotalAlloc=5.7Mi, Sys=19.1Mi, NumGC=7","level":"stat"}
{"@timestamp":"2026-02-09T01:47:27.381+05:00","caller":"load/sheddingstat.go:61","content":"(api) shedding_stat [1m], cpu: 0, total: 0, pass: 0, drop: 0","level":"stat"}
{"@timestamp":"2026-02-09T01:47:47.610+05:00","caller":"stat/metrics.go:210","content":"(growthapi) - qps: 0.0/s, drops: 0, avg time: 0.0ms, med: 0.0ms, 90th: 0.0ms, 99th: 0.0ms, 99.9th: 0.0ms","level":"stat"}
{"@timestamp":"2026-02-09T01:48:27.375+05:00","caller":"stat/usage.go:82","content":"CPU: 0m, MEMORY: Alloc=3.4Mi, TotalAlloc=6.0Mi, Sys=19.1Mi, NumGC=7","level":"stat"}
{"@timestamp":"2026-02-09T01:48:27.381+05:00","caller":"load/sheddingstat.go:61","content":"(api) shedding_stat [1m], cpu: 0, total: 0, pass: 0, drop: 0","level":"stat"}
{"@timestamp":"2026-02-09T01:48:47.609+05:00","caller":"stat/metrics.go:210","content":"(growthapi) - qps: 0.0/s, drops: 0, avg time: 0.0ms, med: 0.0ms, 90th: 0.0ms, 99th: 0.0ms, 99.9th: 0.0ms","level":"stat"}
{"@timestamp":"2026-02-09T01:49:27.374+05:00","caller":"stat/usage.go:82","content":"CPU: 0m, MEMORY: Alloc=3.2Mi, TotalAlloc=6.1Mi, Sys=19.1Mi, NumGC=8","level":"stat"}
{"@timestamp":"2026-02-09T01:49:27.380+05:00","caller":"load/sheddingstat.go:61","content":"(api) shedding_stat [1m], cpu: 0, total: 0, pass: 0, drop: 0","level":"stat"}
{"@timestamp":"2026-02-09T01:49:47.610+05:00","caller":"stat/metrics.go:210","content":"(growthapi) - qps: 0.0/s, drops: 0, avg time: 0.0ms, med: 0.0ms, 90th: 0.0ms, 99th: 0.0ms, 99.9th: 0.0ms","level":"stat"}
{"@timestamp":"2026-02-09T01:50:27.381+05:00","caller":"stat/usage.go:82","content":"CPU: 0m, MEMORY: Alloc=3.2Mi, TotalAlloc=6.1Mi, Sys=19.1Mi, NumGC=8","level":"stat"}
{"@timestamp":"2026-02-09T01:50:27.387+05:00","caller":"load/sheddingstat.go:61","content":"(api) shedding_stat [1m], cpu: 0, total: 0, pass: 0, drop: 0","level":"stat"}
{"@timestamp":"2026-02-09T01:50:47.617+05:00","caller":"stat/metrics.go:210","content":"(growthapi) - qps: 0.0/s, drops: 0, avg time: 0.0ms, med: 0.0ms, 90th: 0.0ms, 99th: 0.0ms, 99.9th: 0.0ms","level":"stat"}
{"@timestamp":"2026-02-09T01:51:27.382+05:00","caller":"stat/usage.go:82","content":"CPU: 0m, MEMORY: Alloc=3.2Mi, TotalAlloc=6.1Mi, Sys=19.1Mi, NumGC=9","level":"stat"}
{"@timestamp":"2026-02-09T01:51:27.387+05:00","caller":"load/sheddingstat.go:61","content":"(api) shedding_stat [1m], cpu: 0, total: 0, pass: 0, drop: 0","level":"stat"}
{"@timestamp":"2026-02-09T01:51:47.617+05:00","caller":"stat/metrics.go:210","content":"(growthapi) - qps: 0.0/s, drops: 0, avg time: 0.0ms, med: 0.0ms, 90th: 0.0ms, 99th: 0.0ms, 99.9th: 0.0ms","level":"stat"}
{"@timestamp":"2026-02-09T01:52:27.381+05:00","caller":"stat/usage.go:82","content":"CPU: 0m, MEMORY: Alloc=3.2Mi, TotalAlloc=6.1Mi, Sys=19.1Mi, NumGC=9","level":"stat"}
{"@timestamp":"2026-02-09T01:52:27.388+05:00","caller":"load/sheddingstat.go:61","content":"(api) shedding_stat [1m], cpu: 0, total: 0, pass: 0, drop: 0","level":"stat"}
{"@timestamp":"2026-02-09T01:52:47.617+05:00","caller":"stat/metrics.go:210","content":"(growthapi) - qps: 0.0/s, drops: 0, avg time: 0.0ms, med: 0.0ms, 90th: 0.0ms, 99th: 0.0ms, 99.9th: 0.0ms","level":"stat"}
{"@timestamp":"2026-02-09T01:53:27.381+05:00","caller":"stat/usage.go:82","content":"CPU: 0m, MEMORY: Alloc=3.3Mi, TotalAlloc=6.5Mi, Sys=19.1Mi, NumGC=10","level":"stat"}
{"@timestamp":"2026-02-09T01:53:27.387+05:00","caller":"load/sheddingstat.go:61","content":"(api) shedding_stat [1m], cpu: 0, total: 0, pass: 0, drop: 0","level":"stat"}
{"@timestamp":"2026-02-09T01:53:47.617+05:00","caller":"stat/metrics.go:210","content":"(growthapi) - qps: 0.0/s, drops: 0, avg time: 0.0ms, med: 0.0ms, 90th: 0.0ms, 99th: 0.0ms, 99.9th: 0.0ms","level":"stat"}
{"@timestamp":"2026-02-09T01:54:27.382+05:00","caller":"stat/usage.go:82","content":"CPU: 0m, MEMORY: Alloc=3.3Mi, TotalAlloc=6.5Mi, Sys=19.1Mi, NumGC=10","level":"stat"}
{"@timestamp":"2026-02-09T01:54:27.388+05:00","caller":"load/sheddingstat.go:61","content":"(api) shedding_stat [1m], cpu: 0, total: 0, pass: 0, drop: 0","level":"stat"}
{"@timestamp":"2026-02-09T01:54:47.617+05:00","caller":"stat/metrics.go:210","content":"(growthapi) - qps: 0.0/s, drops: 0, avg time: 0.0ms, med: 0.0ms, 90th: 0.0ms, 99th: 0.0ms, 99.9th: 0.0ms","level":"stat"}
{"@timestamp":"2026-02-09T01:55:27.382+05:00","caller":"stat/usage.go:82","content":"CPU: 0m, MEMORY: Alloc=3.2Mi, TotalAlloc=6.5Mi, Sys=19.1Mi, NumGC=11","level":"stat"}
{"@timestamp":"2026-02-09T01:55:27.388+05:00","caller":"load/sheddingstat.go:61","content":"(api) shedding_stat [1m], cpu: 0, total: 0, pass: 0, drop: 0","level":"stat"}
{"@timestamp":"2026-02-09T01:55:47.617+05:00","caller":"stat/metrics.go:210","content":"(growthapi) - qps: 0.0/s, drops: 0, avg time: 0.0ms, med: 0.0ms, 90th: 0.0ms, 99th: 0.0ms, 99.9th: 0.0ms","level":"stat"}
{"@timestamp":"2026-02-09T01:56:27.382+05:00","caller":"stat/usage.go:82","content":"CPU: 0m, MEMORY: Alloc=3.2Mi, TotalAlloc=6.5Mi, Sys=19.1Mi, NumGC=11","level":"stat"}
{"@timestamp":"2026-02-09T01:56:27.388+05:00","caller":"load/sheddingstat.go:61","content":"(api) shedding_stat [1m], cpu: 0, total: 0, pass: 0, drop: 0","level":"stat"}
{"@timestamp":"2026-02-09T01:56:47.617+05:00","caller":"stat/metrics.go:210","content":"(growthapi) - qps: 0.0/s, drops: 0, avg time: 0.0ms, med: 0.0ms, 90th: 0.0ms, 99th: 0.0ms, 99.9th: 0.0ms","level":"stat"}
{"@timestamp":"2026-02-09T01:57:27.382+05:00","caller":"stat/usage.go:82","content":"CPU: 0m, MEMORY: Alloc=3.2Mi, TotalAlloc=6.5Mi, Sys=19.1Mi, NumGC=12","level":"stat"}
{"@timestamp":"2026-02-09T01:57:27.388+05:00","caller":"load/sheddingstat.go:61","content":"(api) shedding_stat [1m], cpu: 0, total: 0, pass: 0, drop: 0","level":"stat"}
{"@timestamp":"2026-02-09T01:57:47.617+05:00","caller":"stat/metrics.go:210","content":"(growthapi) - qps: 0.0/s, drops: 0, avg time: 0.0ms, med: 0.0ms, 90th: 0.0ms, 99th: 0.0ms, 99.9th: 0.0ms","level":"stat"}
{"@timestamp":"2026-02-09T01:58:27.382+05:00","caller":"stat/usage.go:82","content":"CPU: 0m, MEMORY: Alloc=3.4Mi, TotalAlloc=6.8Mi, Sys=19.1Mi, NumGC=12","level":"stat"}
{"@timestamp":"2026-02-09T01:58:27.388+05:00","caller":"load/sheddingstat.go:61","content":"(api) shedding_stat [1m], cpu: 0, total: 0, pass: 0, drop: 0","level":"stat"}
{"@timestamp":"2026-02-09T01:58:47.617+05:00","caller":"stat/metrics.go:210","content":"(growthapi) - qps: 0.0/s, drops: 0, avg time: 0.0ms, med: 0.0ms, 90th: 0.0ms, 99th: 0.0ms, 99.9th: 0.0ms","level":"stat"}
{"@timestamp":"2026-02-09T01:59:27.382+05:00","caller":"stat/usage.go:82","content":"CPU: 0m, MEMORY: Alloc=3.2Mi, TotalAlloc=6.9Mi, Sys=19.1Mi, NumGC=13","level":"stat"}
{"@timestamp":"2026-02-09T01:59:27.388+05:00","caller":"load/sheddingstat.go:61","content":"(api) shedding_stat [1m], cpu: 0, total: 0, pass: 0, drop: 0","level":"stat"}
{"@timestamp":"2026-02-09T01:59:47.618+05:00","caller":"stat/metrics.go:210","content":"(growthapi) - qps: 0.0/s, drops: 0, avg time: 0.0ms, med: 0.0ms, 90th: 0.0ms, 99th: 0.0ms, 99.9th: 0.0ms","level":"stat"}
{"@timestamp":"2026-02-09T02:00:27.381+05:00","caller":"stat/usage.go:82","content":"CPU: 0m, MEMORY: Alloc=3.2Mi, TotalAlloc=6.9Mi, Sys=19.1Mi, NumGC=13","level":"stat"}
{"@timestamp":"2026-02-09T02:00:27.388+05:00","caller":"load/sheddingstat.go:61","content":"(api) shedding_stat [1m], cpu: 0, total: 0, pass: 0, drop: 0","level":"stat"}
{"@timestamp":"2026-02-09T02:00:47.617+05:00","caller":"stat/metrics.go:210","content":"(growthapi) - qps: 0.0/s, drops: 0, avg time: 0.0ms, med: 0.0ms, 90th: 0.0ms, 99th: 0.0ms, 99.9th: 0.0ms","level":"stat"}
{"@timestamp":"2026-02-09T02:01:27.381+05:00","caller":"stat/usage.go:82","content":"CPU: 0m, MEMORY: Alloc=3.2Mi, TotalAlloc=7.0Mi, Sys=19.1Mi, NumGC=14","level":"stat"}
{"@timestamp":"2026-02-09T02:01:27.388+05:00","caller":"load/sheddingstat.go:61","content":"(api) shedding_stat [1m], cpu: 0, total: 0, pass: 0, drop: 0","level":"stat"}
{"@timestamp":"2026-02-09T02:01:47.618+05:00","caller":"stat/metrics.go:210","content":"(growthapi) - qps: 0.0/s, drops: 0, avg time: 0.0ms, med: 0.0ms, 90th: 0.0ms, 99th: 0.0ms, 99.9th: 0.0ms","level":"stat"}
{"@timestamp":"2026-02-09T02:02:27.382+05:00","caller":"stat/usage.go:82","content":"CPU: 0m, MEMORY: Alloc=3.2Mi, TotalAlloc=7.0Mi, Sys=19.1Mi, NumGC=14","level":"stat"}
{"@timestamp":"2026-02-09T02:02:27.388+05:00","caller":"load/sheddingstat.go:61","content":"(api) shedding_stat [1m], cpu: 0, total: 0, pass: 0, drop: 0","level":"stat"}
{"@timestamp":"2026-02-09T02:02:47.617+05:00","caller":"stat/metrics.go:210","content":"(growthapi) - qps: 0.0/s, drops: 0, avg time: 0.0ms, med: 0.0ms, 90th: 0.0ms, 99th: 0.0ms, 99.9th: 0.0ms","level":"stat"}
{"@timestamp":"2026-02-09T02:03:27.382+05:00","caller":"stat/usage.go:82","content":"CPU: 0m, MEMORY: Alloc=3.3Mi, TotalAlloc=7.3Mi, Sys=19.1Mi, NumGC=15","level":"stat"}
{"@timestamp":"2026-02-09T02:03:27.388+05:00","caller":"load/sheddingstat.go:61","content":"(api) shedding_stat [1m], cpu: 0, total: 0, pass: 0, drop: 0","level":"stat"}
{"@timestamp":"2026-02-09T02:03:47.617+05:00","caller":"stat/metrics.go:210","content":"(growthapi) - qps: 0.0/s, drops: 0, avg time: 0.0ms, med: 0.0ms, 90th: 0.0ms, 99th: 0.0ms, 99.9th: 0.0ms","level":"stat"}
{"@timestamp":"2026-02-09T02:04:27.382+05:00","caller":"stat/usage.go:82","content":"CPU: 0m, MEMORY: Alloc=3.3Mi, TotalAlloc=7.3Mi, Sys=19.1Mi, NumGC=15","level":"stat"}
{"@timestamp":"2026-02-09T02:04:27.388+05:00","caller":"load/sheddingstat.go:61","content":"(api) shedding_stat [1m], cpu: 0, total: 0, pass: 0, drop: 0","level":"stat"}
{"@timestamp":"2026-02-09T02:04:47.617+05:00","caller":"stat/metrics.go:210","content":"(growthapi) - qps: 0.0/s, drops: 0, avg time: 0.0ms, med: 0.0ms, 90th: 0.0ms, 99th: 0.0ms, 99.9th: 0.0ms","level":"stat"}
{"@timestamp":"2026-02-09T02:05:27.382+05:00","caller":"stat/usage.go:82","content":"CPU: 0m, MEMORY: Alloc=3.2Mi, TotalAlloc=7.4Mi, Sys=19.1Mi, NumGC=16","level":"stat"}
{"@timestamp":"2026-02-09T02:05:27.389+05:00","caller":"load/sheddingstat.go:61","content":"(api) shedding_stat [1m], cpu: 0, total: 0, pass: 0, drop: 0","level":"stat"}
{"@timestamp":"2026-02-09T02:05:47.617+05:00","caller":"stat/metrics.go:210","content":"(growthapi) - qps: 0.0/s, drops: 0, avg time: 0.0ms, med: 0.0ms, 90th: 0.0ms, 99th: 0.0ms, 99.9th: 0.0ms","level":"stat"}
{"@timestamp":"2026-02-09T02:06:27.387+05:00","caller":"stat/usage.go:82","content":"CPU: 0m, MEMORY: Alloc=3.2Mi, TotalAlloc=7.4Mi, Sys=19.1Mi, NumGC=16","level":"stat"}
{"@timestamp":"2026-02-09T02:06:27.394+05:00","caller":"load/sheddingstat.go:61","content":"(api) shedding_stat [1m], cpu: 0, total: 0, pass: 0, drop: 0","level":"stat"}
{"@timestamp":"2026-02-09T02:06:47.624+05:00","caller":"stat/metrics.go:210","content":"(growthapi) - qps: 0.0/s, drops: 0, avg time: 0.0ms, med: 0.0ms, 90th: 0.0ms, 99th: 0.0ms, 99.9th: 0.0ms","level":"stat"}
{"@timestamp":"2026-02-09T02:07:27.389+05:00","caller":"stat/usage.go:82","content":"CPU: 0m, MEMORY: Alloc=3.2Mi, TotalAlloc=7.4Mi, Sys=19.1Mi, NumGC=17","level":"stat"}
{"@timestamp":"2026-02-09T02:07:27.394+05:00","caller":"load/sheddingstat.go:61","content":"(api) shedding_stat [1m], cpu: 0, total: 0, pass: 0, drop: 0","level":"stat"}
{"@timestamp":"2026-02-09T02:07:47.623+05:00","caller":"stat/metrics.go:210","content":"(growthapi) - qps: 0.0/s, drops: 0, avg time: 0.0ms, med: 0.0ms, 90th: 0.0ms, 99th: 0.0ms, 99.9th: 0.0ms","level":"stat"}
{"@timestamp":"2026-02-09T02:08:27.389+05:00","caller":"stat/usage.go:82","content":"CPU: 0m, MEMORY: Alloc=3.2Mi, TotalAlloc=7.4Mi, Sys=19.1Mi, NumGC=17","level":"stat"}
{"@timestamp":"2026-02-09T02:08:27.394+05:00","caller":"load/sheddingstat.go:61","content":"(api) shedding_stat [1m], cpu: 0, total: 0, pass: 0, drop: 0","level":"stat"}
{"@timestamp":"2026-02-09T02:08:47.625+05:00","caller":"stat/metrics.go:210","content":"(growthapi) - qps: 0.0/s, drops: 0, avg time: 0.0ms, med: 0.0ms, 90th: 0.0ms, 99th: 0.0ms, 99.9th: 0.0ms","level":"stat"}
{"@timestamp":"2026-02-09T02:09:27.388+05:00","caller":"stat/usage.go:82","content":"CPU: 0m, MEMORY: Alloc=2.9Mi, TotalAlloc=7.5Mi, Sys=19.1Mi, NumGC=18","level":"stat"}
{"@timestamp":"2026-02-09T02:09:27.394+05:00","caller":"load/sheddingstat.go:61","content":"(api) shedding_stat [1m], cpu: 0, total: 0, pass: 0, drop: 0","level":"stat"}
{"@timestamp":"2026-02-09T02:09:47.623+05:00","caller":"stat/metrics.go:210","content":"(growthapi) - qps: 0.0/s, drops: 0, avg time: 0.0ms, med: 0.0ms, 90th: 0.0ms, 99th: 0.0ms, 99.9th: 0.0ms","level":"stat"}
{"@timestamp":"2026-02-09T02:10:27.388+05:00","caller":"stat/usage.go:82","content":"CPU: 0m, MEMORY: Alloc=2.9Mi, TotalAlloc=7.5Mi, Sys=19.1Mi, NumGC=18","level":"stat"}
{"@timestamp":"2026-02-09T02:10:27.395+05:00","caller":"load/sheddingstat.go:61","content":"(api) shedding_stat [1m], cpu: 0, total: 0, pass: 0, drop: 0","level":"stat"}
{"@timestamp":"2026-02-09T02:10:47.623+05:00","caller":"stat/metrics.go:210","content":"(growthapi) - qps: 0.0/s, drops: 0, avg time: 0.0ms, med: 0.0ms, 90th: 0.0ms, 99th: 0.0ms, 99.9th: 0.0ms","level":"stat"}
{"@timestamp":"2026-02-09T02:11:27.387+05:00","caller":"stat/usage.go:82","content":"CPU: 0m, MEMORY: Alloc=2.9Mi, TotalAlloc=7.5Mi, Sys=19.1Mi, NumGC=19","level":"stat"}
{"@timestamp":"2026-02-09T02:11:27.395+05:00","caller":"load/sheddingstat.go:61","content":"(api) shedding_stat [1m], cpu: 0, total: 0, pass: 0, drop: 0","level":"stat"}
{"@timestamp":"2026-02-09T02:11:47.624+05:00","caller":"stat/metrics.go:210","content":"(growthapi) - qps: 0.0/s, drops: 0, avg time: 0.0ms, med: 0.0ms, 90th: 0.0ms, 99th: 0.0ms, 99.9th: 0.0ms","level":"stat"}
{"@timestamp":"2026-02-09T02:12:27.387+05:00","caller":"stat/usage.go:82","content":"CPU: 0m, MEMORY: Alloc=2.9Mi, TotalAlloc=7.5Mi, Sys=19.1Mi, NumGC=19","level":"stat"}
{"@timestamp":"2026-02-09T02:12:27.394+05:00","caller":"load/sheddingstat.go:61","content":"(api) shedding_stat [1m], cpu: 0, total: 0, pass: 0, drop: 0","level":"stat"}
{"@timestamp":"2026-02-09T02:12:47.623+05:00","caller":"stat/metrics.go:210","content":"(growthapi) - qps: 0.0/s, drops: 0, avg time: 0.0ms, med: 0.0ms, 90th: 0.0ms, 99th: 0.0ms, 99.9th: 0.0ms","level":"stat"}
{"@timestamp":"2026-02-09T02:13:27.388+05:00","caller":"stat/usage.go:82","content":"CPU: 0m, MEMORY: Alloc=2.9Mi, TotalAlloc=7.5Mi, Sys=19.1Mi, NumGC=20","level":"stat"}
{"@timestamp":"2026-02-09T02:13:27.394+05:00","caller":"load/sheddingstat.go:61","content":"(api) shedding_stat [1m], cpu: 0, total: 0, pass: 0, drop: 0","level":"stat"}
{"@timestamp":"2026-02-09T02:13:47.623+05:00","caller":"stat/metrics.go:210","content":"(growthapi) - qps: 0.0/s, drops: 0, avg time: 0.0ms, med: 0.0ms, 90th: 0.0ms, 99th: 0.0ms, 99.9th: 0.0ms","level":"stat"}
{"@timestamp":"2026-02-09T02:14:27.387+05:00","caller":"stat/usage.go:82","content":"CPU: 0m, MEMORY: Alloc=2.9Mi, TotalAlloc=7.5Mi, Sys=19.1Mi, NumGC=20","level":"stat"}
{"@timestamp":"2026-02-09T02:14:27.395+05:00","caller":"load/sheddingstat.go:61","content":"(api) shedding_stat [1m], cpu: 0, total: 0, pass: 0, drop: 0","level":"stat"}
{"@timestamp":"2026-02-09T02:14:47.624+05:00","caller":"stat/metrics.go:210","content":"(growthapi) - qps: 0.0/s, drops: 0, avg time: 0.0ms, med: 0.0ms, 90th: 0.0ms, 99th: 0.0ms, 99.9th: 0.0ms","level":"stat"}
{"@timestamp":"2026-02-09T02:15:27.387+05:00","caller":"stat/usage.go:82","content":"CPU: 0m, MEMORY: Alloc=2.9Mi, TotalAlloc=7.6Mi, Sys=19.1Mi, NumGC=21","level":"stat"}
{"@timestamp":"2026-02-09T02:15:27.394+05:00","caller":"load/sheddingstat.go:61","content":"(api) shedding_stat [1m], cpu: 0, total: 0, pass: 0, drop: 0","level":"stat"}
{"@timestamp":"2026-02-09T02:15:47.623+05:00","caller":"stat/metrics.go:210","content":"(growthapi) - qps: 0.0/s, drops: 0, avg time: 0.0ms, med: 0.0ms, 90th: 0.0ms, 99th: 0.0ms, 99.9th: 0.0ms","level":"stat"}
{"@timestamp":"2026-02-09T02:16:27.388+05:00","caller":"stat/usage.go:82","content":"CPU: 0m, MEMORY: Alloc=2.9Mi, TotalAlloc=7.6Mi, Sys=19.1Mi, NumGC=21","level":"stat"}
{"@timestamp":"2026-02-09T02:16:27.395+05:00","caller":"load/sheddingstat.go:61","content":"(api) shedding_stat [1m], cpu: 0, total: 0, pass: 0, drop: 0","level":"stat"}
{"@timestamp":"2026-02-09T02:16:47.623+05:00","caller":"stat/metrics.go:210","content":"(growthapi) - qps: 0.0/s, drops: 0, avg time: 0.0ms, med: 0.0ms, 90th: 0.0ms, 99th: 0.0ms, 99.9th: 0.0ms","level":"stat"}
{"@timestamp":"2026-02-09T02:17:27.387+05:00","caller":"stat/usage.go:82","content":"CPU: 0m, MEMORY: Alloc=2.9Mi, TotalAlloc=7.6Mi, Sys=19.1Mi, NumGC=22","level":"stat"}
{"@timestamp":"2026-02-09T02:17:27.395+05:00","caller":"load/sheddingstat.go:61","content":"(api) shedding_stat [1m], cpu: 0, total: 0, pass: 0, drop: 0","level":"stat"}
{"@timestamp":"2026-02-09T02:17:47.624+05:00","caller":"stat/metrics.go:210","content":"(growthapi) - qps: 0.0/s, drops: 0, avg time: 0.0ms, med: 0.0ms, 90th: 0.0ms, 99th: 0.0ms, 99.9th: 0.0ms","level":"stat"}
{"@timestamp":"2026-02-09T02:18:27.387+05:00","caller":"stat/usage.go:82","content":"CPU: 0m, MEMORY: Alloc=2.9Mi, TotalAlloc=7.6Mi, Sys=19.1Mi, NumGC=22","level":"stat"}
{"@timestamp":"2026-02-09T02:18:27.395+05:00","caller":"load/sheddingstat.go:61","content":"(api) shedding_stat [1m], cpu: 0, total: 0, pass: 0, drop: 0","level":"stat"}
{"@timestamp":"2026-02-09T02:18:47.624+05:00","caller":"stat/metrics.go:210","content":"(growthapi) - qps: 0.0/s, drops: 0, avg time: 0.0ms, med: 0.0ms, 90th: 0.0ms, 99th: 0.0ms, 99.9th: 0.0ms","level":"stat"}
{"@timestamp":"2026-02-09T02:19:27.388+05:00","caller":"stat/usage.go:82","content":"CPU: 0m, MEMORY: Alloc=2.9Mi, TotalAlloc=7.7Mi, Sys=19.1Mi, NumGC=23","level":"stat"}
{"@timestamp":"2026-02-09T02:19:27.395+05:00","caller":"load/sheddingstat.go:61","content":"(api) shedding_stat [1m], cpu: 0, total: 0, pass: 0, drop: 0","level":"stat"}
{"@timestamp":"2026-02-09T02:19:47.624+05:00","caller":"stat/metrics.go:210","content":"(growthapi) - qps: 0.0/s, drops: 0, avg time: 0.0ms, med: 0.0ms, 90th: 0.0ms, 99th: 0.0ms, 99.9th: 0.0ms","level":"stat"}
{"@timestamp":"2026-02-09T02:20:27.387+05:00","caller":"stat/usage.go:82","content":"CPU: 0m, MEMORY: Alloc=2.9Mi, TotalAlloc=7.7Mi, Sys=19.1Mi, NumGC=23","level":"stat"}
{"@timestamp":"2026-02-09T02:20:27.394+05:00","caller":"load/sheddingstat.go:61","content":"(api) shedding_stat [1m], cpu: 0, total: 0, pass: 0, drop: 0","level":"stat"}
{"@timestamp":"2026-02-09T02:20:47.624+05:00","caller":"stat/metrics.go:210","content":"(growthapi) - qps: 0.0/s, drops: 0, avg time: 0.0ms, med: 0.0ms, 90th: 0.0ms, 99th: 0.0ms, 99.9th: 0.0ms","level":"stat"}
{"@timestamp":"2026-02-09T02:21:27.388+05:00","caller":"stat/usage.go:82","content":"CPU: 0m, MEMORY: Alloc=2.9Mi, TotalAlloc=7.7Mi, Sys=19.1Mi, NumGC=24","level":"stat"}
{"@timestamp":"2026-02-09T02:21:27.394+05:00","caller":"load/sheddingstat.go:61","content":"(api) shedding_stat [1m], cpu: 0, total: 0, pass: 0, drop: 0","level":"stat"}
{"@timestamp":"2026-02-09T02:21:47.624+05:00","caller":"stat/metrics.go:210","content":"(growthapi) - qps: 0.0/s, drops: 0, avg time: 0.0ms, med: 0.0ms, 90th: 0.0ms, 99th: 0.0ms, 99.9th: 0.0ms","level":"stat"}
{"@timestamp":"2026-02-09T02:22:27.409+05:00","caller":"stat/usage.go:82","content":"CPU: 0m, MEMORY: Alloc=2.9Mi, TotalAlloc=7.7Mi, Sys=19.1Mi, NumGC=24","level":"stat"}
{"@timestamp":"2026-02-09T02:22:27.415+05:00","caller":"load/sheddingstat.go:61","content":"(api) shedding_stat [1m], cpu: 0, total: 0, pass: 0, drop: 0","level":"stat"}
{"@timestamp":"2026-02-09T02:22:47.646+05:00","caller":"stat/metrics.go:210","content":"(growthapi) - qps: 0.0/s, drops: 0, avg time: 0.0ms, med: 0.0ms, 90th: 0.0ms, 99th: 0.0ms, 99.9th: 0.0ms","level":"stat"}
{"@timestamp":"2026-02-09T02:23:27.411+05:00","caller":"stat/usage.go:82","content":"CPU: 0m, MEMORY: Alloc=2.9Mi, TotalAlloc=7.7Mi, Sys=19.1Mi, NumGC=25","level":"stat"}
{"@timestamp":"2026-02-09T02:23:27.418+05:00","caller":"load/sheddingstat.go:61","content":"(api) shedding_stat [1m], cpu: 0, total: 0, pass: 0, drop: 0","level":"stat"}
{"@timestamp":"2026-02-09T02:23:47.647+05:00","caller":"stat/metrics.go:210","content":"(growthapi) - qps: 0.0/s, drops: 0, avg time: 0.0ms, med: 0.0ms, 90th: 0.0ms, 99th: 0.0ms, 99.9th: 0.0ms","level":"stat"}
{"@timestamp":"2026-02-09T02:24:27.412+05:00","caller":"stat/usage.go:82","content":"CPU: 0m, MEMORY: Alloc=2.9Mi, TotalAlloc=7.7Mi, Sys=19.1Mi, NumGC=25","level":"stat"}
{"@timestamp":"2026-02-09T02:24:27.418+05:00","caller":"load/sheddingstat.go:61","content":"(api) shedding_stat [1m], cpu: 0, total: 0, pass: 0, drop: 0","level":"stat"}
{"@timestamp":"2026-02-09T02:24:47.648+05:00","caller":"stat/metrics.go:210","content":"(growthapi) - qps: 0.0/s, drops: 0, avg time: 0.0ms, med: 0.0ms, 90th: 0.0ms, 99th: 0.0ms, 99.9th: 0.0ms","level":"stat"}
{"@timestamp":"2026-02-09T02:25:27.411+05:00","caller":"stat/usage.go:82","content":"CPU: 0m, MEMORY: Alloc=2.9Mi, TotalAlloc=7.8Mi, Sys=19.1Mi, NumGC=26","level":"stat"}
{"@timestamp":"2026-02-09T02:25:27.418+05:00","caller":"load/sheddingstat.go:61","content":"(api) shedding_stat [1m], cpu: 0, total: 0, pass: 0, drop: 0","level":"stat"}
{"@timestamp":"2026-02-09T02:25:47.647+05:00","caller":"stat/metrics.go:210","content":"(growthapi) - qps: 0.0/s, drops: 0, avg time: 0.0ms, med: 0.0ms, 90th: 0.0ms, 99th: 0.0ms, 99.9th: 0.0ms","level":"stat"}
{"@timestamp":"2026-02-09T02:26:27.412+05:00","caller":"stat/usage.go:82","content":"CPU: 0m, MEMORY: Alloc=2.9Mi, TotalAlloc=7.8Mi, Sys=19.1Mi, NumGC=26","level":"stat"}
{"@timestamp":"2026-02-09T02:26:27.419+05:00","caller":"load/sheddingstat.go:61","content":"(api) shedding_stat [1m], cpu: 0, total: 0, pass: 0, drop: 0","level":"stat"}
{"@timestamp":"2026-02-09T02:26:47.648+05:00","caller":"stat/metrics.go:210","content":"(growthapi) - qps: 0.0/s, drops: 0, avg time: 0.0ms, med: 0.0ms, 90th: 0.0ms, 99th: 0.0ms, 99.9th: 0.0ms","level":"stat"}
{"@timestamp":"2026-02-09T02:27:27.412+05:00","caller":"stat/usage.go:82","content":"CPU: 0m, MEMORY: Alloc=2.9Mi, TotalAlloc=7.8Mi, Sys=19.1Mi, NumGC=27","level":"stat"}
{"@timestamp":"2026-02-09T02:27:27.419+05:00","caller":"load/sheddingstat.go:61","content":"(api) shedding_stat [1m], cpu: 0, total: 0, pass: 0, drop: 0","level":"stat"}
{"@timestamp":"2026-02-09T02:27:47.648+05:00","caller":"stat/metrics.go:210","content":"(growthapi) - qps: 0.0/s, drops: 0, avg time: 0.0ms, med: 0.0ms, 90th: 0.0ms, 99th: 0.0ms, 99.9th: 0.0ms","level":"stat"}
{"@timestamp":"2026-02-09T02:28:27.412+05:00","caller":"stat/usage.go:82","content":"CPU: 0m, MEMORY: Alloc=2.9Mi, TotalAlloc=7.8Mi, Sys=19.1Mi, NumGC=27","level":"stat"}
{"@timestamp":"2026-02-09T02:28:27.418+05:00","caller":"load/sheddingstat.go:61","content":"(api) shedding_stat [1m], cpu: 0, total: 0, pass: 0, drop: 0","level":"stat"}
{"@timestamp":"2026-02-09T02:28:47.648+05:00","caller":"stat/metrics.go:210","content":"(growthapi) - qps: 0.0/s, drops: 0, avg time: 0.0ms, med: 0.0ms, 90th: 0.0ms, 99th: 0.0ms, 99.9th: 0.0ms","level":"stat"}
{"@timestamp":"2026-02-09T02:29:27.413+05:00","caller":"stat/usage.go:82","content":"CPU: 0m, MEMORY: Alloc=2.9Mi, TotalAlloc=7.9Mi, Sys=19.1Mi, NumGC=28","level":"stat"}
{"@timestamp":"2026-02-09T02:29:27.419+05:00","caller":"load/sheddingstat.go:61","content":"(api) shedding_stat [1m], cpu: 0, total: 0, pass: 0, drop: 0","level":"stat"}
{"@timestamp":"2026-02-09T02:29:47.649+05:00","caller":"stat/metrics.go:210","content":"(growthapi) - qps: 0.0/s, drops: 0, avg time: 0.0ms, med: 0.0ms, 90th: 0.0ms, 99th: 0.0ms, 99.9th: 0.0ms","level":"stat"}
{"@timestamp":"2026-02-09T02:30:27.412+05:00","caller":"stat/usage.go:82","content":"CPU: 0m, MEMORY: Alloc=2.9Mi, TotalAlloc=7.9Mi, Sys=19.1Mi, NumGC=28","level":"stat"}
{"@timestamp":"2026-02-09T02:30:27.420+05:00","caller":"load/sheddingstat.go:61","content":"(api) shedding_stat [1m], cpu: 0, total: 0, pass: 0, drop: 0","level":"stat"}
{"@timestamp":"2026-02-09T02:30:47.649+05:00","caller":"stat/metrics.go:210","content":"(growthapi) - qps: 0.0/s, drops: 0, avg time: 0.0ms, med: 0.0ms, 90th: 0.0ms, 99th: 0.0ms, 99.9th: 0.0ms","level":"stat"}
{"@timestamp":"2026-02-09T02:31:27.412+05:00","caller":"stat/usage.go:82","content":"CPU: 0m, MEMORY: Alloc=2.9Mi, TotalAlloc=7.9Mi, Sys=19.1Mi, NumGC=29","level":"stat"}
{"@timestamp":"2026-02-09T02:31:27.420+05:00","caller":"load/sheddingstat.go:61","content":"(api) shedding_stat [1m], cpu: 0, total: 0, pass: 0, drop: 0","level":"stat"}
{"@timestamp":"2026-02-09T02:31:47.649+05:00","caller":"stat/metrics.go:210","content":"(growthapi) - qps: 0.0/s, drops: 0, avg time: 0.0ms, med: 0.0ms, 90th: 0.0ms, 99th: 0.0ms, 99.9th: 0.0ms","level":"stat"}
{"@timestamp":"2026-02-09T02:32:27.413+05:00","caller":"stat/usage.go:82","content":"CPU: 0m, MEMORY: Alloc=2.9Mi, TotalAlloc=7.9Mi, Sys=19.1Mi, NumGC=29","level":"stat"}
{"@timestamp":"2026-02-09T02:32:27.419+05:00","caller":"load/sheddingstat.go:61","content":"(api) shedding_stat [1m], cpu: 0, total: 0, pass: 0, drop: 0","level":"stat"}
{"@timestamp":"2026-02-09T02:32:47.648+05:00","caller":"stat/metrics.go:210","content":"(growthapi) - qps: 0.0/s, drops: 0, avg time: 0.0ms, med: 0.0ms, 90th: 0.0ms, 99th: 0.0ms, 99.9th: 0.0ms","level":"stat"}
{"@timestamp":"2026-02-09T02:33:27.413+05:00","caller":"stat/usage.go:82","content":"CPU: 0m, MEMORY: Alloc=2.9Mi, TotalAlloc=7.9Mi, Sys=19.1Mi, NumGC=30","level":"stat"}
{"@timestamp":"2026-02-09T02:33:27.419+05:00","caller":"load/sheddingstat.go:61","content":"(api) shedding_stat [1m], cpu: 0, total: 0, pass: 0, drop: 0","level":"stat"}
{"@timestamp":"2026-02-09T02:36:43.573+05:00","caller":"stat/metrics.go:210","content":"(growthapi) - qps: 0.0/s, drops: 0, avg time: 0.0ms, med: 0.0ms, 90th: 0.0ms, 99th: 0.0ms, 99.9th: 0.0ms","level":"stat"}
{"@timestamp":"2026-02-09T03:08:48.801+05:00","caller":"stat/usage.go:82","content":"CPU: 0m, MEMORY: Alloc=2.9Mi, TotalAlloc=7.9Mi, Sys=19.1Mi, NumGC=30","level":"stat"}
{"@timestamp":"2026-02-09T03:08:48.807+05:00","caller":"load/sheddingstat.go:61","content":"(api) shedding_stat [1m], cpu: 0, total: 0, pass: 0, drop: 0","level":"stat"}
{"@timestamp":"2026-02-09T03:24:11.008+05:00","caller":"stat/metrics.go:210","content":"(growthapi) - qps: 0.0/s, drops: 0, avg time: 0.0ms, med: 0.0ms, 90th: 0.0ms, 99th: 0.0ms, 99.9th: 0.0ms","level":"stat"}
{"@timestamp":"2026-02-09T03:42:40.744+05:00","caller":"stat/usage.go:82","content":"CPU: 0m, MEMORY: Alloc=2.9Mi, TotalAlloc=8.0Mi, Sys=19.1Mi, NumGC=31","level":"stat"}
{"@timestamp":"2026-02-09T03:42:40.750+05:00","caller":"load/sheddingstat.go:61","content":"(api) shedding_stat [1m], cpu: 0, total: 0, pass: 0, drop: 0","level":"stat"}
{"@timestamp":"2026-02-09T04:15:19.568+05:00","caller":"stat/metrics.go:210","content":"(growthapi) - qps: 0.0/s, drops: 0, avg time: 0.0ms, med: 0.0ms, 90th: 0.0ms, 99th: 0.0ms, 99.9th: 0.0ms","level":"stat"}
{"@timestamp":"2026-02-09T04:31:28.402+05:00","caller":"stat/usage.go:82","content":"CPU: 0m, MEMORY: Alloc=2.9Mi, TotalAlloc=8.0Mi, Sys=19.1Mi, NumGC=31","level":"stat"}
{"@timestamp":"2026-02-09T04:31:28.408+05:00","caller":"load/sheddingstat.go:61","content":"(api) shedding_stat [1m], cpu: 0, total: 0, pass: 0, drop: 0","level":"stat"}
{"@timestamp":"2026-02-09T04:52:01.529+05:00","caller":"stat/metrics.go:210","content":"(growthapi) - qps: 0.0/s, drops: 0, avg time: 0.0ms, med: 0.0ms, 90th: 0.0ms, 99th: 0.0ms, 99.9th: 0.0ms","level":"stat"}
{"@timestamp":"2026-02-09T05:11:17.812+05:00","caller":"stat/usage.go:82","content":"CPU: 0m, MEMORY: Alloc=2.9Mi, TotalAlloc=8.0Mi, Sys=19.1Mi, NumGC=32","level":"stat"}
{"@timestamp":"2026-02-09T05:11:17.818+05:00","caller":"load/sheddingstat.go:61","content":"(api) shedding_stat [1m], cpu: 0, total: 0, pass: 0, drop: 0","level":"stat"}
{"@timestamp":"2026-02-09T05:35:17.668+05:00","caller":"stat/metrics.go:210","content":"(growthapi) - qps: 0.0/s, drops: 0, avg time: 0.0ms, med: 0.0ms, 90th: 0.0ms, 99th: 0.0ms, 99.9th: 0.0ms","level":"stat"}
{"@timestamp":"2026-02-09T06:01:37.022+05:00","caller":"stat/usage.go:82","content":"CPU: 0m, MEMORY: Alloc=2.9Mi, TotalAlloc=8.0Mi, Sys=19.1Mi, NumGC=32","level":"stat"}
{"@timestamp":"2026-02-09T06:01:37.030+05:00","caller":"load/sheddingstat.go:61","content":"(api) shedding_stat [1m], cpu: 0, total: 0, pass: 0, drop: 0","level":"stat"}
{"@timestamp":"2026-02-09T06:01:57.254+05:00","caller":"stat/metrics.go:210","content":"(growthapi) - qps: 0.0/s, drops: 0, avg time: 0.0ms, med: 0.0ms, 90th: 0.0ms, 99th: 0.0ms, 99.9th: 0.0ms","level":"stat"}
{"@timestamp":"2026-02-09T06:35:36.653+05:00","caller":"stat/usage.go:82","content":"CPU: 0m, MEMORY: Alloc=2.9Mi, TotalAlloc=8.1Mi, Sys=19.1Mi, NumGC=33","level":"stat"}
{"@timestamp":"2026-02-09T06:35:36.661+05:00","caller":"load/sheddingstat.go:61","content":"(api) shedding_stat [1m], cpu: 0, total: 0, pass: 0, drop: 0","level":"stat"}
{"@timestamp":"2026-02-09T06:53:01.542+05:00","caller":"stat/metrics.go:210","content":"(growthapi) - qps: 0.0/s, drops: 0, avg time: 0.0ms, med: 0.0ms, 90th: 0.0ms, 99th: 0.0ms, 99.9th: 0.0ms","level":"stat"}
{"@timestamp":"2026-02-09T07:52:10.023+05:00","caller":"stat/usage.go:82","content":"CPU: 0m, MEMORY: Alloc=2.9Mi, TotalAlloc=8.1Mi, Sys=19.1Mi, NumGC=33","level":"stat"}
{"@timestamp":"2026-02-09T07:52:10.031+05:00","caller":"load/sheddingstat.go:61","content":"(api) shedding_stat [1m], cpu: 0, total: 0, pass: 0, drop: 0","level":"stat"}
{"@timestamp":"2026-02-09T08:10:45.339+05:00","caller":"stat/metrics.go:210","content":"(growthapi) - qps: 0.0/s, drops: 0, avg time: 0.0ms, med: 0.0ms, 90th: 0.0ms, 99th: 0.0ms, 99.9th: 0.0ms","level":"stat"}
{"@timestamp":"2026-02-09T08:53:16.657+05:00","caller":"stat/usage.go:82","content":"CPU: 0m, MEMORY: Alloc=2.9Mi, TotalAlloc=8.1Mi, Sys=19.1Mi, NumGC=34","level":"stat"}
{"@timestamp":"2026-02-09T08:53:16.663+05:00","caller":"load/sheddingstat.go:61","content":"(api) shedding_stat [1m], cpu: 0, total: 0, pass: 0, drop: 0","level":"stat"}
{"@timestamp":"2026-02-09T09:09:39.968+05:00","caller":"stat/metrics.go:210","content":"(growthapi) - qps: 0.0/s, drops: 0, avg time: 0.0ms, med: 0.0ms, 90th: 0.0ms, 99th: 0.0ms, 99.9th: 0.0ms","level":"stat"}
{"@timestamp":"2026-02-09T10:12:41.948+05:00","caller":"stat/usage.go:82","content":"CPU: 0m, MEMORY: Alloc=2.9Mi, TotalAlloc=8.1Mi, Sys=19.1Mi, NumGC=34","level":"stat"}
{"@timestamp":"2026-02-09T10:12:41.954+05:00","caller":"load/sheddingstat.go:61","content":"(api) shedding_stat [1m], cpu: 0, total: 0, pass: 0, drop: 0","level":"stat"}
{"@timestamp":"2026-02-09T10:13:02.180+05:00","caller":"stat/metrics.go:210","content":"(growthapi) - qps: 0.0/s, drops: 0, avg time: 0.0ms, med: 0.0ms, 90th: 0.0ms, 99th: 0.0ms, 99.9th: 0.0ms","level":"stat"}
{"@timestamp":"2026-02-09T10:13:41.944+05:00","caller":"stat/usage.go:82","content":"CPU: 0m, MEMORY: Alloc=2.9Mi, TotalAlloc=8.1Mi, Sys=19.1Mi, NumGC=35","level":"stat"}
{"@timestamp":"2026-02-09T10:13:41.951+05:00","caller":"load/sheddingstat.go:61","content":"(api) shedding_stat [1m], cpu: 0, total: 0, pass: 0, drop: 0","level":"stat"}
{"@timestamp":"2026-02-09T10:14:02.179+05:00","caller":"stat/metrics.go:210","content":"(growthapi) - qps: 0.0/s, drops: 0, avg time: 0.0ms, med: 0.0ms, 90th: 0.0ms, 99th: 0.0ms, 99.9th: 0.0ms","level":"stat"}
{"@timestamp":"2026-02-09T10:14:41.944+05:00","caller":"stat/usage.go:82","content":"CPU: 0m, MEMORY: Alloc=2.9Mi, TotalAlloc=8.1Mi, Sys=19.1Mi, NumGC=35","level":"stat"}
{"@timestamp":"2026-02-09T10:14:41.950+05:00","caller":"load/sheddingstat.go:61","content":"(api) shedding_stat [1m], cpu: 0, total: 0, pass: 0, drop: 0","level":"stat"}
{"@timestamp":"2026-02-09T10:15:02.180+05:00","caller":"stat/metrics.go:210","content":"(growthapi) - qps: 0.0/s, drops: 0, avg time: 0.0ms, med: 0.0ms, 90th: 0.0ms, 99th: 0.0ms, 99.9th: 0.0ms","level":"stat"}
{"@timestamp":"2026-02-09T10:15:41.944+05:00","caller":"stat/usage.go:82","content":"CPU: 0m, MEMORY: Alloc=2.9Mi, TotalAlloc=8.2Mi, Sys=19.1Mi, NumGC=36","level":"stat"}
{"@timestamp":"2026-02-09T10:15:41.950+05:00","caller":"load/sheddingstat.go:61","content":"(api) shedding_stat [1m], cpu: 0, total: 0, pass: 0, drop: 0","level":"stat"}
{"@timestamp":"2026-02-09T10:16:02.179+05:00","caller":"stat/metrics.go:210","content":"(growthapi) - qps: 0.0/s, drops: 0, avg time: 0.0ms, med: 0.0ms, 90th: 0.0ms, 99th: 0.0ms, 99.9th: 0.0ms","level":"stat"}
{"@timestamp":"2026-02-09T10:16:41.944+05:00","caller":"stat/usage.go:82","content":"CPU: 0m, MEMORY: Alloc=2.9Mi, TotalAlloc=8.2Mi, Sys=19.1Mi, NumGC=36","level":"stat"}
{"@timestamp":"2026-02-09T10:16:41.950+05:00","caller":"load/sheddingstat.go:61","content":"(api) shedding_stat [1m], cpu: 0, total: 0, pass: 0, drop: 0","level":"stat"}
{"@timestamp":"2026-02-09T10:17:02.179+05:00","caller":"stat/metrics.go:210","content":"(growthapi) - qps: 0.0/s, drops: 0, avg time: 0.0ms, med: 0.0ms, 90th: 0.0ms, 99th: 0.0ms, 99.9th: 0.0ms","level":"stat"}
{"@timestamp":"2026-02-09T10:17:41.944+05:00","caller":"stat/usage.go:82","content":"CPU: 0m, MEMORY: Alloc=2.9Mi, TotalAlloc=8.2Mi, Sys=19.1Mi, NumGC=37","level":"stat"}
{"@timestamp":"2026-02-09T10:17:41.951+05:00","caller":"load/sheddingstat.go:61","content":"(api) shedding_stat [1m], cpu: 0, total: 0, pass: 0, drop: 0","level":"stat"}
{"@timestamp":"2026-02-09T10:18:02.180+05:00","caller":"stat/metrics.go:210","content":"(growthapi) - qps: 0.0/s, drops: 0, avg time: 0.0ms, med: 0.0ms, 90th: 0.0ms, 99th: 0.0ms, 99.9th: 0.0ms","level":"stat"}
{"@timestamp":"2026-02-09T10:18:41.944+05:00","caller":"stat/usage.go:82","content":"CPU: 0m, MEMORY: Alloc=2.9Mi, TotalAlloc=8.2Mi, Sys=19.1Mi, NumGC=37","level":"stat"}
{"@timestamp":"2026-02-09T10:18:41.951+05:00","caller":"load/sheddingstat.go:61","content":"(api) shedding_stat [1m], cpu: 0, total: 0, pass: 0, drop: 0","level":"stat"}
{"@timestamp":"2026-02-09T10:19:02.179+05:00","caller":"stat/metrics.go:210","content":"(growthapi) - qps: 0.0/s, drops: 0, avg time: 0.0ms, med: 0.0ms, 90th: 0.0ms, 99th: 0.0ms, 99.9th: 0.0ms","level":"stat"}
{"@timestamp":"2026-02-09T10:19:41.944+05:00","caller":"stat/usage.go:82","content":"CPU: 0m, MEMORY: Alloc=2.9Mi, TotalAlloc=8.2Mi, Sys=19.1Mi, NumGC=38","level":"stat"}
{"@timestamp":"2026-02-09T10:19:41.950+05:00","caller":"load/sheddingstat.go:61","content":"(api) shedding_stat [1m], cpu: 0, total: 0, pass: 0, drop: 0","level":"stat"}
{"@timestamp":"2026-02-09T10:20:02.180+05:00","caller":"stat/metrics.go:210","content":"(growthapi) - qps: 0.0/s, drops: 0, avg time: 0.0ms, med: 0.0ms, 90th: 0.0ms, 99th: 0.0ms, 99.9th: 0.0ms","level":"stat"}
{"@timestamp":"2026-02-09T10:20:41.944+05:00","caller":"stat/usage.go:82","content":"CPU: 0m, MEMORY: Alloc=2.9Mi, TotalAlloc=8.2Mi, Sys=19.1Mi, NumGC=38","level":"stat"}
{"@timestamp":"2026-02-09T10:20:41.950+05:00","caller":"load/sheddingstat.go:61","content":"(api) shedding_stat [1m], cpu: 0, total: 0, pass: 0, drop: 0","level":"stat"}
{"@timestamp":"2026-02-09T10:21:02.180+05:00","caller":"stat/metrics.go:210","content":"(growthapi) - qps: 0.0/s, drops: 0, avg time: 0.0ms, med: 0.0ms, 90th: 0.0ms, 99th: 0.0ms, 99.9th: 0.0ms","level":"stat"}
{"@timestamp":"2026-02-09T10:21:41.944+05:00","caller":"stat/usage.go:82","content":"CPU: 0m, MEMORY: Alloc=2.9Mi, TotalAlloc=8.3Mi, Sys=19.1Mi, NumGC=39","level":"stat"}
{"@timestamp":"2026-02-09T10:21:41.950+05:00","caller":"load/sheddingstat.go:61","content":"(api) shedding_stat [1m], cpu: 0, total: 0, pass: 0, drop: 0","level":"stat"}
{"@timestamp":"2026-02-09T10:22:02.179+05:00","caller":"stat/metrics.go:210","content":"(growthapi) - qps: 0.0/s, drops: 0, avg time: 0.0ms, med: 0.0ms, 90th: 0.0ms, 99th: 0.0ms, 99.9th: 0.0ms","level":"stat"}
{"@timestamp":"2026-02-09T10:22:41.944+05:00","caller":"stat/usage.go:82","content":"CPU: 0m, MEMORY: Alloc=2.9Mi, TotalAlloc=8.3Mi, Sys=19.1Mi, NumGC=39","level":"stat"}
{"@timestamp":"2026-02-09T10:22:41.950+05:00","caller":"load/sheddingstat.go:61","content":"(api) shedding_stat [1m], cpu: 0, total: 0, pass: 0, drop: 0","level":"stat"}
{"@timestamp":"2026-02-09T10:23:02.179+05:00","caller":"stat/metrics.go:210","content":"(growthapi) - qps: 0.0/s, drops: 0, avg time: 0.0ms, med: 0.0ms, 90th: 0.0ms, 99th: 0.0ms, 99.9th: 0.0ms","level":"stat"}
{"@timestamp":"2026-02-09T10:23:41.944+05:00","caller":"stat/usage.go:82","content":"CPU: 0m, MEMORY: Alloc=2.9Mi, TotalAlloc=8.3Mi, Sys=19.1Mi, NumGC=40","level":"stat"}
{"@timestamp":"2026-02-09T10:23:41.950+05:00","caller":"load/sheddingstat.go:61","content":"(api) shedding_stat [1m], cpu: 0, total: 0, pass: 0, drop: 0","level":"stat"}
{"@timestamp":"2026-02-09T10:24:02.179+05:00","caller":"stat/metrics.go:210","content":"(growthapi) - qps: 0.0/s, drops: 0, avg time: 0.0ms, med: 0.0ms, 90th: 0.0ms, 99th: 0.0ms, 99.9th: 0.0ms","level":"stat"}
{"@timestamp":"2026-02-09T10:24:41.941+05:00","caller":"stat/usage.go:82","content":"CPU: 0m, MEMORY: Alloc=2.9Mi, TotalAlloc=8.3Mi, Sys=19.1Mi, NumGC=40","level":"stat"}
{"@timestamp":"2026-02-09T10:24:41.948+05:00","caller":"load/sheddingstat.go:61","content":"(api) shedding_stat [1m], cpu: 0, total: 0, pass: 0, drop: 0","level":"stat"}
{"@timestamp":"2026-02-09T10:25:02.177+05:00","caller":"stat/metrics.go:210","content":"(growthapi) - qps: 0.0/s, drops: 0, avg time: 0.0ms, med: 0.0ms, 90th: 0.0ms, 99th: 0.0ms, 99.9th: 0.0ms","level":"stat"}
{"@timestamp":"2026-02-09T10:25:41.941+05:00","caller":"stat/usage.go:82","content":"CPU: 0m, MEMORY: Alloc=2.9Mi, TotalAlloc=8.4Mi, Sys=19.1Mi, NumGC=41","level":"stat"}
{"@timestamp":"2026-02-09T10:25:41.947+05:00","caller":"load/sheddingstat.go:61","content":"(api) shedding_stat [1m], cpu: 0, total: 0, pass: 0, drop: 0","level":"stat"}
{"@timestamp":"2026-02-09T10:26:02.177+05:00","caller":"stat/metrics.go:210","content":"(growthapi) - qps: 0.0/s, drops: 0, avg time: 0.0ms, med: 0.0ms, 90th: 0.0ms, 99th: 0.0ms, 99.9th: 0.0ms","level":"stat"}
{"@timestamp":"2026-02-09T10:26:41.941+05:00","caller":"stat/usage.go:82","content":"CPU: 0m, MEMORY: Alloc=2.9Mi, TotalAlloc=8.4Mi, Sys=19.1Mi, NumGC=41","level":"stat"}
{"@timestamp":"2026-02-09T10:26:41.948+05:00","caller":"load/sheddingstat.go:61","content":"(api) shedding_stat [1m], cpu: 0, total: 0, pass: 0, drop: 0","level":"stat"}
{"@timestamp":"2026-02-09T10:27:02.177+05:00","caller":"stat/metrics.go:210","content":"(growthapi) - qps: 0.0/s, drops: 0, avg time: 0.0ms, med: 0.0ms, 90th: 0.0ms, 99th: 0.0ms, 99.9th: 0.0ms","level":"stat"}
{"@timestamp":"2026-02-09T10:27:41.941+05:00","caller":"stat/usage.go:82","content":"CPU: 0m, MEMORY: Alloc=2.9Mi, TotalAlloc=8.4Mi, Sys=19.1Mi, NumGC=42","level":"stat"}
{"@timestamp":"2026-02-09T10:27:41.947+05:00","caller":"load/sheddingstat.go:61","content":"(api) shedding_stat [1m], cpu: 0, total: 0, pass: 0, drop: 0","level":"stat"}
{"@timestamp":"2026-02-09T10:28:02.177+05:00","caller":"stat/metrics.go:210","content":"(growthapi) - qps: 0.0/s, drops: 0, avg time: 0.0ms, med: 0.0ms, 90th: 0.0ms, 99th: 0.0ms, 99.9th: 0.0ms","level":"stat"}
{"@timestamp":"2026-02-09T10:28:41.941+05:00","caller":"stat/usage.go:82","content":"CPU: 0m, MEMORY: Alloc=2.9Mi, TotalAlloc=8.4Mi, Sys=19.1Mi, NumGC=42","level":"stat"}
{"@timestamp":"2026-02-09T10:28:41.947+05:00","caller":"load/sheddingstat.go:61","content":"(api) shedding_stat [1m], cpu: 0, total: 0, pass: 0, drop: 0","level":"stat"}
{"@timestamp":"2026-02-09T10:29:02.176+05:00","caller":"stat/metrics.go:210","content":"(growthapi) - qps: 0.0/s, drops: 0, avg time: 0.0ms, med: 0.0ms, 90th: 0.0ms, 99th: 0.0ms, 99.9th: 0.0ms","level":"stat"}
{"@timestamp":"2026-02-09T10:29:41.941+05:00","caller":"stat/usage.go:82","content":"CPU: 0m, MEMORY: Alloc=2.9Mi, TotalAlloc=8.4Mi, Sys=19.1Mi, NumGC=43","level":"stat"}
{"@timestamp":"2026-02-09T10:29:41.947+05:00","caller":"load/sheddingstat.go:61","content":"(api) shedding_stat [1m], cpu: 0, total: 0, pass: 0, drop: 0","level":"stat"}
{"@timestamp":"2026-02-09T10:30:02.176+05:00","caller":"stat/metrics.go:210","content":"(growthapi) - qps: 0.0/s, drops: 0, avg time: 0.0ms, med: 0.0ms, 90th: 0.0ms, 99th: 0.0ms, 99.9th: 0.0ms","level":"stat"}
{"@timestamp":"2026-02-09T10:30:41.941+05:00","caller":"stat/usage.go:82","content":"CPU: 0m, MEMORY: Alloc=2.9Mi, TotalAlloc=8.4Mi, Sys=19.1Mi, NumGC=43","level":"stat"}
{"@timestamp":"2026-02-09T10:30:41.947+05:00","caller":"load/sheddingstat.go:61","content":"(api) shedding_stat [1m], cpu: 0, total: 0, pass: 0, drop: 0","level":"stat"}
{"@timestamp":"2026-02-09T10:31:02.177+05:00","caller":"stat/metrics.go:210","content":"(growthapi) - qps: 0.0/s, drops: 0, avg time: 0.0ms, med: 0.0ms, 90th: 0.0ms, 99th: 0.0ms, 99.9th: 0.0ms","level":"stat"}
{"@timestamp":"2026-02-09T10:31:41.942+05:00","caller":"stat/usage.go:82","content":"CPU: 0m, MEMORY: Alloc=2.9Mi, TotalAlloc=8.5Mi, Sys=19.1Mi, NumGC=44","level":"stat"}
{"@timestamp":"2026-02-09T10:31:41.947+05:00","caller":"load/sheddingstat.go:61","content":"(api) shedding_stat [1m], cpu: 0, total: 0, pass: 0, drop: 0","level":"stat"}
{"@timestamp":"2026-02-09T10:32:02.177+05:00","caller":"stat/metrics.go:210","content":"(growthapi) - qps: 0.0/s, drops: 0, avg time: 0.0ms, med: 0.0ms, 90th: 0.0ms, 99th: 0.0ms, 99.9th: 0.0ms","level":"stat"}
{"@timestamp":"2026-02-09T10:32:41.942+05:00","caller":"stat/usage.go:82","content":"CPU: 0m, MEMORY: Alloc=2.9Mi, TotalAlloc=8.5Mi, Sys=19.1Mi, NumGC=44","level":"stat"}
{"@timestamp":"2026-02-09T10:32:41.948+05:00","caller":"load/sheddingstat.go:61","content":"(api) shedding_stat [1m], cpu: 0, total: 0, pass: 0, drop: 0","level":"stat"}
{"@timestamp":"2026-02-09T10:33:02.176+05:00","caller":"stat/metrics.go:210","content":"(growthapi) - qps: 0.0/s, drops: 0, avg time: 0.0ms, med: 0.0ms, 90th: 0.0ms, 99th: 0.0ms, 99.9th: 0.0ms","level":"stat"}
{"@timestamp":"2026-02-09T10:33:41.941+05:00","caller":"stat/usage.go:82","content":"CPU: 0m, MEMORY: Alloc=2.9Mi, TotalAlloc=8.5Mi, Sys=19.1Mi, NumGC=45","level":"stat"}
{"@timestamp":"2026-02-09T10:33:41.947+05:00","caller":"load/sheddingstat.go:61","content":"(api) shedding_stat [1m], cpu: 0, total: 0, pass: 0, drop: 0","level":"stat"}
{"@timestamp":"2026-02-09T10:34:02.176+05:00","caller":"stat/metrics.go:210","content":"(growthapi) - qps: 0.0/s, drops: 0, avg time: 0.0ms, med: 0.0ms, 90th: 0.0ms, 99th: 0.0ms, 99.9th: 0.0ms","level":"stat"}
{"@timestamp":"2026-02-09T10:34:41.941+05:00","caller":"stat/usage.go:82","content":"CPU: 0m, MEMORY: Alloc=2.9Mi, TotalAlloc=8.5Mi, Sys=19.1Mi, NumGC=45","level":"stat"}
{"@timestamp":"2026-02-09T10:34:41.947+05:00","caller":"load/sheddingstat.go:61","content":"(api) shedding_stat [1m], cpu: 0, total: 0, pass: 0, drop: 0","level":"stat"}
{"@timestamp":"2026-02-09T10:35:02.177+05:00","caller":"stat/metrics.go:210","content":"(growthapi) - qps: 0.0/s, drops: 0, avg time: 0.0ms, med: 0.0ms, 90th: 0.0ms, 99th: 0.0ms, 99.9th: 0.0ms","level":"stat"}
{"@timestamp":"2026-02-09T10:35:41.941+05:00","caller":"stat/usage.go:82","content":"CPU: 0m, MEMORY: Alloc=2.9Mi, TotalAlloc=8.6Mi, Sys=19.1Mi, NumGC=46","level":"stat"}
{"@timestamp":"2026-02-09T10:35:41.946+05:00","caller":"load/sheddingstat.go:61","content":"(api) shedding_stat [1m], cpu: 0, total: 0, pass: 0, drop: 0","level":"stat"}
{"@timestamp":"2026-02-09T10:36:02.177+05:00","caller":"stat/metrics.go:210","content":"(growthapi) - qps: 0.0/s, drops: 0, avg time: 0.0ms, med: 0.0ms, 90th: 0.0ms, 99th: 0.0ms, 99.9th: 0.0ms","level":"stat"}
{"@timestamp":"2026-02-09T10:36:41.940+05:00","caller":"stat/usage.go:82","content":"CPU: 0m, MEMORY: Alloc=2.9Mi, TotalAlloc=8.6Mi, Sys=19.1Mi, NumGC=46","level":"stat"}
{"@timestamp":"2026-02-09T10:36:41.947+05:00","caller":"load/sheddingstat.go:61","content":"(api) shedding_stat [1m], cpu: 0, total: 0, pass: 0, drop: 0","level":"stat"}
{"@timestamp":"2026-02-09T10:37:02.175+05:00","caller":"stat/metrics.go:210","content":"(growthapi) - qps: 0.0/s, drops: 0, avg time: 0.0ms, med: 0.0ms, 90th: 0.0ms, 99th: 0.0ms, 99.9th: 0.0ms","level":"stat"}
{"@timestamp":"2026-02-09T10:37:41.940+05:00","caller":"stat/usage.go:82","content":"CPU: 0m, MEMORY: Alloc=2.9Mi, TotalAlloc=8.6Mi, Sys=19.1Mi, NumGC=47","level":"stat"}
{"@timestamp":"2026-02-09T10:37:41.946+05:00","caller":"load/sheddingstat.go:61","content":"(api) shedding_stat [1m], cpu: 0, total: 0, pass: 0, drop: 0","level":"stat"}
{"@timestamp":"2026-02-09T10:38:02.175+05:00","caller":"stat/metrics.go:210","content":"(growthapi) - qps: 0.0/s, drops: 0, avg time: 0.0ms, med: 0.0ms, 90th: 0.0ms, 99th: 0.0ms, 99.9th: 0.0ms","level":"stat"}
{"@timestamp":"2026-02-09T10:38:41.940+05:00","caller":"stat/usage.go:82","content":"CPU: 0m, MEMORY: Alloc=2.9Mi, TotalAlloc=8.6Mi, Sys=19.1Mi, NumGC=47","level":"stat"}
{"@timestamp":"2026-02-09T10:38:41.946+05:00","caller":"load/sheddingstat.go:61","content":"(api) shedding_stat [1m], cpu: 0, total: 0, pass: 0, drop: 0","level":"stat"}
{"@timestamp":"2026-02-09T10:39:02.175+05:00","caller":"stat/metrics.go:210","content":"(growthapi) - qps: 0.0/s, drops: 0, avg time: 0.0ms, med: 0.0ms, 90th: 0.0ms, 99th: 0.0ms, 99.9th: 0.0ms","level":"stat"}
{"@timestamp":"2026-02-09T10:39:41.940+05:00","caller":"stat/usage.go:82","content":"CPU: 0m, MEMORY: Alloc=2.9Mi, TotalAlloc=8.6Mi, Sys=19.1Mi, NumGC=48","level":"stat"}
{"@timestamp":"2026-02-09T10:39:41.946+05:00","caller":"load/sheddingstat.go:61","content":"(api) shedding_stat [1m], cpu: 0, total: 0, pass: 0, drop: 0","level":"stat"}
{"@timestamp":"2026-02-09T10:40:02.175+05:00","caller":"stat/metrics.go:210","content":"(growthapi) - qps: 0.0/s, drops: 0, avg time: 0.0ms, med: 0.0ms, 90th: 0.0ms, 99th: 0.0ms, 99.9th: 0.0ms","level":"stat"}
{"@timestamp":"2026-02-09T10:40:41.938+05:00","caller":"stat/usage.go:82","content":"CPU: 0m, MEMORY: Alloc=2.9Mi, TotalAlloc=8.6Mi, Sys=19.1Mi, NumGC=48","level":"stat"}
{"@timestamp":"2026-02-09T10:40:41.945+05:00","caller":"load/sheddingstat.go:61","content":"(api) shedding_stat [1m], cpu: 0, total: 0, pass: 0, drop: 0","level":"stat"}
{"@timestamp":"2026-02-09T10:41:02.174+05:00","caller":"stat/metrics.go:210","content":"(growthapi) - qps: 0.0/s, drops: 0, avg time: 0.0ms, med: 0.0ms, 90th: 0.0ms, 99th: 0.0ms, 99.9th: 0.0ms","level":"stat"}
{"@timestamp":"2026-02-09T10:41:41.938+05:00","caller":"stat/usage.go:82","content":"CPU: 0m, MEMORY: Alloc=2.9Mi, TotalAlloc=8.7Mi, Sys=19.1Mi, NumGC=49","level":"stat"}
{"@timestamp":"2026-02-09T10:41:41.944+05:00","caller":"load/sheddingstat.go:61","content":"(api) shedding_stat [1m], cpu: 0, total: 0, pass: 0, drop: 0","level":"stat"}
{"@timestamp":"2026-02-09T10:42:02.173+05:00","caller":"stat/metrics.go:210","content":"(growthapi) - qps: 0.0/s, drops: 0, avg time: 0.0ms, med: 0.0ms, 90th: 0.0ms, 99th: 0.0ms, 99.9th: 0.0ms","level":"stat"}
{"@timestamp":"2026-02-09T10:42:41.938+05:00","caller":"stat/usage.go:82","content":"CPU: 0m, MEMORY: Alloc=2.9Mi, TotalAlloc=8.7Mi, Sys=19.1Mi, NumGC=49","level":"stat"}
{"@timestamp":"2026-02-09T10:42:41.944+05:00","caller":"load/sheddingstat.go:61","content":"(api) shedding_stat [1m], cpu: 0, total: 0, pass: 0, drop: 0","level":"stat"}
{"@timestamp":"2026-02-09T10:43:02.174+05:00","caller":"stat/metrics.go:210","content":"(growthapi) - qps: 0.0/s, drops: 0, avg time: 0.0ms, med: 0.0ms, 90th: 0.0ms, 99th: 0.0ms, 99.9th: 0.0ms","level":"stat"}
{"@timestamp":"2026-02-09T10:43:41.938+05:00","caller":"stat/usage.go:82","content":"CPU: 0m, MEMORY: Alloc=2.9Mi, TotalAlloc=8.7Mi, Sys=19.1Mi, NumGC=50","level":"stat"}
{"@timestamp":"2026-02-09T10:43:41.944+05:00","caller":"load/sheddingstat.go:61","content":"(api) shedding_stat [1m], cpu: 0, total: 0, pass: 0, drop: 0","level":"stat"}
{"@timestamp":"2026-02-09T10:44:02.173+05:00","caller":"stat/metrics.go:210","content":"(growthapi) - qps: 0.0/s, drops: 0, avg time: 0.0ms, med: 0.0ms, 90th: 0.0ms, 99th: 0.0ms, 99.9th: 0.0ms","level":"stat"}
{"@timestamp":"2026-02-09T10:44:41.938+05:00","caller":"stat/usage.go:82","content":"CPU: 0m, MEMORY: Alloc=2.9Mi, TotalAlloc=8.7Mi, Sys=19.1Mi, NumGC=50","level":"stat"}
{"@timestamp":"2026-02-09T10:44:41.944+05:00","caller":"load/sheddingstat.go:61","content":"(api) shedding_stat [1m], cpu: 0, total: 0, pass: 0, drop: 0","level":"stat"}
{"@timestamp":"2026-02-09T10:45:02.174+05:00","caller":"stat/metrics.go:210","content":"(growthapi) - qps: 0.0/s, drops: 0, avg time: 0.0ms, med: 0.0ms, 90th: 0.0ms, 99th: 0.0ms, 99.9th: 0.0ms","level":"stat"}
{"@timestamp":"2026-02-09T10:45:41.938+05:00","caller":"stat/usage.go:82","content":"CPU: 0m, MEMORY: Alloc=2.9Mi, TotalAlloc=8.8Mi, Sys=19.1Mi, NumGC=51","level":"stat"}
{"@timestamp":"2026-02-09T10:45:41.944+05:00","caller":"load/sheddingstat.go:61","content":"(api) shedding_stat [1m], cpu: 0, total: 0, pass: 0, drop: 0","level":"stat"}
{"@timestamp":"2026-02-09T10:46:02.172+05:00","caller":"stat/metrics.go:210","content":"(growthapi) - qps: 0.0/s, drops: 0, avg time: 0.0ms, med: 0.0ms, 90th: 0.0ms, 99th: 0.0ms, 99.9th: 0.0ms","level":"stat"}
{"@timestamp":"2026-02-09T10:46:41.937+05:00","caller":"stat/usage.go:82","content":"CPU: 0m, MEMORY: Alloc=2.9Mi, TotalAlloc=8.8Mi, Sys=19.1Mi, NumGC=51","level":"stat"}
{"@timestamp":"2026-02-09T10:46:41.944+05:00","caller":"load/sheddingstat.go:61","content":"(api) shedding_stat [1m], cpu: 0, total: 0, pass: 0, drop: 0","level":"stat"}
{"@timestamp":"2026-02-09T10:47:02.172+05:00","caller":"stat/metrics.go:210","content":"(growthapi) - qps: 0.0/s, drops: 0, avg time: 0.0ms, med: 0.0ms, 90th: 0.0ms, 99th: 0.0ms, 99.9th: 0.0ms","level":"stat"}
{"@timestamp":"2026-02-09T10:47:41.937+05:00","caller":"stat/usage.go:82","content":"CPU: 0m, MEMORY: Alloc=2.9Mi, TotalAlloc=8.8Mi, Sys=19.1Mi, NumGC=52","level":"stat"}
{"@timestamp":"2026-02-09T10:47:41.944+05:00","caller":"load/sheddingstat.go:61","content":"(api) shedding_stat [1m], cpu: 0, total: 0, pass: 0, drop: 0","level":"stat"}
{"@timestamp":"2026-02-09T10:48:02.173+05:00","caller":"stat/metrics.go:210","content":"(growthapi) - qps: 0.0/s, drops: 0, avg time: 0.0ms, med: 0.0ms, 90th: 0.0ms, 99th: 0.0ms, 99.9th: 0.0ms","level":"stat"}
{"@timestamp":"2026-02-09T10:48:41.937+05:00","caller":"stat/usage.go:82","content":"CPU: 0m, MEMORY: Alloc=2.9Mi, TotalAlloc=8.8Mi, Sys=19.1Mi, NumGC=52","level":"stat"}
{"@timestamp":"2026-02-09T10:48:41.943+05:00","caller":"load/sheddingstat.go:61","content":"(api) shedding_stat [1m], cpu: 0, total: 0, pass: 0, drop: 0","level":"stat"}
{"@timestamp":"2026-02-09T10:49:02.172+05:00","caller":"stat/metrics.go:210","content":"(growthapi) - qps: 0.0/s, drops: 0, avg time: 0.0ms, med: 0.0ms, 90th: 0.0ms, 99th: 0.0ms, 99.9th: 0.0ms","level":"stat"}
{"@timestamp":"2026-02-09T10:49:41.937+05:00","caller":"stat/usage.go:82","content":"CPU: 0m, MEMORY: Alloc=2.9Mi, TotalAlloc=8.8Mi, Sys=19.1Mi, NumGC=53","level":"stat"}
{"@timestamp":"2026-02-09T10:49:41.943+05:00","caller":"load/sheddingstat.go:61","content":"(api) shedding_stat [1m], cpu: 0, total: 0, pass: 0, drop: 0","level":"stat"}
{"@timestamp":"2026-02-09T10:50:02.172+05:00","caller":"stat/metrics.go:210","content":"(growthapi) - qps: 0.0/s, drops: 0, avg time: 0.0ms, med: 0.0ms, 90th: 0.0ms, 99th: 0.0ms, 99.9th: 0.0ms","level":"stat"}
{"@timestamp":"2026-02-09T10:50:41.937+05:00","caller":"stat/usage.go:82","content":"CPU: 0m, MEMORY: Alloc=2.9Mi, TotalAlloc=8.8Mi, Sys=19.1Mi, NumGC=53","level":"stat"}
{"@timestamp":"2026-02-09T10:50:41.943+05:00","caller":"load/sheddingstat.go:61","content":"(api) shedding_stat [1m], cpu: 0, total: 0, pass: 0, drop: 0","level":"stat"}
{"@timestamp":"2026-02-09T10:51:02.172+05:00","caller":"stat/metrics.go:210","content":"(growthapi) - qps: 0.0/s, drops: 0, avg time: 0.0ms, med: 0.0ms, 90th: 0.0ms, 99th: 0.0ms, 99.9th: 0.0ms","level":"stat"}
{"@timestamp":"2026-02-09T10:51:41.937+05:00","caller":"stat/usage.go:82","content":"CPU: 0m, MEMORY: Alloc=2.9Mi, TotalAlloc=8.9Mi, Sys=19.1Mi, NumGC=54","level":"stat"}
{"@timestamp":"2026-02-09T10:51:41.943+05:00","caller":"load/sheddingstat.go:61","content":"(api) shedding_stat [1m], cpu: 0, total: 0, pass: 0, drop: 0","level":"stat"}
{"@timestamp":"2026-02-09T10:52:02.172+05:00","caller":"stat/metrics.go:210","content":"(growthapi) - qps: 0.0/s, drops: 0, avg time: 0.0ms, med: 0.0ms, 90th: 0.0ms, 99th: 0.0ms, 99.9th: 0.0ms","level":"stat"}
{"@timestamp":"2026-02-09T10:52:41.936+05:00","caller":"stat/usage.go:82","content":"CPU: 0m, MEMORY: Alloc=2.9Mi, TotalAlloc=8.9Mi, Sys=19.1Mi, NumGC=54","level":"stat"}
{"@timestamp":"2026-02-09T10:52:41.943+05:00","caller":"load/sheddingstat.go:61","content":"(api) shedding_stat [1m], cpu: 0, total: 0, pass: 0, drop: 0","level":"stat"}
{"@timestamp":"2026-02-09T10:53:02.172+05:00","caller":"stat/metrics.go:210","content":"(growthapi) - qps: 0.0/s, drops: 0, avg time: 0.0ms, med: 0.0ms, 90th: 0.0ms, 99th: 0.0ms, 99.9th: 0.0ms","level":"stat"}
{"@timestamp":"2026-02-09T10:53:41.936+05:00","caller":"stat/usage.go:82","content":"CPU: 0m, MEMORY: Alloc=2.9Mi, TotalAlloc=8.9Mi, Sys=19.1Mi, NumGC=55","level":"stat"}
{"@timestamp":"2026-02-09T10:53:41.943+05:00","caller":"load/sheddingstat.go:61","content":"(api) shedding_stat [1m], cpu: 0, total: 0, pass: 0, drop: 0","level":"stat"}
{"@timestamp":"2026-02-09T10:54:02.171+05:00","caller":"stat/metrics.go:210","content":"(growthapi) - qps: 0.0/s, drops: 0, avg time: 0.0ms, med: 0.0ms, 90th: 0.0ms, 99th: 0.0ms, 99.9th: 0.0ms","level":"stat"}
{"@timestamp":"2026-02-09T10:54:41.936+05:00","caller":"stat/usage.go:82","content":"CPU: 0m, MEMORY: Alloc=2.9Mi, TotalAlloc=8.9Mi, Sys=19.1Mi, NumGC=55","level":"stat"}
{"@timestamp":"2026-02-09T10:54:41.943+05:00","caller":"load/sheddingstat.go:61","content":"(api) shedding_stat [1m], cpu: 0, total: 0, pass: 0, drop: 0","level":"stat"}
{"@timestamp":"2026-02-09T10:55:02.172+05:00","caller":"stat/metrics.go:210","content":"(growthapi) - qps: 0.0/s, drops: 0, avg time: 0.0ms, med: 0.0ms, 90th: 0.0ms, 99th: 0.0ms, 99.9th: 0.0ms","level":"stat"}
{"@timestamp":"2026-02-09T10:55:41.936+05:00","caller":"stat/usage.go:82","content":"CPU: 0m, MEMORY: Alloc=2.9Mi, TotalAlloc=8.9Mi, Sys=19.1Mi, NumGC=56","level":"stat"}
{"@timestamp":"2026-02-09T10:55:41.942+05:00","caller":"load/sheddingstat.go:61","content":"(api) shedding_stat [1m], cpu: 0, total: 0, pass: 0, drop: 0","level":"stat"}
{"@timestamp":"2026-02-09T10:56:02.171+05:00","caller":"stat/metrics.go:210","content":"(growthapi) - qps: 0.0/s, drops: 0, avg time: 0.0ms, med: 0.0ms, 90th: 0.0ms, 99th: 0.0ms, 99.9th: 0.0ms","level":"stat"}
{"@timestamp":"2026-02-09T10:56:41.936+05:00","caller":"stat/usage.go:82","content":"CPU: 0m, MEMORY: Alloc=2.9Mi, TotalAlloc=8.9Mi, Sys=19.1Mi, NumGC=56","level":"stat"}
{"@timestamp":"2026-02-09T10:56:41.943+05:00","caller":"load/sheddingstat.go:61","content":"(api) shedding_stat [1m], cpu: 0, total: 0, pass: 0, drop: 0","level":"stat"}
{"@timestamp":"2026-02-09T10:57:02.172+05:00","caller":"stat/metrics.go:210","content":"(growthapi) - qps: 0.0/s, drops: 0, avg time: 0.0ms, med: 0.0ms, 90th: 0.0ms, 99th: 0.0ms, 99.9th: 0.0ms","level":"stat"}
{"@timestamp":"2026-02-09T10:57:41.936+05:00","caller":"stat/usage.go:82","content":"CPU: 0m, MEMORY: Alloc=2.9Mi, TotalAlloc=9.0Mi, Sys=19.1Mi, NumGC=57","level":"stat"}
{"@timestamp":"2026-02-09T10:57:41.943+05:00","caller":"load/sheddingstat.go:61","content":"(api) shedding_stat [1m], cpu: 0, total: 0, pass: 0, drop: 0","level":"stat"}
{"@timestamp":"2026-02-09T10:58:02.173+05:00","caller":"stat/metrics.go:210","content":"(growthapi) - qps: 0.0/s, drops: 0, avg time: 0.0ms, med: 0.0ms, 90th: 0.0ms, 99th: 0.0ms, 99.9th: 0.0ms","level":"stat"}
{"@timestamp":"2026-02-09T10:58:41.937+05:00","caller":"stat/usage.go:82","content":"CPU: 0m, MEMORY: Alloc=2.9Mi, TotalAlloc=9.0Mi, Sys=19.1Mi, NumGC=57","level":"stat"}
{"@timestamp":"2026-02-09T10:58:41.943+05:00","caller":"load/sheddingstat.go:61","content":"(api) shedding_stat [1m], cpu: 0, total: 0, pass: 0, drop: 0","level":"stat"}
{"@timestamp":"2026-02-09T10:59:02.172+05:00","caller":"stat/metrics.go:210","content":"(growthapi) - qps: 0.0/s, drops: 0, avg time: 0.0ms, med: 0.0ms, 90th: 0.0ms, 99th: 0.0ms, 99.9th: 0.0ms","level":"stat"}
{"@timestamp":"2026-02-09T10:59:41.937+05:00","caller":"stat/usage.go:82","content":"CPU: 0m, MEMORY: Alloc=2.9Mi, TotalAlloc=9.0Mi, Sys=19.1Mi, NumGC=58","level":"stat"}
{"@timestamp":"2026-02-09T10:59:41.943+05:00","caller":"load/sheddingstat.go:61","content":"(api) shedding_stat [1m], cpu: 0, total: 0, pass: 0, drop: 0","level":"stat"}
{"@timestamp":"2026-02-09T11:00:02.172+05:00","caller":"stat/metrics.go:210","content":"(growthapi) - qps: 0.0/s, drops: 0, avg time: 0.0ms, med: 0.0ms, 90th: 0.0ms, 99th: 0.0ms, 99.9th: 0.0ms","level":"stat"}
{"@timestamp":"2026-02-09T11:00:41.936+05:00","caller":"stat/usage.go:82","content":"CPU: 0m, MEMORY: Alloc=2.9Mi, TotalAlloc=9.0Mi, Sys=19.1Mi, NumGC=58","level":"stat"}
{"@timestamp":"2026-02-09T11:00:41.943+05:00","caller":"load/sheddingstat.go:61","content":"(api) shedding_stat [1m], cpu: 0, total: 0, pass: 0, drop: 0","level":"stat"}
{"@timestamp":"2026-02-09T11:01:02.172+05:00","caller":"stat/metrics.go:210","content":"(growthapi) - qps: 0.0/s, drops: 0, avg time: 0.0ms, med: 0.0ms, 90th: 0.0ms, 99th: 0.0ms, 99.9th: 0.0ms","level":"stat"}
{"@timestamp":"2026-02-09T11:01:41.936+05:00","caller":"stat/usage.go:82","content":"CPU: 0m, MEMORY: Alloc=2.9Mi, TotalAlloc=9.1Mi, Sys=19.1Mi, NumGC=59","level":"stat"}
{"@timestamp":"2026-02-09T11:01:41.943+05:00","caller":"load/sheddingstat.go:61","content":"(api) shedding_stat [1m], cpu: 0, total: 0, pass: 0, drop: 0","level":"stat"}
{"@timestamp":"2026-02-09T11:02:02.172+05:00","caller":"stat/metrics.go:210","content":"(growthapi) - qps: 0.0/s, drops: 0, avg time: 0.0ms, med: 0.0ms, 90th: 0.0ms, 99th: 0.0ms, 99.9th: 0.0ms","level":"stat"}
{"@timestamp":"2026-02-09T11:02:41.936+05:00","caller":"stat/usage.go:82","content":"CPU: 0m, MEMORY: Alloc=2.9Mi, TotalAlloc=9.1Mi, Sys=19.1Mi, NumGC=59","level":"stat"}
{"@timestamp":"2026-02-09T11:02:41.942+05:00","caller":"load/sheddingstat.go:61","content":"(api) shedding_stat [1m], cpu: 0, total: 0, pass: 0, drop: 0","level":"stat"}
{"@timestamp":"2026-02-09T11:03:02.172+05:00","caller":"stat/metrics.go:210","content":"(growthapi) - qps: 0.0/s, drops: 0, avg time: 0.0ms, med: 0.0ms, 90th: 0.0ms, 99th: 0.0ms, 99.9th: 0.0ms","level":"stat"}
{"@timestamp":"2026-02-09T11:03:41.936+05:00","caller":"stat/usage.go:82","content":"CPU: 0m, MEMORY: Alloc=2.9Mi, TotalAlloc=9.1Mi, Sys=19.1Mi, NumGC=60","level":"stat"}
{"@timestamp":"2026-02-09T11:03:41.943+05:00","caller":"load/sheddingstat.go:61","content":"(api) shedding_stat [1m], cpu: 0, total: 0, pass: 0, drop: 0","level":"stat"}
{"@timestamp":"2026-02-09T11:04:02.171+05:00","caller":"stat/metrics.go:210","content":"(growthapi) - qps: 0.0/s, drops: 0, avg time: 0.0ms, med: 0.0ms, 90th: 0.0ms, 99th: 0.0ms, 99.9th: 0.0ms","level":"stat"}
{"@timestamp":"2026-02-09T11:04:41.935+05:00","caller":"stat/usage.go:82","content":"CPU: 0m, MEMORY: Alloc=2.9Mi, TotalAlloc=9.1Mi, Sys=19.1Mi, NumGC=60","level":"stat"}
{"@timestamp":"2026-02-09T11:04:41.943+05:00","caller":"load/sheddingstat.go:61","content":"(api) shedding_stat [1m], cpu: 0, total: 0, pass: 0, drop: 0","level":"stat"}
{"@timestamp":"2026-02-09T11:05:02.171+05:00","caller":"stat/metrics.go:210","content":"(growthapi) - qps: 0.0/s, drops: 0, avg time: 0.0ms, med: 0.0ms, 90th: 0.0ms, 99th: 0.0ms, 99.9th: 0.0ms","level":"stat"}
{"@timestamp":"2026-02-09T11:05:41.935+05:00","caller":"stat/usage.go:82","content":"CPU: 0m, MEMORY: Alloc=2.9Mi, TotalAlloc=9.1Mi, Sys=19.1Mi, NumGC=61","level":"stat"}
{"@timestamp":"2026-02-09T11:05:41.942+05:00","caller":"load/sheddingstat.go:61","content":"(api) shedding_stat [1m], cpu: 0, total: 0, pass: 0, drop: 0","level":"stat"}
{"@timestamp":"2026-02-09T11:06:02.171+05:00","caller":"stat/metrics.go:210","content":"(growthapi) - qps: 0.0/s, drops: 0, avg time: 0.0ms, med: 0.0ms, 90th: 0.0ms, 99th: 0.0ms, 99.9th: 0.0ms","level":"stat"}
{"@timestamp":"2026-02-09T11:06:41.935+05:00","caller":"stat/usage.go:82","content":"CPU: 0m, MEMORY: Alloc=2.9Mi, TotalAlloc=9.1Mi, Sys=19.1Mi, NumGC=61","level":"stat"}
{"@timestamp":"2026-02-09T11:06:41.942+05:00","caller":"load/sheddingstat.go:61","content":"(api) shedding_stat [1m], cpu: 0, total: 0, pass: 0, drop: 0","level":"stat"}
{"@timestamp":"2026-02-09T11:07:02.171+05:00","caller":"stat/metrics.go:210","content":"(growthapi) - qps: 0.0/s, drops: 0, avg time: 0.0ms, med: 0.0ms, 90th: 0.0ms, 99th: 0.0ms, 99.9th: 0.0ms","level":"stat"}
{"@timestamp":"2026-02-09T11:07:41.935+05:00","caller":"stat/usage.go:82","content":"CPU: 0m, MEMORY: Alloc=2.9Mi, TotalAlloc=9.2Mi, Sys=19.1Mi, NumGC=62","level":"stat"}
{"@timestamp":"2026-02-09T11:07:41.942+05:00","caller":"load/sheddingstat.go:61","content":"(api) shedding_stat [1m], cpu: 0, total: 0, pass: 0, drop: 0","level":"stat"}
{"@timestamp":"2026-02-09T11:08:02.170+05:00","caller":"stat/metrics.go:210","content":"(growthapi) - qps: 0.0/s, drops: 0, avg time: 0.0ms, med: 0.0ms, 90th: 0.0ms, 99th: 0.0ms, 99.9th: 0.0ms","level":"stat"}
{"@timestamp":"2026-02-09T11:08:41.935+05:00","caller":"stat/usage.go:82","content":"CPU: 0m, MEMORY: Alloc=2.9Mi, TotalAlloc=9.2Mi, Sys=19.1Mi, NumGC=62","level":"stat"}
{"@timestamp":"2026-02-09T11:08:41.942+05:00","caller":"load/sheddingstat.go:61","content":"(api) shedding_stat [1m], cpu: 0, total: 0, pass: 0, drop: 0","level":"stat"}
{"@timestamp":"2026-02-09T11:09:02.171+05:00","caller":"stat/metrics.go:210","content":"(growthapi) - qps: 0.0/s, drops: 0, avg time: 0.0ms, med: 0.0ms, 90th: 0.0ms, 99th: 0.0ms, 99.9th: 0.0ms","level":"stat"}
{"@timestamp":"2026-02-09T11:09:41.935+05:00","caller":"stat/usage.go:82","content":"CPU: 0m, MEMORY: Alloc=2.9Mi, TotalAlloc=9.2Mi, Sys=19.1Mi, NumGC=63","level":"stat"}
{"@timestamp":"2026-02-09T11:09:41.942+05:00","caller":"load/sheddingstat.go:61","content":"(api) shedding_stat [1m], cpu: 0, total: 0, pass: 0, drop: 0","level":"stat"}
{"@timestamp":"2026-02-09T11:10:02.171+05:00","caller":"stat/metrics.go:210","content":"(growthapi) - qps: 0.0/s, drops: 0, avg time: 0.0ms, med: 0.0ms, 90th: 0.0ms, 99th: 0.0ms, 99.9th: 0.0ms","level":"stat"}
{"@timestamp":"2026-02-09T11:10:41.935+05:00","caller":"stat/usage.go:82","content":"CPU: 0m, MEMORY: Alloc=2.9Mi, TotalAlloc=9.2Mi, Sys=19.1Mi, NumGC=63","level":"stat"}
{"@timestamp":"2026-02-09T11:10:41.942+05:00","caller":"load/sheddingstat.go:61","content":"(api) shedding_stat [1m], cpu: 0, total: 0, pass: 0, drop: 0","level":"stat"}
{"@timestamp":"2026-02-09T11:11:02.171+05:00","caller":"stat/metrics.go:210","content":"(growthapi) - qps: 0.0/s, drops: 0, avg time: 0.0ms, med: 0.0ms, 90th: 0.0ms, 99th: 0.0ms, 99.9th: 0.0ms","level":"stat"}
{"@timestamp":"2026-02-09T11:11:41.935+05:00","caller":"stat/usage.go:82","content":"CPU: 0m, MEMORY: Alloc=2.9Mi, TotalAlloc=9.3Mi, Sys=19.1Mi, NumGC=64","level":"stat"}
{"@timestamp":"2026-02-09T11:11:41.942+05:00","caller":"load/sheddingstat.go:61","content":"(api) shedding_stat [1m], cpu: 0, total: 0, pass: 0, drop: 0","level":"stat"}
{"@timestamp":"2026-02-09T11:12:02.170+05:00","caller":"stat/metrics.go:210","content":"(growthapi) - qps: 0.0/s, drops: 0, avg time: 0.0ms, med: 0.0ms, 90th: 0.0ms, 99th: 0.0ms, 99.9th: 0.0ms","level":"stat"}
{"@timestamp":"2026-02-09T11:12:41.937+05:00","caller":"stat/usage.go:82","content":"CPU: 0m, MEMORY: Alloc=2.9Mi, TotalAlloc=9.3Mi, Sys=19.1Mi, NumGC=64","level":"stat"}
{"@timestamp":"2026-02-09T11:12:41.943+05:00","caller":"load/sheddingstat.go:61","content":"(api) shedding_stat [1m], cpu: 0, total: 0, pass: 0, drop: 0","level":"stat"}
{"@timestamp":"2026-02-09T11:13:02.172+05:00","caller":"stat/metrics.go:210","content":"(growthapi) - qps: 0.0/s, drops: 0, avg time: 0.0ms, med: 0.0ms, 90th: 0.0ms, 99th: 0.0ms, 99.9th: 0.0ms","level":"stat"}
{"@timestamp":"2026-02-09T11:13:41.937+05:00","caller":"stat/usage.go:82","content":"CPU: 0m, MEMORY: Alloc=2.9Mi, TotalAlloc=9.3Mi, Sys=19.1Mi, NumGC=65","level":"stat"}
{"@timestamp":"2026-02-09T11:13:41.943+05:00","caller":"load/sheddingstat.go:61","content":"(api) shedding_stat [1m], cpu: 0, total: 0, pass: 0, drop: 0","level":"stat"}
{"@timestamp":"2026-02-09T11:14:02.171+05:00","caller":"stat/metrics.go:210","content":"(growthapi) - qps: 0.0/s, drops: 0, avg time: 0.0ms, med: 0.0ms, 90th: 0.0ms, 99th: 0.0ms, 99.9th: 0.0ms","level":"stat"}
{"@timestamp":"2026-02-09T11:14:41.936+05:00","caller":"stat/usage.go:82","content":"CPU: 0m, MEMORY: Alloc=2.9Mi, TotalAlloc=9.3Mi, Sys=19.1Mi, NumGC=65","level":"stat"}
{"@timestamp":"2026-02-09T11:14:41.943+05:00","caller":"load/sheddingstat.go:61","content":"(api) shedding_stat [1m], cpu: 0, total: 0, pass: 0, drop: 0","level":"stat"}
{"@timestamp":"2026-02-09T11:15:02.171+05:00","caller":"stat/metrics.go:210","content":"(growthapi) - qps: 0.0/s, drops: 0, avg time: 0.0ms, med: 0.0ms, 90th: 0.0ms, 99th: 0.0ms, 99.9th: 0.0ms","level":"stat"}
{"@timestamp":"2026-02-09T11:15:41.936+05:00","caller":"stat/usage.go:82","content":"CPU: 0m, MEMORY: Alloc=2.9Mi, TotalAlloc=9.3Mi, Sys=19.1Mi, NumGC=66","level":"stat"}
{"@timestamp":"2026-02-09T11:15:41.943+05:00","caller":"load/sheddingstat.go:61","content":"(api) shedding_stat [1m], cpu: 0, total: 0, pass: 0, drop: 0","level":"stat"}
{"@timestamp":"2026-02-09T11:16:02.172+05:00","caller":"stat/metrics.go:210","content":"(growthapi) - qps: 0.0/s, drops: 0, avg time: 0.0ms, med: 0.0ms, 90th: 0.0ms, 99th: 0.0ms, 99.9th: 0.0ms","level":"stat"}
{"@timestamp":"2026-02-09T11:16:41.936+05:00","caller":"stat/usage.go:82","content":"CPU: 0m, MEMORY: Alloc=2.9Mi, TotalAlloc=9.3Mi, Sys=19.1Mi, NumGC=66","level":"stat"}
{"@timestamp":"2026-02-09T11:16:41.943+05:00","caller":"load/sheddingstat.go:61","content":"(api) shedding_stat [1m], cpu: 0, total: 0, pass: 0, drop: 0","level":"stat"}
{"@timestamp":"2026-02-09T11:17:02.171+05:00","caller":"stat/metrics.go:210","content":"(growthapi) - qps: 0.0/s, drops: 0, avg time: 0.0ms, med: 0.0ms, 90th: 0.0ms, 99th: 0.0ms, 99.9th: 0.0ms","level":"stat"}
{"@timestamp":"2026-02-09T11:17:41.936+05:00","caller":"stat/usage.go:82","content":"CPU: 0m, MEMORY: Alloc=2.9Mi, TotalAlloc=9.4Mi, Sys=19.1Mi, NumGC=67","level":"stat"}
{"@timestamp":"2026-02-09T11:17:41.943+05:00","caller":"load/sheddingstat.go:61","content":"(api) shedding_stat [1m], cpu: 0, total: 0, pass: 0, drop: 0","level":"stat"}
{"@timestamp":"2026-02-09T11:18:02.172+05:00","caller":"stat/metrics.go:210","content":"(growthapi) - qps: 0.0/s, drops: 0, avg time: 0.0ms, med: 0.0ms, 90th: 0.0ms, 99th: 0.0ms, 99.9th: 0.0ms","level":"stat"}
{"@timestamp":"2026-02-09T11:18:41.936+05:00","caller":"stat/usage.go:82","content":"CPU: 0m, MEMORY: Alloc=2.9Mi, TotalAlloc=9.4Mi, Sys=19.1Mi, NumGC=67","level":"stat"}
{"@timestamp":"2026-02-09T11:18:41.943+05:00","caller":"load/sheddingstat.go:61","content":"(api) shedding_stat [1m], cpu: 0, total: 0, pass: 0, drop: 0","level":"stat"}
{"@timestamp":"2026-02-09T11:19:02.172+05:00","caller":"stat/metrics.go:210","content":"(growthapi) - qps: 0.0/s, drops: 0, avg time: 0.0ms, med: 0.0ms, 90th: 0.0ms, 99th: 0.0ms, 99.9th: 0.0ms","level":"stat"}
{"@timestamp":"2026-02-09T11:19:41.935+05:00","caller":"stat/usage.go:82","content":"CPU: 0m, MEMORY: Alloc=2.9Mi, TotalAlloc=9.4Mi, Sys=19.1Mi, NumGC=68","level":"stat"}
{"@timestamp":"2026-02-09T11:19:41.943+05:00","caller":"load/sheddingstat.go:61","content":"(api) shedding_stat [1m], cpu: 0, total: 0, pass: 0, drop: 0","level":"stat"}
{"@timestamp":"2026-02-09T11:20:02.171+05:00","caller":"stat/metrics.go:210","content":"(growthapi) - qps: 0.0/s, drops: 0, avg time: 0.0ms, med: 0.0ms, 90th: 0.0ms, 99th: 0.0ms, 99.9th: 0.0ms","level":"stat"}
{"@timestamp":"2026-02-09T11:20:41.936+05:00","caller":"stat/usage.go:82","content":"CPU: 0m, MEMORY: Alloc=2.9Mi, TotalAlloc=9.4Mi, Sys=19.1Mi, NumGC=68","level":"stat"}
{"@timestamp":"2026-02-09T11:20:41.942+05:00","caller":"load/sheddingstat.go:61","content":"(api) shedding_stat [1m], cpu: 0, total: 0, pass: 0, drop: 0","level":"stat"}
{"@timestamp":"2026-02-09T11:21:02.172+05:00","caller":"stat/metrics.go:210","content":"(growthapi) - qps: 0.0/s, drops: 0, avg time: 0.0ms, med: 0.0ms, 90th: 0.0ms, 99th: 0.0ms, 99.9th: 0.0ms","level":"stat"}
{"@timestamp":"2026-02-09T11:21:41.936+05:00","caller":"stat/usage.go:82","content":"CPU: 0m, MEMORY: Alloc=2.9Mi, TotalAlloc=9.5Mi, Sys=19.1Mi, NumGC=69","level":"stat"}
{"@timestamp":"2026-02-09T11:21:41.942+05:00","caller":"load/sheddingstat.go:61","content":"(api) shedding_stat [1m], cpu: 0, total: 0, pass: 0, drop: 0","level":"stat"}
{"@timestamp":"2026-02-09T11:22:02.171+05:00","caller":"stat/metrics.go:210","content":"(growthapi) - qps: 0.0/s, drops: 0, avg time: 0.0ms, med: 0.0ms, 90th: 0.0ms, 99th: 0.0ms, 99.9th: 0.0ms","level":"stat"}
{"@timestamp":"2026-02-09T11:22:41.936+05:00","caller":"stat/usage.go:82","content":"CPU: 0m, MEMORY: Alloc=2.9Mi, TotalAlloc=9.5Mi, Sys=19.1Mi, NumGC=69","level":"stat"}
{"@timestamp":"2026-02-09T11:22:41.942+05:00","caller":"load/sheddingstat.go:61","content":"(api) shedding_stat [1m], cpu: 0, total: 0, pass: 0, drop: 0","level":"stat"}
{"@timestamp":"2026-02-09T11:23:02.171+05:00","caller":"stat/metrics.go:210","content":"(growthapi) - qps: 0.0/s, drops: 0, avg time: 0.0ms, med: 0.0ms, 90th: 0.0ms, 99th: 0.0ms, 99.9th: 0.0ms","level":"stat"}
{"@timestamp":"2026-02-09T11:23:41.936+05:00","caller":"stat/usage.go:82","content":"CPU: 0m, MEMORY: Alloc=2.9Mi, TotalAlloc=9.5Mi, Sys=19.1Mi, NumGC=70","level":"stat"}
{"@timestamp":"2026-02-09T11:23:41.942+05:00","caller":"load/sheddingstat.go:61","content":"(api) shedding_stat [1m], cpu: 0, total: 0, pass: 0, drop: 0","level":"stat"}
{"@timestamp":"2026-02-09T11:24:02.171+05:00","caller":"stat/metrics.go:210","content":"(growthapi) - qps: 0.0/s, drops: 0, avg time: 0.0ms, med: 0.0ms, 90th: 0.0ms, 99th: 0.0ms, 99.9th: 0.0ms","level":"stat"}
{"@timestamp":"2026-02-09T11:24:41.935+05:00","caller":"stat/usage.go:82","content":"CPU: 0m, MEMORY: Alloc=2.9Mi, TotalAlloc=9.5Mi, Sys=19.1Mi, NumGC=70","level":"stat"}
{"@timestamp":"2026-02-09T11:24:41.942+05:00","caller":"load/sheddingstat.go:61","content":"(api) shedding_stat [1m], cpu: 0, total: 0, pass: 0, drop: 0","level":"stat"}
{"@timestamp":"2026-02-09T11:25:02.171+05:00","caller":"stat/metrics.go:210","content":"(growthapi) - qps: 0.0/s, drops: 0, avg time: 0.0ms, med: 0.0ms, 90th: 0.0ms, 99th: 0.0ms, 99.9th: 0.0ms","level":"stat"}
{"@timestamp":"2026-02-09T11:25:41.935+05:00","caller":"stat/usage.go:82","content":"CPU: 0m, MEMORY: Alloc=2.9Mi, TotalAlloc=9.5Mi, Sys=19.1Mi, NumGC=71","level":"stat"}
{"@timestamp":"2026-02-09T11:25:41.942+05:00","caller":"load/sheddingstat.go:61","content":"(api) shedding_stat [1m], cpu: 0, total: 0, pass: 0, drop: 0","level":"stat"}
{"@timestamp":"2026-02-09T11:26:02.170+05:00","caller":"stat/metrics.go:210","content":"(growthapi) - qps: 0.0/s, drops: 0, avg time: 0.0ms, med: 0.0ms, 90th: 0.0ms, 99th: 0.0ms, 99.9th: 0.0ms","level":"stat"}
{"@timestamp":"2026-02-09T11:26:41.935+05:00","caller":"stat/usage.go:82","content":"CPU: 0m, MEMORY: Alloc=2.9Mi, TotalAlloc=9.5Mi, Sys=19.1Mi, NumGC=71","level":"stat"}
{"@timestamp":"2026-02-09T11:26:41.942+05:00","caller":"load/sheddingstat.go:61","content":"(api) shedding_stat [1m], cpu: 0, total: 0, pass: 0, drop: 0","level":"stat"}
{"@timestamp":"2026-02-09T11:27:02.170+05:00","caller":"stat/metrics.go:210","content":"(growthapi) - qps: 0.0/s, drops: 0, avg time: 0.0ms, med: 0.0ms, 90th: 0.0ms, 99th: 0.0ms, 99.9th: 0.0ms","level":"stat"}
{"@timestamp":"2026-02-09T11:27:41.935+05:00","caller":"stat/usage.go:82","content":"CPU: 0m, MEMORY: Alloc=2.9Mi, TotalAlloc=9.6Mi, Sys=19.1Mi, NumGC=72","level":"stat"}
{"@timestamp":"2026-02-09T11:27:41.941+05:00","caller":"load/sheddingstat.go:61","content":"(api) shedding_stat [1m], cpu: 0, total: 0, pass: 0, drop: 0","level":"stat"}
{"@timestamp":"2026-02-09T11:28:02.171+05:00","caller":"stat/metrics.go:210","content":"(growthapi) - qps: 0.0/s, drops: 0, avg time: 0.0ms, med: 0.0ms, 90th: 0.0ms, 99th: 0.0ms, 99.9th: 0.0ms","level":"stat"}
{"@timestamp":"2026-02-09T11:28:41.937+05:00","caller":"stat/usage.go:82","content":"CPU: 0m, MEMORY: Alloc=2.9Mi, TotalAlloc=9.6Mi, Sys=19.1Mi, NumGC=72","level":"stat"}
{"@timestamp":"2026-02-09T11:28:41.943+05:00","caller":"load/sheddingstat.go:61","content":"(api) shedding_stat [1m], cpu: 0, total: 0, pass: 0, drop: 0","level":"stat"}
{"@timestamp":"2026-02-09T11:29:02.173+05:00","caller":"stat/metrics.go:210","content":"(growthapi) - qps: 0.0/s, drops: 0, avg time: 0.0ms, med: 0.0ms, 90th: 0.0ms, 99th: 0.0ms, 99.9th: 0.0ms","level":"stat"}
{"@timestamp":"2026-02-09T11:29:41.937+05:00","caller":"stat/usage.go:82","content":"CPU: 0m, MEMORY: Alloc=2.9Mi, TotalAlloc=9.6Mi, Sys=19.1Mi, NumGC=73","level":"stat"}
{"@timestamp":"2026-02-09T11:29:41.943+05:00","caller":"load/sheddingstat.go:61","content":"(api) shedding_stat [1m], cpu: 0, total: 0, pass: 0, drop: 0","level":"stat"}
{"@timestamp":"2026-02-09T11:30:02.172+05:00","caller":"stat/metrics.go:210","content":"(growthapi) - qps: 0.0/s, drops: 0, avg time: 0.0ms, med: 0.0ms, 90th: 0.0ms, 99th: 0.0ms, 99.9th: 0.0ms","level":"stat"}
{"@timestamp":"2026-02-09T11:30:41.937+05:00","caller":"stat/usage.go:82","content":"CPU: 0m, MEMORY: Alloc=2.9Mi, TotalAlloc=9.6Mi, Sys=19.1Mi, NumGC=73","level":"stat"}
{"@timestamp":"2026-02-09T11:30:41.943+05:00","caller":"load/sheddingstat.go:61","content":"(api) shedding_stat [1m], cpu: 0, total: 0, pass: 0, drop: 0","level":"stat"}
{"@timestamp":"2026-02-09T11:31:02.172+05:00","caller":"stat/metrics.go:210","content":"(growthapi) - qps: 0.0/s, drops: 0, avg time: 0.0ms, med: 0.0ms, 90th: 0.0ms, 99th: 0.0ms, 99.9th: 0.0ms","level":"stat"}
{"@timestamp":"2026-02-09T11:31:41.937+05:00","caller":"stat/usage.go:82","content":"CPU: 0m, MEMORY: Alloc=2.9Mi, TotalAlloc=9.6Mi, Sys=19.1Mi, NumGC=74","level":"stat"}
{"@timestamp":"2026-02-09T11:31:41.943+05:00","caller":"load/sheddingstat.go:61","content":"(api) shedding_stat [1m], cpu: 0, total: 0, pass: 0, drop: 0","level":"stat"}
{"@timestamp":"2026-02-09T11:32:02.172+05:00","caller":"stat/metrics.go:210","content":"(growthapi) - qps: 0.0/s, drops: 0, avg time: 0.0ms, med: 0.0ms, 90th: 0.0ms, 99th: 0.0ms, 99.9th: 0.0ms","level":"stat"}
{"@timestamp":"2026-02-09T11:32:41.938+05:00","caller":"stat/usage.go:82","content":"CPU: 0m, MEMORY: Alloc=2.9Mi, TotalAlloc=9.6Mi, Sys=19.1Mi, NumGC=74","level":"stat"}
{"@timestamp":"2026-02-09T11:32:41.944+05:00","caller":"load/sheddingstat.go:61","content":"(api) shedding_stat [1m], cpu: 0, total: 0, pass: 0, drop: 0","level":"stat"}
{"@timestamp":"2026-02-09T11:33:02.172+05:00","caller":"stat/metrics.go:210","content":"(growthapi) - qps: 0.0/s, drops: 0, avg time: 0.0ms, med: 0.0ms, 90th: 0.0ms, 99th: 0.0ms, 99.9th: 0.0ms","level":"stat"}
{"@timestamp":"2026-02-09T11:33:41.936+05:00","caller":"stat/usage.go:82","content":"CPU: 0m, MEMORY: Alloc=2.9Mi, TotalAlloc=9.7Mi, Sys=19.1Mi, NumGC=75","level":"stat"}
{"@timestamp":"2026-02-09T11:33:41.943+05:00","caller":"load/sheddingstat.go:61","content":"(api) shedding_stat [1m], cpu: 0, total: 0, pass: 0, drop: 0","level":"stat"}
{"@timestamp":"2026-02-09T11:34:02.172+05:00","caller":"stat/metrics.go:210","content":"(growthapi) - qps: 0.0/s, drops: 0, avg time: 0.0ms, med: 0.0ms, 90th: 0.0ms, 99th: 0.0ms, 99.9th: 0.0ms","level":"stat"}
{"@timestamp":"2026-02-09T11:34:41.936+05:00","caller":"stat/usage.go:82","content":"CPU: 0m, MEMORY: Alloc=2.9Mi, TotalAlloc=9.7Mi, Sys=19.1Mi, NumGC=75","level":"stat"}
{"@timestamp":"2026-02-09T11:34:41.943+05:00","caller":"load/sheddingstat.go:61","content":"(api) shedding_stat [1m], cpu: 0, total: 0, pass: 0, drop: 0","level":"stat"}
{"@timestamp":"2026-02-09T11:35:02.172+05:00","caller":"stat/metrics.go:210","content":"(growthapi) - qps: 0.0/s, drops: 0, avg time: 0.0ms, med: 0.0ms, 90th: 0.0ms, 99th: 0.0ms, 99.9th: 0.0ms","level":"stat"}
{"@timestamp":"2026-02-09T11:35:41.936+05:00","caller":"stat/usage.go:82","content":"CPU: 0m, MEMORY: Alloc=2.9Mi, TotalAlloc=9.7Mi, Sys=19.1Mi, NumGC=76","level":"stat"}
{"@timestamp":"2026-02-09T11:35:41.943+05:00","caller":"load/sheddingstat.go:61","content":"(api) shedding_stat [1m], cpu: 0, total: 0, pass: 0, drop: 0","level":"stat"}
{"@timestamp":"2026-02-09T11:36:02.172+05:00","caller":"stat/metrics.go:210","content":"(growthapi) - qps: 0.0/s, drops: 0, avg time: 0.0ms, med: 0.0ms, 90th: 0.0ms, 99th: 0.0ms, 99.9th: 0.0ms","level":"stat"}
{"@timestamp":"2026-02-09T11:36:41.936+05:00","caller":"stat/usage.go:82","content":"CPU: 0m, MEMORY: Alloc=2.9Mi, TotalAlloc=9.7Mi, Sys=19.1Mi, NumGC=76","level":"stat"}
{"@timestamp":"2026-02-09T11:36:41.943+05:00","caller":"load/sheddingstat.go:61","content":"(api) shedding_stat [1m], cpu: 0, total: 0, pass: 0, drop: 0","level":"stat"}
{"@timestamp":"2026-02-09T11:37:02.172+05:00","caller":"stat/metrics.go:210","content":"(growthapi) - qps: 0.0/s, drops: 0, avg time: 0.0ms, med: 0.0ms, 90th: 0.0ms, 99th: 0.0ms, 99.9th: 0.0ms","level":"stat"}
{"@timestamp":"2026-02-09T11:37:41.936+05:00","caller":"stat/usage.go:82","content":"CPU: 0m, MEMORY: Alloc=2.9Mi, TotalAlloc=9.8Mi, Sys=19.1Mi, NumGC=77","level":"stat"}
{"@timestamp":"2026-02-09T11:37:41.943+05:00","caller":"load/sheddingstat.go:61","content":"(api) shedding_stat [1m], cpu: 0, total: 0, pass: 0, drop: 0","level":"stat"}
{"@timestamp":"2026-02-09T11:38:02.172+05:00","caller":"stat/metrics.go:210","content":"(growthapi) - qps: 0.0/s, drops: 0, avg time: 0.0ms, med: 0.0ms, 90th: 0.0ms, 99th: 0.0ms, 99.9th: 0.0ms","level":"stat"}
{"@timestamp":"2026-02-09T11:38:41.937+05:00","caller":"stat/usage.go:82","content":"CPU: 0m, MEMORY: Alloc=2.9Mi, TotalAlloc=9.8Mi, Sys=19.1Mi, NumGC=77","level":"stat"}
{"@timestamp":"2026-02-09T11:38:41.942+05:00","caller":"load/sheddingstat.go:61","content":"(api) shedding_stat [1m], cpu: 0, total: 0, pass: 0, drop: 0","level":"stat"}
{"@timestamp":"2026-02-09T11:39:02.171+05:00","caller":"stat/metrics.go:210","content":"(growthapi) - qps: 0.0/s, drops: 0, avg time: 0.0ms, med: 0.0ms, 90th: 0.0ms, 99th: 0.0ms, 99.9th: 0.0ms","level":"stat"}
{"@timestamp":"2026-02-09T11:39:41.936+05:00","caller":"stat/usage.go:82","content":"CPU: 0m, MEMORY: Alloc=2.9Mi, TotalAlloc=9.8Mi, Sys=19.1Mi, NumGC=78","level":"stat"}
{"@timestamp":"2026-02-09T11:39:41.943+05:00","caller":"load/sheddingstat.go:61","content":"(api) shedding_stat [1m], cpu: 0, total: 0, pass: 0, drop: 0","level":"stat"}
{"@timestamp":"2026-02-09T11:40:02.171+05:00","caller":"stat/metrics.go:210","content":"(growthapi) - qps: 0.0/s, drops: 0, avg time: 0.0ms, med: 0.0ms, 90th: 0.0ms, 99th: 0.0ms, 99.9th: 0.0ms","level":"stat"}
{"@timestamp":"2026-02-09T11:40:41.936+05:00","caller":"stat/usage.go:82","content":"CPU: 0m, MEMORY: Alloc=2.9Mi, TotalAlloc=9.8Mi, Sys=19.1Mi, NumGC=78","level":"stat"}
{"@timestamp":"2026-02-09T11:40:41.942+05:00","caller":"load/sheddingstat.go:61","content":"(api) shedding_stat [1m], cpu: 0, total: 0, pass: 0, drop: 0","level":"stat"}
{"@timestamp":"2026-02-09T11:41:02.171+05:00","caller":"stat/metrics.go:210","content":"(growthapi) - qps: 0.0/s, drops: 0, avg time: 0.0ms, med: 0.0ms, 90th: 0.0ms, 99th: 0.0ms, 99.9th: 0.0ms","level":"stat"}
{"@timestamp":"2026-02-09T11:41:41.936+05:00","caller":"stat/usage.go:82","content":"CPU: 0m, MEMORY: Alloc=2.9Mi, TotalAlloc=9.8Mi, Sys=19.1Mi, NumGC=79","level":"stat"}
{"@timestamp":"2026-02-09T11:41:41.942+05:00","caller":"load/sheddingstat.go:61","content":"(api) shedding_stat [1m], cpu: 0, total: 0, pass: 0, drop: 0","level":"stat"}
{"@timestamp":"2026-02-09T11:42:02.171+05:00","caller":"stat/metrics.go:210","content":"(growthapi) - qps: 0.0/s, drops: 0, avg time: 0.0ms, med: 0.0ms, 90th: 0.0ms, 99th: 0.0ms, 99.9th: 0.0ms","level":"stat"}
{"@timestamp":"2026-02-09T11:42:41.936+05:00","caller":"stat/usage.go:82","content":"CPU: 0m, MEMORY: Alloc=2.9Mi, TotalAlloc=9.8Mi, Sys=19.1Mi, NumGC=79","level":"stat"}
{"@timestamp":"2026-02-09T11:42:41.942+05:00","caller":"load/sheddingstat.go:61","content":"(api) shedding_stat [1m], cpu: 0, total: 0, pass: 0, drop: 0","level":"stat"}
{"@timestamp":"2026-02-09T11:43:02.171+05:00","caller":"stat/metrics.go:210","content":"(growthapi) - qps: 0.0/s, drops: 0, avg time: 0.0ms, med: 0.0ms, 90th: 0.0ms, 99th: 0.0ms, 99.9th: 0.0ms","level":"stat"}
{"@timestamp":"2026-02-09T11:43:41.936+05:00","caller":"stat/usage.go:82","content":"CPU: 0m, MEMORY: Alloc=2.9Mi, TotalAlloc=9.9Mi, Sys=19.1Mi, NumGC=80","level":"stat"}
{"@timestamp":"2026-02-09T11:43:41.942+05:00","caller":"load/sheddingstat.go:61","content":"(api) shedding_stat [1m], cpu: 0, total: 0, pass: 0, drop: 0","level":"stat"}
{"@timestamp":"2026-02-09T11:44:02.171+05:00","caller":"stat/metrics.go:210","content":"(growthapi) - qps: 0.0/s, drops: 0, avg time: 0.0ms, med: 0.0ms, 90th: 0.0ms, 99th: 0.0ms, 99.9th: 0.0ms","level":"stat"}
{"@timestamp":"2026-02-09T11:44:41.940+05:00","caller":"stat/usage.go:82","content":"CPU: 0m, MEMORY: Alloc=2.9Mi, TotalAlloc=9.9Mi, Sys=19.1Mi, NumGC=80","level":"stat"}
{"@timestamp":"2026-02-09T11:44:41.946+05:00","caller":"load/sheddingstat.go:61","content":"(api) shedding_stat [1m], cpu: 0, total: 0, pass: 0, drop: 0","level":"stat"}
{"@timestamp":"2026-02-09T11:45:02.175+05:00","caller":"stat/metrics.go:210","content":"(growthapi) - qps: 0.0/s, drops: 0, avg time: 0.0ms, med: 0.0ms, 90th: 0.0ms, 99th: 0.0ms, 99.9th: 0.0ms","level":"stat"}
{"@timestamp":"2026-02-09T11:45:41.941+05:00","caller":"stat/usage.go:82","content":"CPU: 0m, MEMORY: Alloc=2.9Mi, TotalAlloc=9.9Mi, Sys=19.1Mi, NumGC=81","level":"stat"}
{"@timestamp":"2026-02-09T11:45:41.947+05:00","caller":"load/sheddingstat.go:61","content":"(api) shedding_stat [1m], cpu: 0, total: 0, pass: 0, drop: 0","level":"stat"}
{"@timestamp":"2026-02-09T11:46:02.175+05:00","caller":"stat/metrics.go:210","content":"(growthapi) - qps: 0.0/s, drops: 0, avg time: 0.0ms, med: 0.0ms, 90th: 0.0ms, 99th: 0.0ms, 99.9th: 0.0ms","level":"stat"}
{"@timestamp":"2026-02-09T11:46:41.941+05:00","caller":"stat/usage.go:82","content":"CPU: 0m, MEMORY: Alloc=2.9Mi, TotalAlloc=9.9Mi, Sys=19.1Mi, NumGC=81","level":"stat"}
{"@timestamp":"2026-02-09T11:46:41.947+05:00","caller":"load/sheddingstat.go:61","content":"(api) shedding_stat [1m], cpu: 0, total: 0, pass: 0, drop: 0","level":"stat"}
{"@timestamp":"2026-02-09T11:47:02.176+05:00","caller":"stat/metrics.go:210","content":"(growthapi) - qps: 0.0/s, drops: 0, avg time: 0.0ms, med: 0.0ms, 90th: 0.0ms, 99th: 0.0ms, 99.9th: 0.0ms","level":"stat"}
{"@timestamp":"2026-02-09T11:47:41.940+05:00","caller":"stat/usage.go:82","content":"CPU: 0m, MEMORY: Alloc=2.9Mi, TotalAlloc=10.0Mi, Sys=19.1Mi, NumGC=82","level":"stat"}
{"@timestamp":"2026-02-09T11:47:41.946+05:00","caller":"load/sheddingstat.go:61","content":"(api) shedding_stat [1m], cpu: 0, total: 0, pass: 0, drop: 0","level":"stat"}
{"@timestamp":"2026-02-09T11:48:02.175+05:00","caller":"stat/metrics.go:210","content":"(growthapi) - qps: 0.0/s, drops: 0, avg time: 0.0ms, med: 0.0ms, 90th: 0.0ms, 99th: 0.0ms, 99.9th: 0.0ms","level":"stat"}
{"@timestamp":"2026-02-09T11:48:41.940+05:00","caller":"stat/usage.go:82","content":"CPU: 0m, MEMORY: Alloc=2.9Mi, TotalAlloc=10.0Mi, Sys=19.1Mi, NumGC=82","level":"stat"}
{"@timestamp":"2026-02-09T11:48:41.947+05:00","caller":"load/sheddingstat.go:61","content":"(api) shedding_stat [1m], cpu: 0, total: 0, pass: 0, drop: 0","level":"stat"}
{"@timestamp":"2026-02-09T11:49:02.175+05:00","caller":"stat/metrics.go:210","content":"(growthapi) - qps: 0.0/s, drops: 0, avg time: 0.0ms, med: 0.0ms, 90th: 0.0ms, 99th: 0.0ms, 99.9th: 0.0ms","level":"stat"}
{"@timestamp":"2026-02-09T11:49:41.940+05:00","caller":"stat/usage.go:82","content":"CPU: 0m, MEMORY: Alloc=2.9Mi, TotalAlloc=10.0Mi, Sys=19.1Mi, NumGC=83","level":"stat"}
{"@timestamp":"2026-02-09T11:49:41.947+05:00","caller":"load/sheddingstat.go:61","content":"(api) shedding_stat [1m], cpu: 0, total: 0, pass: 0, drop: 0","level":"stat"}
{"@timestamp":"2026-02-09T11:50:02.175+05:00","caller":"stat/metrics.go:210","content":"(growthapi) - qps: 0.0/s, drops: 0, avg time: 0.0ms, med: 0.0ms, 90th: 0.0ms, 99th: 0.0ms, 99.9th: 0.0ms","level":"stat"}
{"@timestamp":"2026-02-09T11:50:41.940+05:00","caller":"stat/usage.go:82","content":"CPU: 0m, MEMORY: Alloc=2.9Mi, TotalAlloc=10.0Mi, Sys=19.1Mi, NumGC=83","level":"stat"}
{"@timestamp":"2026-02-09T11:50:41.947+05:00","caller":"load/sheddingstat.go:61","content":"(api) shedding_stat [1m], cpu: 0, total: 0, pass: 0, drop: 0","level":"stat"}
{"@timestamp":"2026-02-09T11:51:02.175+05:00","caller":"stat/metrics.go:210","content":"(growthapi) - qps: 0.0/s, drops: 0, avg time: 0.0ms, med: 0.0ms, 90th: 0.0ms, 99th: 0.0ms, 99.9th: 0.0ms","level":"stat"}
{"@timestamp":"2026-02-09T11:51:41.940+05:00","caller":"stat/usage.go:82","content":"CPU: 0m, MEMORY: Alloc=2.9Mi, TotalAlloc=10.0Mi, Sys=19.1Mi, NumGC=84","level":"stat"}
{"@timestamp":"2026-02-09T11:51:41.947+05:00","caller":"load/sheddingstat.go:61","content":"(api) shedding_stat [1m], cpu: 0, total: 0, pass: 0, drop: 0","level":"stat"}
{"@timestamp":"2026-02-09T11:52:02.176+05:00","caller":"stat/metrics.go:210","content":"(growthapi) - qps: 0.0/s, drops: 0, avg time: 0.0ms, med: 0.0ms, 90th: 0.0ms, 99th: 0.0ms, 99.9th: 0.0ms","level":"stat"}
{"@timestamp":"2026-02-09T11:52:41.940+05:00","caller":"stat/usage.go:82","content":"CPU: 0m, MEMORY: Alloc=2.9Mi, TotalAlloc=10.0Mi, Sys=19.1Mi, NumGC=84","level":"stat"}
{"@timestamp":"2026-02-09T11:52:41.946+05:00","caller":"load/sheddingstat.go:61","content":"(api) shedding_stat [1m], cpu: 0, total: 0, pass: 0, drop: 0","level":"stat"}
{"@timestamp":"2026-02-09T11:53:02.176+05:00","caller":"stat/metrics.go:210","content":"(growthapi) - qps: 0.0/s, drops: 0, avg time: 0.0ms, med: 0.0ms, 90th: 0.0ms, 99th: 0.0ms, 99.9th: 0.0ms","level":"stat"}
{"@timestamp":"2026-02-09T11:53:41.940+05:00","caller":"stat/usage.go:82","content":"CPU: 0m, MEMORY: Alloc=2.9Mi, TotalAlloc=10.1Mi, Sys=19.1Mi, NumGC=85","level":"stat"}
{"@timestamp":"2026-02-09T11:53:41.947+05:00","caller":"load/sheddingstat.go:61","content":"(api) shedding_stat [1m], cpu: 0, total: 0, pass: 0, drop: 0","level":"stat"}
{"@timestamp":"2026-02-09T11:54:02.175+05:00","caller":"stat/metrics.go:210","content":"(growthapi) - qps: 0.0/s, drops: 0, avg time: 0.0ms, med: 0.0ms, 90th: 0.0ms, 99th: 0.0ms, 99.9th: 0.0ms","level":"stat"}
{"@timestamp":"2026-02-09T11:54:41.940+05:00","caller":"stat/usage.go:82","content":"CPU: 0m, MEMORY: Alloc=2.9Mi, TotalAlloc=10.1Mi, Sys=19.1Mi, NumGC=85","level":"stat"}
{"@timestamp":"2026-02-09T11:54:41.947+05:00","caller":"load/sheddingstat.go:61","content":"(api) shedding_stat [1m], cpu: 0, total: 0, pass: 0, drop: 0","level":"stat"}
{"@timestamp":"2026-02-09T11:55:02.176+05:00","caller":"stat/metrics.go:210","content":"(growthapi) - qps: 0.0/s, drops: 0, avg time: 0.0ms, med: 0.0ms, 90th: 0.0ms, 99th: 0.0ms, 99.9th: 0.0ms","level":"stat"}
{"@timestamp":"2026-02-09T11:55:41.940+05:00","caller":"stat/usage.go:82","content":"CPU: 0m, MEMORY: Alloc=2.9Mi, TotalAlloc=10.1Mi, Sys=19.1Mi, NumGC=86","level":"stat"}
{"@timestamp":"2026-02-09T11:55:41.946+05:00","caller":"load/sheddingstat.go:61","content":"(api) shedding_stat [1m], cpu: 0, total: 0, pass: 0, drop: 0","level":"stat"}
{"@timestamp":"2026-02-09T11:56:02.175+05:00","caller":"stat/metrics.go:210","content":"(growthapi) - qps: 0.0/s, drops: 0, avg time: 0.0ms, med: 0.0ms, 90th: 0.0ms, 99th: 0.0ms, 99.9th: 0.0ms","level":"stat"}
{"@timestamp":"2026-02-09T11:56:41.939+05:00","caller":"stat/usage.go:82","content":"CPU: 0m, MEMORY: Alloc=2.9Mi, TotalAlloc=10.1Mi, Sys=19.1Mi, NumGC=86","level":"stat"}
{"@timestamp":"2026-02-09T11:56:41.947+05:00","caller":"load/sheddingstat.go:61","content":"(api) shedding_stat [1m], cpu: 0, total: 0, pass: 0, drop: 0","level":"stat"}
{"@timestamp":"2026-02-09T11:57:02.175+05:00","caller":"stat/metrics.go:210","content":"(growthapi) - qps: 0.0/s, drops: 0, avg time: 0.0ms, med: 0.0ms, 90th: 0.0ms, 99th: 0.0ms, 99.9th: 0.0ms","level":"stat"}
{"@timestamp":"2026-02-09T11:57:41.940+05:00","caller":"stat/usage.go:82","content":"CPU: 0m, MEMORY: Alloc=2.9Mi, TotalAlloc=10.2Mi, Sys=19.1Mi, NumGC=87","level":"stat"}
{"@timestamp":"2026-02-09T11:57:41.946+05:00","caller":"load/sheddingstat.go:61","content":"(api) shedding_stat [1m], cpu: 0, total: 0, pass: 0, drop: 0","level":"stat"}
{"@timestamp":"2026-02-09T11:58:02.176+05:00","caller":"stat/metrics.go:210","content":"(growthapi) - qps: 0.0/s, drops: 0, avg time: 0.0ms, med: 0.0ms, 90th: 0.0ms, 99th: 0.0ms, 99.9th: 0.0ms","level":"stat"}
{"@timestamp":"2026-02-09T11:58:41.940+05:00","caller":"stat/usage.go:82","content":"CPU: 0m, MEMORY: Alloc=2.9Mi, TotalAlloc=10.2Mi, Sys=19.1Mi, NumGC=87","level":"stat"}
{"@timestamp":"2026-02-09T11:58:41.947+05:00","caller":"load/sheddingstat.go:61","content":"(api) shedding_stat [1m], cpu: 0, total: 0, pass: 0, drop: 0","level":"stat"}
{"@timestamp":"2026-02-09T11:59:02.176+05:00","caller":"stat/metrics.go:210","content":"(growthapi) - qps: 0.0/s, drops: 0, avg time: 0.0ms, med: 0.0ms, 90th: 0.0ms, 99th: 0.0ms, 99.9th: 0.0ms","level":"stat"}
{"@timestamp":"2026-02-09T11:59:41.940+05:00","caller":"stat/usage.go:82","content":"CPU: 0m, MEMORY: Alloc=2.9Mi, TotalAlloc=10.2Mi, Sys=19.1Mi, NumGC=88","level":"stat"}
{"@timestamp":"2026-02-09T11:59:41.947+05:00","caller":"load/sheddingstat.go:61","content":"(api) shedding_stat [1m], cpu: 0, total: 0, pass: 0, drop: 0","level":"stat"}
{"@timestamp":"2026-02-09T12:00:02.175+05:00","caller":"stat/metrics.go:210","content":"(growthapi) - qps: 0.0/s, drops: 0, avg time: 0.0ms, med: 0.0ms, 90th: 0.0ms, 99th: 0.0ms, 99.9th: 0.0ms","level":"stat"}
{"@timestamp":"2026-02-09T12:00:41.940+05:00","caller":"stat/usage.go:82","content":"CPU: 0m, MEMORY: Alloc=2.9Mi, TotalAlloc=10.2Mi, Sys=19.1Mi, NumGC=88","level":"stat"}
{"@timestamp":"2026-02-09T12:00:41.947+05:00","caller":"load/sheddingstat.go:61","content":"(api) shedding_stat [1m], cpu: 0, total: 0, pass: 0, drop: 0","level":"stat"}
{"@timestamp":"2026-02-09T12:01:02.176+05:00","caller":"stat/metrics.go:210","content":"(growthapi) - qps: 0.0/s, drops: 0, avg time: 0.0ms, med: 0.0ms, 90th: 0.0ms, 99th: 0.0ms, 99.9th: 0.0ms","level":"stat"}
{"@timestamp":"2026-02-09T12:01:41.940+05:00","caller":"stat/usage.go:82","content":"CPU: 0m, MEMORY: Alloc=2.9Mi, TotalAlloc=10.2Mi, Sys=19.1Mi, NumGC=89","level":"stat"}
{"@timestamp":"2026-02-09T12:01:41.946+05:00","caller":"load/sheddingstat.go:61","content":"(api) shedding_stat [1m], cpu: 0, total: 0, pass: 0, drop: 0","level":"stat"}
{"@timestamp":"2026-02-09T12:02:02.176+05:00","caller":"stat/metrics.go:210","content":"(growthapi) - qps: 0.0/s, drops: 0, avg time: 0.0ms, med: 0.0ms, 90th: 0.0ms, 99th: 0.0ms, 99.9th: 0.0ms","level":"stat"}
{"@timestamp":"2026-02-09T12:02:41.940+05:00","caller":"stat/usage.go:82","content":"CPU: 0m, MEMORY: Alloc=2.9Mi, TotalAlloc=10.2Mi, Sys=19.1Mi, NumGC=89","level":"stat"}
{"@timestamp":"2026-02-09T12:02:41.947+05:00","caller":"load/sheddingstat.go:61","content":"(api) shedding_stat [1m], cpu: 0, total: 0, pass: 0, drop: 0","level":"stat"}
{"@timestamp":"2026-02-09T12:03:02.176+05:00","caller":"stat/metrics.go:210","content":"(growthapi) - qps: 0.0/s, drops: 0, avg time: 0.0ms, med: 0.0ms, 90th: 0.0ms, 99th: 0.0ms, 99.9th: 0.0ms","level":"stat"}
{"@timestamp":"2026-02-09T12:03:41.940+05:00","caller":"stat/usage.go:82","content":"CPU: 0m, MEMORY: Alloc=2.9Mi, TotalAlloc=10.3Mi, Sys=19.1Mi, NumGC=90","level":"stat"}
{"@timestamp":"2026-02-09T12:03:41.947+05:00","caller":"load/sheddingstat.go:61","content":"(api) shedding_stat [1m], cpu: 0, total: 0, pass: 0, drop: 0","level":"stat"}
{"@timestamp":"2026-02-09T12:04:02.176+05:00","caller":"stat/metrics.go:210","content":"(growthapi) - qps: 0.0/s, drops: 0, avg time: 0.0ms, med: 0.0ms, 90th: 0.0ms, 99th: 0.0ms, 99.9th: 0.0ms","level":"stat"}
{"@timestamp":"2026-02-09T12:04:41.524+05:00","caller":"handler/loghandler.go:167","content":"[HTTP] 404 - POST /v1/auth/login - [::1]:56874 - Mozilla/5.0 (Macintosh; Intel Mac OS X 10_15_7) AppleWebKit/605.1.15 (KHTML, like Gecko) Version/26.2 Safari/605.1.15","duration":"0.0ms","level":"info","span":"3261a449256e6158","trace":"90da19f62eb78ecd2b696e4367bf366d"}
{"@timestamp":"2026-02-09T12:04:41.940+05:00","caller":"stat/usage.go:82","content":"CPU: 0m, MEMORY: Alloc=2.9Mi, TotalAlloc=10.3Mi, Sys=19.1Mi, NumGC=90","level":"stat"}
{"@timestamp":"2026-02-09T12:04:41.946+05:00","caller":"load/sheddingstat.go:61","content":"(api) shedding_stat [1m], cpu: 0, total: 0, pass: 0, drop: 0","level":"stat"}
{"@timestamp":"2026-02-09T12:05:02.176+05:00","caller":"stat/metrics.go:210","content":"(growthapi) - qps: 0.0/s, drops: 0, avg time: 0.0ms, med: 0.0ms, 90th: 0.0ms, 99th: 0.0ms, 99.9th: 0.0ms","level":"stat"}
{"@timestamp":"2026-02-09T12:05:31.278+05:00","caller":"handler/loghandler.go:167","content":"[HTTP] 404 - POST /v1/auth/login - [::1]:56986 - curl/8.7.1","duration":"0.0ms","level":"info","span":"fa0086adcc2d9525","trace":"4034167ae4d299f9482e4c32b80b7ac9"}
{"@timestamp":"2026-02-09T12:05:41.940+05:00","caller":"stat/usage.go:82","content":"CPU: 0m, MEMORY: Alloc=2.9Mi, TotalAlloc=10.4Mi, Sys=19.1Mi, NumGC=91","level":"stat"}
{"@timestamp":"2026-02-09T12:05:41.947+05:00","caller":"load/sheddingstat.go:61","content":"(api) shedding_stat [1m], cpu: 0, total: 0, pass: 0, drop: 0","level":"stat"}
{"@timestamp":"2026-02-09T12:06:02.175+05:00","caller":"stat/metrics.go:210","content":"(growthapi) - qps: 0.0/s, drops: 0, avg time: 0.0ms, med: 0.0ms, 90th: 0.0ms, 99th: 0.0ms, 99.9th: 0.0ms","level":"stat"}
{"@timestamp":"2026-02-09T12:06:41.940+05:00","caller":"stat/usage.go:82","content":"CPU: 0m, MEMORY: Alloc=2.9Mi, TotalAlloc=10.4Mi, Sys=19.1Mi, NumGC=91","level":"stat"}
{"@timestamp":"2026-02-09T12:06:41.946+05:00","caller":"load/sheddingstat.go:61","content":"(api) shedding_stat [1m], cpu: 0, total: 0, pass: 0, drop: 0","level":"stat"}
{"@timestamp":"2026-02-09T12:06:41.986+05:00","caller":"proc/shutdown.go:84","content":"Got signal 15, shutting down...","level":"info"}
{"@timestamp":"2026-02-09T12:06:42.987+05:00","caller":"stat/metrics.go:210","content":"(growthapi) - qps: 0.0/s, drops: 0, avg time: 0.0ms, med: 0.0ms, 90th: 0.0ms, 99th: 0.0ms, 99.9th: 0.0ms","level":"stat"}
