Starting rpc server at 0.0.0.0:8081...
{"@timestamp":"2026-02-09T01:37:47.609+05:00","caller":"serverinterceptors/statinterceptor.go:94","content":"127.0.0.1:63588 - /auth.AuthService/Register - {\"username\":\"string\",\"email\":\"string\",\"password\":\"string\",\"full_name\":\"string\"}","duration":"0.0ms","level":"info","span":"0e56c319a52ac07e","trace":"7fc4df631e5a0de15301f048d3c44d17"}
{"@timestamp":"2026-02-09T01:38:26.244+05:00","caller":"stat/usage.go:82","content":"CPU: 0m, MEMORY: Alloc=2.5Mi, TotalAlloc=4.2Mi, Sys=14.9Mi, NumGC=2","level":"stat"}
{"@timestamp":"2026-02-09T01:38:26.250+05:00","caller":"load/sheddingstat.go:61","content":"(rpc) shedding_stat [1m], cpu: 0, total: 1, pass: 1, drop: 0","level":"stat"}
{"@timestamp":"2026-02-09T01:38:47.609+05:00","caller":"stat/metrics.go:210","content":"(auth.rpc) - qps: 0.0/s, drops: 0, avg time: 0.0ms, med: 0.0ms, 90th: 0.0ms, 99th: 0.0ms, 99.9th: 0.0ms","level":"stat"}
{"@timestamp":"2026-02-09T01:39:26.245+05:00","caller":"stat/usage.go:82","content":"CPU: 0m, MEMORY: Alloc=2.5Mi, TotalAlloc=4.2Mi, Sys=14.9Mi, NumGC=2","level":"stat"}
{"@timestamp":"2026-02-09T01:39:26.250+05:00","caller":"load/sheddingstat.go:61","content":"(rpc) shedding_stat [1m], cpu: 0, total: 0, pass: 0, drop: 0","level":"stat"}
{"@timestamp":"2026-02-09T01:39:47.610+05:00","caller":"stat/metrics.go:210","content":"(auth.rpc) - qps: 0.0/s, drops: 0, avg time: 0.0ms, med: 0.0ms, 90th: 0.0ms, 99th: 0.0ms, 99.9th: 0.0ms","level":"stat"}
{"@timestamp":"2026-02-09T01:40:26.245+05:00","caller":"stat/usage.go:82","content":"CPU: 0m, MEMORY: Alloc=2.5Mi, TotalAlloc=4.3Mi, Sys=15.1Mi, NumGC=3","level":"stat"}
{"@timestamp":"2026-02-09T01:40:26.250+05:00","caller":"load/sheddingstat.go:61","content":"(rpc) shedding_stat [1m], cpu: 0, total: 0, pass: 0, drop: 0","level":"stat"}
{"@timestamp":"2026-02-09T01:40:47.610+05:00","caller":"stat/metrics.go:210","content":"(auth.rpc) - qps: 0.0/s, drops: 0, avg time: 0.0ms, med: 0.0ms, 90th: 0.0ms, 99th: 0.0ms, 99.9th: 0.0ms","level":"stat"}
{"@timestamp":"2026-02-09T01:41:26.245+05:00","caller":"stat/usage.go:82","content":"CPU: 0m, MEMORY: Alloc=2.5Mi, TotalAlloc=4.3Mi, Sys=15.1Mi, NumGC=3","level":"stat"}
{"@timestamp":"2026-02-09T01:41:26.250+05:00","caller":"load/sheddingstat.go:61","content":"(rpc) shedding_stat [1m], cpu: 0, total: 0, pass: 0, drop: 0","level":"stat"}
{"@timestamp":"2026-02-09T01:41:47.610+05:00","caller":"stat/metrics.go:210","content":"(auth.rpc) - qps: 0.0/s, drops: 0, avg time: 0.0ms, med: 0.0ms, 90th: 0.0ms, 99th: 0.0ms, 99.9th: 0.0ms","level":"stat"}
{"@timestamp":"2026-02-09T01:42:26.245+05:00","caller":"stat/usage.go:82","content":"CPU: 0m, MEMORY: Alloc=2.5Mi, TotalAlloc=4.4Mi, Sys=15.1Mi, NumGC=4","level":"stat"}
{"@timestamp":"2026-02-09T01:42:26.250+05:00","caller":"load/sheddingstat.go:61","content":"(rpc) shedding_stat [1m], cpu: 0, total: 0, pass: 0, drop: 0","level":"stat"}
{"@timestamp":"2026-02-09T01:42:47.610+05:00","caller":"stat/metrics.go:210","content":"(auth.rpc) - qps: 0.0/s, drops: 0, avg time: 0.0ms, med: 0.0ms, 90th: 0.0ms, 99th: 0.0ms, 99.9th: 0.0ms","level":"stat"}
{"@timestamp":"2026-02-09T01:43:26.245+05:00","caller":"stat/usage.go:82","content":"CPU: 0m, MEMORY: Alloc=2.6Mi, TotalAlloc=4.4Mi, Sys=15.1Mi, NumGC=4","level":"stat"}
{"@timestamp":"2026-02-09T01:43:26.250+05:00","caller":"load/sheddingstat.go:61","content":"(rpc) shedding_stat [1m], cpu: 0, total: 0, pass: 0, drop: 0","level":"stat"}
{"@timestamp":"2026-02-09T01:43:47.610+05:00","caller":"stat/metrics.go:210","content":"(auth.rpc) - qps: 0.0/s, drops: 0, avg time: 0.0ms, med: 0.0ms, 90th: 0.0ms, 99th: 0.0ms, 99.9th: 0.0ms","level":"stat"}
{"@timestamp":"2026-02-09T01:44:26.245+05:00","caller":"stat/usage.go:82","content":"CPU: 0m, MEMORY: Alloc=2.5Mi, TotalAlloc=4.5Mi, Sys=15.1Mi, NumGC=5","level":"stat"}
{"@timestamp":"2026-02-09T01:44:26.250+05:00","caller":"load/sheddingstat.go:61","content":"(rpc) shedding_stat [1m], cpu: 0, total: 0, pass: 0, drop: 0","level":"stat"}
{"@timestamp":"2026-02-09T01:44:47.610+05:00","caller":"stat/metrics.go:210","content":"(auth.rpc) - qps: 0.0/s, drops: 0, avg time: 0.0ms, med: 0.0ms, 90th: 0.0ms, 99th: 0.0ms, 99.9th: 0.0ms","level":"stat"}
{"@timestamp":"2026-02-09T01:45:26.245+05:00","caller":"stat/usage.go:82","content":"CPU: 0m, MEMORY: Alloc=2.5Mi, TotalAlloc=4.5Mi, Sys=15.1Mi, NumGC=5","level":"stat"}
{"@timestamp":"2026-02-09T01:45:26.250+05:00","caller":"load/sheddingstat.go:61","content":"(rpc) shedding_stat [1m], cpu: 0, total: 0, pass: 0, drop: 0","level":"stat"}
{"@timestamp":"2026-02-09T01:45:47.609+05:00","caller":"stat/metrics.go:210","content":"(auth.rpc) - qps: 0.0/s, drops: 0, avg time: 0.0ms, med: 0.0ms, 90th: 0.0ms, 99th: 0.0ms, 99.9th: 0.0ms","level":"stat"}
{"@timestamp":"2026-02-09T01:46:26.244+05:00","caller":"stat/usage.go:82","content":"CPU: 0m, MEMORY: Alloc=2.5Mi, TotalAlloc=4.5Mi, Sys=15.1Mi, NumGC=6","level":"stat"}
{"@timestamp":"2026-02-09T01:46:26.249+05:00","caller":"load/sheddingstat.go:61","content":"(rpc) shedding_stat [1m], cpu: 0, total: 0, pass: 0, drop: 0","level":"stat"}
{"@timestamp":"2026-02-09T01:46:47.609+05:00","caller":"stat/metrics.go:210","content":"(auth.rpc) - qps: 0.0/s, drops: 0, avg time: 0.0ms, med: 0.0ms, 90th: 0.0ms, 99th: 0.0ms, 99.9th: 0.0ms","level":"stat"}
{"@timestamp":"2026-02-09T01:47:26.244+05:00","caller":"stat/usage.go:82","content":"CPU: 0m, MEMORY: Alloc=2.5Mi, TotalAlloc=4.5Mi, Sys=15.1Mi, NumGC=6","level":"stat"}
{"@timestamp":"2026-02-09T01:47:26.249+05:00","caller":"load/sheddingstat.go:61","content":"(rpc) shedding_stat [1m], cpu: 0, total: 0, pass: 0, drop: 0","level":"stat"}
{"@timestamp":"2026-02-09T01:47:47.610+05:00","caller":"stat/metrics.go:210","content":"(auth.rpc) - qps: 0.0/s, drops: 0, avg time: 0.0ms, med: 0.0ms, 90th: 0.0ms, 99th: 0.0ms, 99.9th: 0.0ms","level":"stat"}
{"@timestamp":"2026-02-09T01:48:26.244+05:00","caller":"stat/usage.go:82","content":"CPU: 0m, MEMORY: Alloc=2.6Mi, TotalAlloc=4.6Mi, Sys=15.1Mi, NumGC=7","level":"stat"}
{"@timestamp":"2026-02-09T01:48:26.249+05:00","caller":"load/sheddingstat.go:61","content":"(rpc) shedding_stat [1m], cpu: 0, total: 0, pass: 0, drop: 0","level":"stat"}
{"@timestamp":"2026-02-09T01:48:47.609+05:00","caller":"stat/metrics.go:210","content":"(auth.rpc) - qps: 0.0/s, drops: 0, avg time: 0.0ms, med: 0.0ms, 90th: 0.0ms, 99th: 0.0ms, 99.9th: 0.0ms","level":"stat"}
{"@timestamp":"2026-02-09T01:49:26.244+05:00","caller":"stat/usage.go:82","content":"CPU: 0m, MEMORY: Alloc=2.6Mi, TotalAlloc=4.6Mi, Sys=15.1Mi, NumGC=7","level":"stat"}
{"@timestamp":"2026-02-09T01:49:26.249+05:00","caller":"load/sheddingstat.go:61","content":"(rpc) shedding_stat [1m], cpu: 0, total: 0, pass: 0, drop: 0","level":"stat"}
{"@timestamp":"2026-02-09T01:49:47.609+05:00","caller":"stat/metrics.go:210","content":"(auth.rpc) - qps: 0.0/s, drops: 0, avg time: 0.0ms, med: 0.0ms, 90th: 0.0ms, 99th: 0.0ms, 99.9th: 0.0ms","level":"stat"}
{"@timestamp":"2026-02-09T01:50:26.250+05:00","caller":"stat/usage.go:82","content":"CPU: 0m, MEMORY: Alloc=2.5Mi, TotalAlloc=4.7Mi, Sys=15.1Mi, NumGC=8","level":"stat"}
{"@timestamp":"2026-02-09T01:50:26.255+05:00","caller":"load/sheddingstat.go:61","content":"(rpc) shedding_stat [1m], cpu: 0, total: 0, pass: 0, drop: 0","level":"stat"}
{"@timestamp":"2026-02-09T01:50:47.616+05:00","caller":"stat/metrics.go:210","content":"(auth.rpc) - qps: 0.0/s, drops: 0, avg time: 0.0ms, med: 0.0ms, 90th: 0.0ms, 99th: 0.0ms, 99.9th: 0.0ms","level":"stat"}
{"@timestamp":"2026-02-09T01:51:26.251+05:00","caller":"stat/usage.go:82","content":"CPU: 0m, MEMORY: Alloc=2.5Mi, TotalAlloc=4.7Mi, Sys=15.1Mi, NumGC=8","level":"stat"}
{"@timestamp":"2026-02-09T01:51:26.256+05:00","caller":"load/sheddingstat.go:61","content":"(rpc) shedding_stat [1m], cpu: 0, total: 0, pass: 0, drop: 0","level":"stat"}
{"@timestamp":"2026-02-09T01:51:47.617+05:00","caller":"stat/metrics.go:210","content":"(auth.rpc) - qps: 0.0/s, drops: 0, avg time: 0.0ms, med: 0.0ms, 90th: 0.0ms, 99th: 0.0ms, 99.9th: 0.0ms","level":"stat"}
{"@timestamp":"2026-02-09T01:52:26.251+05:00","caller":"stat/usage.go:82","content":"CPU: 0m, MEMORY: Alloc=2.5Mi, TotalAlloc=4.7Mi, Sys=15.1Mi, NumGC=9","level":"stat"}
{"@timestamp":"2026-02-09T01:52:26.257+05:00","caller":"load/sheddingstat.go:61","content":"(rpc) shedding_stat [1m], cpu: 0, total: 0, pass: 0, drop: 0","level":"stat"}
{"@timestamp":"2026-02-09T01:52:47.617+05:00","caller":"stat/metrics.go:210","content":"(auth.rpc) - qps: 0.0/s, drops: 0, avg time: 0.0ms, med: 0.0ms, 90th: 0.0ms, 99th: 0.0ms, 99.9th: 0.0ms","level":"stat"}
{"@timestamp":"2026-02-09T01:53:26.251+05:00","caller":"stat/usage.go:82","content":"CPU: 0m, MEMORY: Alloc=2.6Mi, TotalAlloc=4.8Mi, Sys=15.1Mi, NumGC=9","level":"stat"}
{"@timestamp":"2026-02-09T01:53:26.257+05:00","caller":"load/sheddingstat.go:61","content":"(rpc) shedding_stat [1m], cpu: 0, total: 0, pass: 0, drop: 0","level":"stat"}
{"@timestamp":"2026-02-09T01:53:47.616+05:00","caller":"stat/metrics.go:210","content":"(auth.rpc) - qps: 0.0/s, drops: 0, avg time: 0.0ms, med: 0.0ms, 90th: 0.0ms, 99th: 0.0ms, 99.9th: 0.0ms","level":"stat"}
{"@timestamp":"2026-02-09T01:54:26.251+05:00","caller":"stat/usage.go:82","content":"CPU: 0m, MEMORY: Alloc=2.5Mi, TotalAlloc=4.8Mi, Sys=15.1Mi, NumGC=10","level":"stat"}
{"@timestamp":"2026-02-09T01:54:26.257+05:00","caller":"load/sheddingstat.go:61","content":"(rpc) shedding_stat [1m], cpu: 0, total: 0, pass: 0, drop: 0","level":"stat"}
{"@timestamp":"2026-02-09T01:54:47.617+05:00","caller":"stat/metrics.go:210","content":"(auth.rpc) - qps: 0.0/s, drops: 0, avg time: 0.0ms, med: 0.0ms, 90th: 0.0ms, 99th: 0.0ms, 99.9th: 0.0ms","level":"stat"}
{"@timestamp":"2026-02-09T01:55:26.252+05:00","caller":"stat/usage.go:82","content":"CPU: 0m, MEMORY: Alloc=2.5Mi, TotalAlloc=4.8Mi, Sys=15.1Mi, NumGC=10","level":"stat"}
{"@timestamp":"2026-02-09T01:55:26.257+05:00","caller":"load/sheddingstat.go:61","content":"(rpc) shedding_stat [1m], cpu: 0, total: 0, pass: 0, drop: 0","level":"stat"}
{"@timestamp":"2026-02-09T01:55:47.616+05:00","caller":"stat/metrics.go:210","content":"(auth.rpc) - qps: 0.0/s, drops: 0, avg time: 0.0ms, med: 0.0ms, 90th: 0.0ms, 99th: 0.0ms, 99.9th: 0.0ms","level":"stat"}
{"@timestamp":"2026-02-09T01:56:26.252+05:00","caller":"stat/usage.go:82","content":"CPU: 0m, MEMORY: Alloc=2.5Mi, TotalAlloc=4.9Mi, Sys=15.1Mi, NumGC=11","level":"stat"}
{"@timestamp":"2026-02-09T01:56:26.257+05:00","caller":"load/sheddingstat.go:61","content":"(rpc) shedding_stat [1m], cpu: 0, total: 0, pass: 0, drop: 0","level":"stat"}
{"@timestamp":"2026-02-09T01:56:47.617+05:00","caller":"stat/metrics.go:210","content":"(auth.rpc) - qps: 0.0/s, drops: 0, avg time: 0.0ms, med: 0.0ms, 90th: 0.0ms, 99th: 0.0ms, 99.9th: 0.0ms","level":"stat"}
{"@timestamp":"2026-02-09T01:57:26.252+05:00","caller":"stat/usage.go:82","content":"CPU: 0m, MEMORY: Alloc=2.5Mi, TotalAlloc=4.9Mi, Sys=15.1Mi, NumGC=11","level":"stat"}
{"@timestamp":"2026-02-09T01:57:26.257+05:00","caller":"load/sheddingstat.go:61","content":"(rpc) shedding_stat [1m], cpu: 0, total: 0, pass: 0, drop: 0","level":"stat"}
{"@timestamp":"2026-02-09T01:57:47.616+05:00","caller":"stat/metrics.go:210","content":"(auth.rpc) - qps: 0.0/s, drops: 0, avg time: 0.0ms, med: 0.0ms, 90th: 0.0ms, 99th: 0.0ms, 99.9th: 0.0ms","level":"stat"}
{"@timestamp":"2026-02-09T01:58:26.251+05:00","caller":"stat/usage.go:82","content":"CPU: 0m, MEMORY: Alloc=2.6Mi, TotalAlloc=5.0Mi, Sys=15.1Mi, NumGC=12","level":"stat"}
{"@timestamp":"2026-02-09T01:58:26.257+05:00","caller":"load/sheddingstat.go:61","content":"(rpc) shedding_stat [1m], cpu: 0, total: 0, pass: 0, drop: 0","level":"stat"}
{"@timestamp":"2026-02-09T01:58:47.617+05:00","caller":"stat/metrics.go:210","content":"(auth.rpc) - qps: 0.0/s, drops: 0, avg time: 0.0ms, med: 0.0ms, 90th: 0.0ms, 99th: 0.0ms, 99.9th: 0.0ms","level":"stat"}
{"@timestamp":"2026-02-09T01:59:26.251+05:00","caller":"stat/usage.go:82","content":"CPU: 0m, MEMORY: Alloc=2.6Mi, TotalAlloc=5.0Mi, Sys=15.1Mi, NumGC=12","level":"stat"}
{"@timestamp":"2026-02-09T01:59:26.257+05:00","caller":"load/sheddingstat.go:61","content":"(rpc) shedding_stat [1m], cpu: 0, total: 0, pass: 0, drop: 0","level":"stat"}
{"@timestamp":"2026-02-09T01:59:47.617+05:00","caller":"stat/metrics.go:210","content":"(auth.rpc) - qps: 0.0/s, drops: 0, avg time: 0.0ms, med: 0.0ms, 90th: 0.0ms, 99th: 0.0ms, 99.9th: 0.0ms","level":"stat"}
{"@timestamp":"2026-02-09T02:00:26.251+05:00","caller":"stat/usage.go:82","content":"CPU: 0m, MEMORY: Alloc=2.5Mi, TotalAlloc=5.0Mi, Sys=15.1Mi, NumGC=13","level":"stat"}
{"@timestamp":"2026-02-09T02:00:26.257+05:00","caller":"load/sheddingstat.go:61","content":"(rpc) shedding_stat [1m], cpu: 0, total: 0, pass: 0, drop: 0","level":"stat"}
{"@timestamp":"2026-02-09T02:00:47.616+05:00","caller":"stat/metrics.go:210","content":"(auth.rpc) - qps: 0.0/s, drops: 0, avg time: 0.0ms, med: 0.0ms, 90th: 0.0ms, 99th: 0.0ms, 99.9th: 0.0ms","level":"stat"}
{"@timestamp":"2026-02-09T02:01:26.252+05:00","caller":"stat/usage.go:82","content":"CPU: 0m, MEMORY: Alloc=2.5Mi, TotalAlloc=5.0Mi, Sys=15.1Mi, NumGC=13","level":"stat"}
{"@timestamp":"2026-02-09T02:01:26.257+05:00","caller":"load/sheddingstat.go:61","content":"(rpc) shedding_stat [1m], cpu: 0, total: 0, pass: 0, drop: 0","level":"stat"}
{"@timestamp":"2026-02-09T02:01:47.617+05:00","caller":"stat/metrics.go:210","content":"(auth.rpc) - qps: 0.0/s, drops: 0, avg time: 0.0ms, med: 0.0ms, 90th: 0.0ms, 99th: 0.0ms, 99.9th: 0.0ms","level":"stat"}
{"@timestamp":"2026-02-09T02:02:26.252+05:00","caller":"stat/usage.go:82","content":"CPU: 0m, MEMORY: Alloc=2.5Mi, TotalAlloc=5.1Mi, Sys=15.1Mi, NumGC=14","level":"stat"}
{"@timestamp":"2026-02-09T02:02:26.257+05:00","caller":"load/sheddingstat.go:61","content":"(rpc) shedding_stat [1m], cpu: 0, total: 0, pass: 0, drop: 0","level":"stat"}
{"@timestamp":"2026-02-09T02:02:47.617+05:00","caller":"stat/metrics.go:210","content":"(auth.rpc) - qps: 0.0/s, drops: 0, avg time: 0.0ms, med: 0.0ms, 90th: 0.0ms, 99th: 0.0ms, 99.9th: 0.0ms","level":"stat"}
{"@timestamp":"2026-02-09T02:03:26.253+05:00","caller":"stat/usage.go:82","content":"CPU: 0m, MEMORY: Alloc=2.6Mi, TotalAlloc=5.1Mi, Sys=15.1Mi, NumGC=14","level":"stat"}
{"@timestamp":"2026-02-09T02:03:26.257+05:00","caller":"load/sheddingstat.go:61","content":"(rpc) shedding_stat [1m], cpu: 0, total: 0, pass: 0, drop: 0","level":"stat"}
{"@timestamp":"2026-02-09T02:03:47.617+05:00","caller":"stat/metrics.go:210","content":"(auth.rpc) - qps: 0.0/s, drops: 0, avg time: 0.0ms, med: 0.0ms, 90th: 0.0ms, 99th: 0.0ms, 99.9th: 0.0ms","level":"stat"}
{"@timestamp":"2026-02-09T02:04:26.251+05:00","caller":"stat/usage.go:82","content":"CPU: 0m, MEMORY: Alloc=2.5Mi, TotalAlloc=5.2Mi, Sys=15.1Mi, NumGC=15","level":"stat"}
{"@timestamp":"2026-02-09T02:04:26.257+05:00","caller":"load/sheddingstat.go:61","content":"(rpc) shedding_stat [1m], cpu: 0, total: 0, pass: 0, drop: 0","level":"stat"}
{"@timestamp":"2026-02-09T02:04:47.617+05:00","caller":"stat/metrics.go:210","content":"(auth.rpc) - qps: 0.0/s, drops: 0, avg time: 0.0ms, med: 0.0ms, 90th: 0.0ms, 99th: 0.0ms, 99.9th: 0.0ms","level":"stat"}
{"@timestamp":"2026-02-09T02:05:26.252+05:00","caller":"stat/usage.go:82","content":"CPU: 0m, MEMORY: Alloc=2.5Mi, TotalAlloc=5.2Mi, Sys=15.1Mi, NumGC=15","level":"stat"}
{"@timestamp":"2026-02-09T02:05:26.257+05:00","caller":"load/sheddingstat.go:61","content":"(rpc) shedding_stat [1m], cpu: 0, total: 0, pass: 0, drop: 0","level":"stat"}
{"@timestamp":"2026-02-09T02:05:47.617+05:00","caller":"stat/metrics.go:210","content":"(auth.rpc) - qps: 0.0/s, drops: 0, avg time: 0.0ms, med: 0.0ms, 90th: 0.0ms, 99th: 0.0ms, 99.9th: 0.0ms","level":"stat"}
{"@timestamp":"2026-02-09T02:06:26.258+05:00","caller":"stat/usage.go:82","content":"CPU: 0m, MEMORY: Alloc=2.5Mi, TotalAlloc=5.2Mi, Sys=15.1Mi, NumGC=16","level":"stat"}
{"@timestamp":"2026-02-09T02:06:26.262+05:00","caller":"load/sheddingstat.go:61","content":"(rpc) shedding_stat [1m], cpu: 0, total: 0, pass: 0, drop: 0","level":"stat"}
{"@timestamp":"2026-02-09T02:06:47.624+05:00","caller":"stat/metrics.go:210","content":"(auth.rpc) - qps: 0.0/s, drops: 0, avg time: 0.0ms, med: 0.0ms, 90th: 0.0ms, 99th: 0.0ms, 99.9th: 0.0ms","level":"stat"}
{"@timestamp":"2026-02-09T02:07:26.258+05:00","caller":"stat/usage.go:82","content":"CPU: 0m, MEMORY: Alloc=2.5Mi, TotalAlloc=5.2Mi, Sys=15.1Mi, NumGC=16","level":"stat"}
{"@timestamp":"2026-02-09T02:07:26.263+05:00","caller":"load/sheddingstat.go:61","content":"(rpc) shedding_stat [1m], cpu: 0, total: 0, pass: 0, drop: 0","level":"stat"}
{"@timestamp":"2026-02-09T02:07:47.623+05:00","caller":"stat/metrics.go:210","content":"(auth.rpc) - qps: 0.0/s, drops: 0, avg time: 0.0ms, med: 0.0ms, 90th: 0.0ms, 99th: 0.0ms, 99.9th: 0.0ms","level":"stat"}
{"@timestamp":"2026-02-09T02:08:26.259+05:00","caller":"stat/usage.go:82","content":"CPU: 0m, MEMORY: Alloc=2.5Mi, TotalAlloc=5.2Mi, Sys=15.1Mi, NumGC=17","level":"stat"}
{"@timestamp":"2026-02-09T02:08:26.263+05:00","caller":"load/sheddingstat.go:61","content":"(rpc) shedding_stat [1m], cpu: 0, total: 0, pass: 0, drop: 0","level":"stat"}
{"@timestamp":"2026-02-09T02:08:47.623+05:00","caller":"stat/metrics.go:210","content":"(auth.rpc) - qps: 0.0/s, drops: 0, avg time: 0.0ms, med: 0.0ms, 90th: 0.0ms, 99th: 0.0ms, 99.9th: 0.0ms","level":"stat"}
{"@timestamp":"2026-02-09T02:09:26.258+05:00","caller":"stat/usage.go:82","content":"CPU: 0m, MEMORY: Alloc=2.5Mi, TotalAlloc=5.2Mi, Sys=15.1Mi, NumGC=17","level":"stat"}
{"@timestamp":"2026-02-09T02:09:26.263+05:00","caller":"load/sheddingstat.go:61","content":"(rpc) shedding_stat [1m], cpu: 0, total: 0, pass: 0, drop: 0","level":"stat"}
{"@timestamp":"2026-02-09T02:09:47.623+05:00","caller":"stat/metrics.go:210","content":"(auth.rpc) - qps: 0.0/s, drops: 0, avg time: 0.0ms, med: 0.0ms, 90th: 0.0ms, 99th: 0.0ms, 99.9th: 0.0ms","level":"stat"}
{"@timestamp":"2026-02-09T02:10:26.257+05:00","caller":"stat/usage.go:82","content":"CPU: 0m, MEMORY: Alloc=2.5Mi, TotalAlloc=5.3Mi, Sys=15.1Mi, NumGC=18","level":"stat"}
{"@timestamp":"2026-02-09T02:10:26.263+05:00","caller":"load/sheddingstat.go:61","content":"(rpc) shedding_stat [1m], cpu: 0, total: 0, pass: 0, drop: 0","level":"stat"}
{"@timestamp":"2026-02-09T02:10:47.623+05:00","caller":"stat/metrics.go:210","content":"(auth.rpc) - qps: 0.0/s, drops: 0, avg time: 0.0ms, med: 0.0ms, 90th: 0.0ms, 99th: 0.0ms, 99.9th: 0.0ms","level":"stat"}
{"@timestamp":"2026-02-09T02:11:26.258+05:00","caller":"stat/usage.go:82","content":"CPU: 0m, MEMORY: Alloc=2.5Mi, TotalAlloc=5.3Mi, Sys=15.1Mi, NumGC=18","level":"stat"}
{"@timestamp":"2026-02-09T02:11:26.263+05:00","caller":"load/sheddingstat.go:61","content":"(rpc) shedding_stat [1m], cpu: 0, total: 0, pass: 0, drop: 0","level":"stat"}
{"@timestamp":"2026-02-09T02:11:47.623+05:00","caller":"stat/metrics.go:210","content":"(auth.rpc) - qps: 0.0/s, drops: 0, avg time: 0.0ms, med: 0.0ms, 90th: 0.0ms, 99th: 0.0ms, 99.9th: 0.0ms","level":"stat"}
{"@timestamp":"2026-02-09T02:12:26.258+05:00","caller":"stat/usage.go:82","content":"CPU: 0m, MEMORY: Alloc=2.5Mi, TotalAlloc=5.3Mi, Sys=15.1Mi, NumGC=19","level":"stat"}
{"@timestamp":"2026-02-09T02:12:26.263+05:00","caller":"load/sheddingstat.go:61","content":"(rpc) shedding_stat [1m], cpu: 0, total: 0, pass: 0, drop: 0","level":"stat"}
{"@timestamp":"2026-02-09T02:12:47.623+05:00","caller":"stat/metrics.go:210","content":"(auth.rpc) - qps: 0.0/s, drops: 0, avg time: 0.0ms, med: 0.0ms, 90th: 0.0ms, 99th: 0.0ms, 99.9th: 0.0ms","level":"stat"}
{"@timestamp":"2026-02-09T02:13:26.258+05:00","caller":"stat/usage.go:82","content":"CPU: 0m, MEMORY: Alloc=2.5Mi, TotalAlloc=5.3Mi, Sys=15.1Mi, NumGC=19","level":"stat"}
{"@timestamp":"2026-02-09T02:13:26.263+05:00","caller":"load/sheddingstat.go:61","content":"(rpc) shedding_stat [1m], cpu: 0, total: 0, pass: 0, drop: 0","level":"stat"}
{"@timestamp":"2026-02-09T02:13:47.623+05:00","caller":"stat/metrics.go:210","content":"(auth.rpc) - qps: 0.0/s, drops: 0, avg time: 0.0ms, med: 0.0ms, 90th: 0.0ms, 99th: 0.0ms, 99.9th: 0.0ms","level":"stat"}
{"@timestamp":"2026-02-09T02:14:26.258+05:00","caller":"stat/usage.go:82","content":"CPU: 0m, MEMORY: Alloc=2.5Mi, TotalAlloc=5.4Mi, Sys=15.1Mi, NumGC=20","level":"stat"}
{"@timestamp":"2026-02-09T02:14:26.263+05:00","caller":"load/sheddingstat.go:61","content":"(rpc) shedding_stat [1m], cpu: 0, total: 0, pass: 0, drop: 0","level":"stat"}
{"@timestamp":"2026-02-09T02:14:47.624+05:00","caller":"stat/metrics.go:210","content":"(auth.rpc) - qps: 0.0/s, drops: 0, avg time: 0.0ms, med: 0.0ms, 90th: 0.0ms, 99th: 0.0ms, 99.9th: 0.0ms","level":"stat"}
{"@timestamp":"2026-02-09T02:15:26.258+05:00","caller":"stat/usage.go:82","content":"CPU: 0m, MEMORY: Alloc=2.5Mi, TotalAlloc=5.4Mi, Sys=15.1Mi, NumGC=20","level":"stat"}
{"@timestamp":"2026-02-09T02:15:26.263+05:00","caller":"load/sheddingstat.go:61","content":"(rpc) shedding_stat [1m], cpu: 0, total: 0, pass: 0, drop: 0","level":"stat"}
{"@timestamp":"2026-02-09T02:15:47.623+05:00","caller":"stat/metrics.go:210","content":"(auth.rpc) - qps: 0.0/s, drops: 0, avg time: 0.0ms, med: 0.0ms, 90th: 0.0ms, 99th: 0.0ms, 99.9th: 0.0ms","level":"stat"}
{"@timestamp":"2026-02-09T02:16:26.257+05:00","caller":"stat/usage.go:82","content":"CPU: 0m, MEMORY: Alloc=2.5Mi, TotalAlloc=5.4Mi, Sys=15.1Mi, NumGC=21","level":"stat"}
{"@timestamp":"2026-02-09T02:16:26.263+05:00","caller":"load/sheddingstat.go:61","content":"(rpc) shedding_stat [1m], cpu: 0, total: 0, pass: 0, drop: 0","level":"stat"}
{"@timestamp":"2026-02-09T02:16:47.623+05:00","caller":"stat/metrics.go:210","content":"(auth.rpc) - qps: 0.0/s, drops: 0, avg time: 0.0ms, med: 0.0ms, 90th: 0.0ms, 99th: 0.0ms, 99.9th: 0.0ms","level":"stat"}
{"@timestamp":"2026-02-09T02:17:26.258+05:00","caller":"stat/usage.go:82","content":"CPU: 0m, MEMORY: Alloc=2.5Mi, TotalAlloc=5.4Mi, Sys=15.1Mi, NumGC=21","level":"stat"}
{"@timestamp":"2026-02-09T02:17:26.263+05:00","caller":"load/sheddingstat.go:61","content":"(rpc) shedding_stat [1m], cpu: 0, total: 0, pass: 0, drop: 0","level":"stat"}
{"@timestamp":"2026-02-09T02:17:47.623+05:00","caller":"stat/metrics.go:210","content":"(auth.rpc) - qps: 0.0/s, drops: 0, avg time: 0.0ms, med: 0.0ms, 90th: 0.0ms, 99th: 0.0ms, 99.9th: 0.0ms","level":"stat"}
{"@timestamp":"2026-02-09T02:18:26.258+05:00","caller":"stat/usage.go:82","content":"CPU: 0m, MEMORY: Alloc=2.5Mi, TotalAlloc=5.4Mi, Sys=15.1Mi, NumGC=22","level":"stat"}
{"@timestamp":"2026-02-09T02:18:26.263+05:00","caller":"load/sheddingstat.go:61","content":"(rpc) shedding_stat [1m], cpu: 0, total: 0, pass: 0, drop: 0","level":"stat"}
{"@timestamp":"2026-02-09T02:18:47.623+05:00","caller":"stat/metrics.go:210","content":"(auth.rpc) - qps: 0.0/s, drops: 0, avg time: 0.0ms, med: 0.0ms, 90th: 0.0ms, 99th: 0.0ms, 99.9th: 0.0ms","level":"stat"}
{"@timestamp":"2026-02-09T02:19:26.258+05:00","caller":"stat/usage.go:82","content":"CPU: 0m, MEMORY: Alloc=2.5Mi, TotalAlloc=5.4Mi, Sys=15.1Mi, NumGC=22","level":"stat"}
{"@timestamp":"2026-02-09T02:19:26.263+05:00","caller":"load/sheddingstat.go:61","content":"(rpc) shedding_stat [1m], cpu: 0, total: 0, pass: 0, drop: 0","level":"stat"}
{"@timestamp":"2026-02-09T02:19:47.624+05:00","caller":"stat/metrics.go:210","content":"(auth.rpc) - qps: 0.0/s, drops: 0, avg time: 0.0ms, med: 0.0ms, 90th: 0.0ms, 99th: 0.0ms, 99.9th: 0.0ms","level":"stat"}
{"@timestamp":"2026-02-09T02:20:26.258+05:00","caller":"stat/usage.go:82","content":"CPU: 0m, MEMORY: Alloc=2.5Mi, TotalAlloc=5.5Mi, Sys=15.1Mi, NumGC=23","level":"stat"}
{"@timestamp":"2026-02-09T02:20:26.263+05:00","caller":"load/sheddingstat.go:61","content":"(rpc) shedding_stat [1m], cpu: 0, total: 0, pass: 0, drop: 0","level":"stat"}
{"@timestamp":"2026-02-09T02:20:47.624+05:00","caller":"stat/metrics.go:210","content":"(auth.rpc) - qps: 0.0/s, drops: 0, avg time: 0.0ms, med: 0.0ms, 90th: 0.0ms, 99th: 0.0ms, 99.9th: 0.0ms","level":"stat"}
{"@timestamp":"2026-02-09T02:21:26.258+05:00","caller":"stat/usage.go:82","content":"CPU: 0m, MEMORY: Alloc=2.5Mi, TotalAlloc=5.5Mi, Sys=15.1Mi, NumGC=23","level":"stat"}
{"@timestamp":"2026-02-09T02:21:26.263+05:00","caller":"load/sheddingstat.go:61","content":"(rpc) shedding_stat [1m], cpu: 0, total: 0, pass: 0, drop: 0","level":"stat"}
{"@timestamp":"2026-02-09T02:21:47.624+05:00","caller":"stat/metrics.go:210","content":"(auth.rpc) - qps: 0.0/s, drops: 0, avg time: 0.0ms, med: 0.0ms, 90th: 0.0ms, 99th: 0.0ms, 99.9th: 0.0ms","level":"stat"}
{"@timestamp":"2026-02-09T02:22:26.279+05:00","caller":"stat/usage.go:82","content":"CPU: 0m, MEMORY: Alloc=2.5Mi, TotalAlloc=5.5Mi, Sys=15.1Mi, NumGC=24","level":"stat"}
{"@timestamp":"2026-02-09T02:22:26.284+05:00","caller":"load/sheddingstat.go:61","content":"(rpc) shedding_stat [1m], cpu: 0, total: 0, pass: 0, drop: 0","level":"stat"}
{"@timestamp":"2026-02-09T02:22:47.646+05:00","caller":"stat/metrics.go:210","content":"(auth.rpc) - qps: 0.0/s, drops: 0, avg time: 0.0ms, med: 0.0ms, 90th: 0.0ms, 99th: 0.0ms, 99.9th: 0.0ms","level":"stat"}
{"@timestamp":"2026-02-09T02:23:26.281+05:00","caller":"stat/usage.go:82","content":"CPU: 0m, MEMORY: Alloc=2.5Mi, TotalAlloc=5.5Mi, Sys=15.1Mi, NumGC=24","level":"stat"}
{"@timestamp":"2026-02-09T02:23:26.287+05:00","caller":"load/sheddingstat.go:61","content":"(rpc) shedding_stat [1m], cpu: 0, total: 0, pass: 0, drop: 0","level":"stat"}
{"@timestamp":"2026-02-09T02:23:47.647+05:00","caller":"stat/metrics.go:210","content":"(auth.rpc) - qps: 0.0/s, drops: 0, avg time: 0.0ms, med: 0.0ms, 90th: 0.0ms, 99th: 0.0ms, 99.9th: 0.0ms","level":"stat"}
{"@timestamp":"2026-02-09T02:24:26.281+05:00","caller":"stat/usage.go:82","content":"CPU: 0m, MEMORY: Alloc=2.5Mi, TotalAlloc=5.6Mi, Sys=15.1Mi, NumGC=25","level":"stat"}
{"@timestamp":"2026-02-09T02:24:26.287+05:00","caller":"load/sheddingstat.go:61","content":"(rpc) shedding_stat [1m], cpu: 0, total: 0, pass: 0, drop: 0","level":"stat"}
{"@timestamp":"2026-02-09T02:24:47.647+05:00","caller":"stat/metrics.go:210","content":"(auth.rpc) - qps: 0.0/s, drops: 0, avg time: 0.0ms, med: 0.0ms, 90th: 0.0ms, 99th: 0.0ms, 99.9th: 0.0ms","level":"stat"}
{"@timestamp":"2026-02-09T02:25:26.282+05:00","caller":"stat/usage.go:82","content":"CPU: 0m, MEMORY: Alloc=2.5Mi, TotalAlloc=5.6Mi, Sys=15.1Mi, NumGC=25","level":"stat"}
{"@timestamp":"2026-02-09T02:25:26.287+05:00","caller":"load/sheddingstat.go:61","content":"(rpc) shedding_stat [1m], cpu: 0, total: 0, pass: 0, drop: 0","level":"stat"}
{"@timestamp":"2026-02-09T02:25:47.647+05:00","caller":"stat/metrics.go:210","content":"(auth.rpc) - qps: 0.0/s, drops: 0, avg time: 0.0ms, med: 0.0ms, 90th: 0.0ms, 99th: 0.0ms, 99.9th: 0.0ms","level":"stat"}
{"@timestamp":"2026-02-09T02:26:26.282+05:00","caller":"stat/usage.go:82","content":"CPU: 0m, MEMORY: Alloc=2.4Mi, TotalAlloc=5.6Mi, Sys=15.1Mi, NumGC=26","level":"stat"}
{"@timestamp":"2026-02-09T02:26:26.287+05:00","caller":"load/sheddingstat.go:61","content":"(rpc) shedding_stat [1m], cpu: 0, total: 0, pass: 0, drop: 0","level":"stat"}
{"@timestamp":"2026-02-09T02:26:47.647+05:00","caller":"stat/metrics.go:210","content":"(auth.rpc) - qps: 0.0/s, drops: 0, avg time: 0.0ms, med: 0.0ms, 90th: 0.0ms, 99th: 0.0ms, 99.9th: 0.0ms","level":"stat"}
{"@timestamp":"2026-02-09T02:27:26.282+05:00","caller":"stat/usage.go:82","content":"CPU: 0m, MEMORY: Alloc=2.4Mi, TotalAlloc=5.6Mi, Sys=15.1Mi, NumGC=26","level":"stat"}
{"@timestamp":"2026-02-09T02:27:26.288+05:00","caller":"load/sheddingstat.go:61","content":"(rpc) shedding_stat [1m], cpu: 0, total: 0, pass: 0, drop: 0","level":"stat"}
{"@timestamp":"2026-02-09T02:27:47.648+05:00","caller":"stat/metrics.go:210","content":"(auth.rpc) - qps: 0.0/s, drops: 0, avg time: 0.0ms, med: 0.0ms, 90th: 0.0ms, 99th: 0.0ms, 99.9th: 0.0ms","level":"stat"}
{"@timestamp":"2026-02-09T02:28:26.282+05:00","caller":"stat/usage.go:82","content":"CPU: 0m, MEMORY: Alloc=2.5Mi, TotalAlloc=5.6Mi, Sys=15.1Mi, NumGC=27","level":"stat"}
{"@timestamp":"2026-02-09T02:28:26.288+05:00","caller":"load/sheddingstat.go:61","content":"(rpc) shedding_stat [1m], cpu: 0, total: 0, pass: 0, drop: 0","level":"stat"}
{"@timestamp":"2026-02-09T02:28:47.648+05:00","caller":"stat/metrics.go:210","content":"(auth.rpc) - qps: 0.0/s, drops: 0, avg time: 0.0ms, med: 0.0ms, 90th: 0.0ms, 99th: 0.0ms, 99.9th: 0.0ms","level":"stat"}
{"@timestamp":"2026-02-09T02:29:26.283+05:00","caller":"stat/usage.go:82","content":"CPU: 0m, MEMORY: Alloc=2.5Mi, TotalAlloc=5.6Mi, Sys=15.1Mi, NumGC=27","level":"stat"}
{"@timestamp":"2026-02-09T02:29:26.288+05:00","caller":"load/sheddingstat.go:61","content":"(rpc) shedding_stat [1m], cpu: 0, total: 0, pass: 0, drop: 0","level":"stat"}
{"@timestamp":"2026-02-09T02:29:47.648+05:00","caller":"stat/metrics.go:210","content":"(auth.rpc) - qps: 0.0/s, drops: 0, avg time: 0.0ms, med: 0.0ms, 90th: 0.0ms, 99th: 0.0ms, 99.9th: 0.0ms","level":"stat"}
{"@timestamp":"2026-02-09T02:30:26.282+05:00","caller":"stat/usage.go:82","content":"CPU: 0m, MEMORY: Alloc=2.4Mi, TotalAlloc=5.7Mi, Sys=15.1Mi, NumGC=28","level":"stat"}
{"@timestamp":"2026-02-09T02:30:26.288+05:00","caller":"load/sheddingstat.go:61","content":"(rpc) shedding_stat [1m], cpu: 0, total: 0, pass: 0, drop: 0","level":"stat"}
{"@timestamp":"2026-02-09T02:30:47.648+05:00","caller":"stat/metrics.go:210","content":"(auth.rpc) - qps: 0.0/s, drops: 0, avg time: 0.0ms, med: 0.0ms, 90th: 0.0ms, 99th: 0.0ms, 99.9th: 0.0ms","level":"stat"}
{"@timestamp":"2026-02-09T02:31:26.283+05:00","caller":"stat/usage.go:82","content":"CPU: 0m, MEMORY: Alloc=2.4Mi, TotalAlloc=5.7Mi, Sys=15.1Mi, NumGC=28","level":"stat"}
{"@timestamp":"2026-02-09T02:31:26.288+05:00","caller":"load/sheddingstat.go:61","content":"(rpc) shedding_stat [1m], cpu: 0, total: 0, pass: 0, drop: 0","level":"stat"}
{"@timestamp":"2026-02-09T02:31:47.648+05:00","caller":"stat/metrics.go:210","content":"(auth.rpc) - qps: 0.0/s, drops: 0, avg time: 0.0ms, med: 0.0ms, 90th: 0.0ms, 99th: 0.0ms, 99.9th: 0.0ms","level":"stat"}
{"@timestamp":"2026-02-09T02:32:26.283+05:00","caller":"stat/usage.go:82","content":"CPU: 0m, MEMORY: Alloc=2.5Mi, TotalAlloc=5.7Mi, Sys=15.1Mi, NumGC=29","level":"stat"}
{"@timestamp":"2026-02-09T02:32:26.288+05:00","caller":"load/sheddingstat.go:61","content":"(rpc) shedding_stat [1m], cpu: 0, total: 0, pass: 0, drop: 0","level":"stat"}
{"@timestamp":"2026-02-09T02:32:47.648+05:00","caller":"stat/metrics.go:210","content":"(auth.rpc) - qps: 0.0/s, drops: 0, avg time: 0.0ms, med: 0.0ms, 90th: 0.0ms, 99th: 0.0ms, 99.9th: 0.0ms","level":"stat"}
{"@timestamp":"2026-02-09T02:33:26.283+05:00","caller":"stat/usage.go:82","content":"CPU: 0m, MEMORY: Alloc=2.5Mi, TotalAlloc=5.7Mi, Sys=15.1Mi, NumGC=29","level":"stat"}
{"@timestamp":"2026-02-09T02:33:26.289+05:00","caller":"load/sheddingstat.go:61","content":"(rpc) shedding_stat [1m], cpu: 0, total: 0, pass: 0, drop: 0","level":"stat"}
{"@timestamp":"2026-02-09T02:36:43.573+05:00","caller":"stat/metrics.go:210","content":"(auth.rpc) - qps: 0.0/s, drops: 0, avg time: 0.0ms, med: 0.0ms, 90th: 0.0ms, 99th: 0.0ms, 99.9th: 0.0ms","level":"stat"}
{"@timestamp":"2026-02-09T03:08:47.670+05:00","caller":"stat/usage.go:82","content":"CPU: 0m, MEMORY: Alloc=2.4Mi, TotalAlloc=5.7Mi, Sys=15.1Mi, NumGC=30","level":"stat"}
{"@timestamp":"2026-02-09T03:08:47.675+05:00","caller":"load/sheddingstat.go:61","content":"(rpc) shedding_stat [1m], cpu: 0, total: 0, pass: 0, drop: 0","level":"stat"}
{"@timestamp":"2026-02-09T03:24:11.010+05:00","caller":"stat/metrics.go:210","content":"(auth.rpc) - qps: 0.0/s, drops: 0, avg time: 0.0ms, med: 0.0ms, 90th: 0.0ms, 99th: 0.0ms, 99.9th: 0.0ms","level":"stat"}
{"@timestamp":"2026-02-09T03:42:39.614+05:00","caller":"stat/usage.go:82","content":"CPU: 0m, MEMORY: Alloc=2.4Mi, TotalAlloc=5.7Mi, Sys=15.1Mi, NumGC=30","level":"stat"}
{"@timestamp":"2026-02-09T03:42:39.618+05:00","caller":"load/sheddingstat.go:61","content":"(rpc) shedding_stat [1m], cpu: 0, total: 0, pass: 0, drop: 0","level":"stat"}
{"@timestamp":"2026-02-09T04:15:19.566+05:00","caller":"stat/metrics.go:210","content":"(auth.rpc) - qps: 0.0/s, drops: 0, avg time: 0.0ms, med: 0.0ms, 90th: 0.0ms, 99th: 0.0ms, 99.9th: 0.0ms","level":"stat"}
{"@timestamp":"2026-02-09T04:31:27.273+05:00","caller":"stat/usage.go:82","content":"CPU: 0m, MEMORY: Alloc=2.5Mi, TotalAlloc=5.8Mi, Sys=15.1Mi, NumGC=31","level":"stat"}
{"@timestamp":"2026-02-09T04:31:27.277+05:00","caller":"load/sheddingstat.go:61","content":"(rpc) shedding_stat [1m], cpu: 0, total: 0, pass: 0, drop: 0","level":"stat"}
{"@timestamp":"2026-02-09T04:52:01.529+05:00","caller":"stat/metrics.go:210","content":"(auth.rpc) - qps: 0.0/s, drops: 0, avg time: 0.0ms, med: 0.0ms, 90th: 0.0ms, 99th: 0.0ms, 99.9th: 0.0ms","level":"stat"}
{"@timestamp":"2026-02-09T05:11:16.682+05:00","caller":"stat/usage.go:82","content":"CPU: 0m, MEMORY: Alloc=2.5Mi, TotalAlloc=5.8Mi, Sys=15.1Mi, NumGC=31","level":"stat"}
{"@timestamp":"2026-02-09T05:11:16.687+05:00","caller":"load/sheddingstat.go:61","content":"(rpc) shedding_stat [1m], cpu: 0, total: 0, pass: 0, drop: 0","level":"stat"}
{"@timestamp":"2026-02-09T05:35:17.668+05:00","caller":"stat/metrics.go:210","content":"(auth.rpc) - qps: 0.0/s, drops: 0, avg time: 0.0ms, med: 0.0ms, 90th: 0.0ms, 99th: 0.0ms, 99.9th: 0.0ms","level":"stat"}
{"@timestamp":"2026-02-09T06:01:35.894+05:00","caller":"stat/usage.go:82","content":"CPU: 0m, MEMORY: Alloc=2.4Mi, TotalAlloc=5.8Mi, Sys=15.1Mi, NumGC=32","level":"stat"}
{"@timestamp":"2026-02-09T06:01:35.899+05:00","caller":"load/sheddingstat.go:61","content":"(rpc) shedding_stat [1m], cpu: 0, total: 0, pass: 0, drop: 0","level":"stat"}
{"@timestamp":"2026-02-09T06:01:57.252+05:00","caller":"stat/metrics.go:210","content":"(auth.rpc) - qps: 0.0/s, drops: 0, avg time: 0.0ms, med: 0.0ms, 90th: 0.0ms, 99th: 0.0ms, 99.9th: 0.0ms","level":"stat"}
{"@timestamp":"2026-02-09T06:35:35.524+05:00","caller":"stat/usage.go:82","content":"CPU: 0m, MEMORY: Alloc=2.4Mi, TotalAlloc=5.8Mi, Sys=15.1Mi, NumGC=32","level":"stat"}
{"@timestamp":"2026-02-09T06:35:35.529+05:00","caller":"load/sheddingstat.go:61","content":"(rpc) shedding_stat [1m], cpu: 0, total: 0, pass: 0, drop: 0","level":"stat"}
{"@timestamp":"2026-02-09T06:53:01.540+05:00","caller":"stat/metrics.go:210","content":"(auth.rpc) - qps: 0.0/s, drops: 0, avg time: 0.0ms, med: 0.0ms, 90th: 0.0ms, 99th: 0.0ms, 99.9th: 0.0ms","level":"stat"}
{"@timestamp":"2026-02-09T07:52:08.894+05:00","caller":"stat/usage.go:82","content":"CPU: 0m, MEMORY: Alloc=2.5Mi, TotalAlloc=5.9Mi, Sys=15.1Mi, NumGC=33","level":"stat"}
{"@timestamp":"2026-02-09T07:52:08.900+05:00","caller":"load/sheddingstat.go:61","content":"(rpc) shedding_stat [1m], cpu: 0, total: 0, pass: 0, drop: 0","level":"stat"}
{"@timestamp":"2026-02-09T08:10:45.338+05:00","caller":"stat/metrics.go:210","content":"(auth.rpc) - qps: 0.0/s, drops: 0, avg time: 0.0ms, med: 0.0ms, 90th: 0.0ms, 99th: 0.0ms, 99.9th: 0.0ms","level":"stat"}
{"@timestamp":"2026-02-09T08:53:15.527+05:00","caller":"stat/usage.go:82","content":"CPU: 0m, MEMORY: Alloc=2.5Mi, TotalAlloc=5.9Mi, Sys=15.1Mi, NumGC=33","level":"stat"}
{"@timestamp":"2026-02-09T08:53:15.531+05:00","caller":"load/sheddingstat.go:61","content":"(rpc) shedding_stat [1m], cpu: 0, total: 0, pass: 0, drop: 0","level":"stat"}
{"@timestamp":"2026-02-09T09:09:39.966+05:00","caller":"stat/metrics.go:210","content":"(auth.rpc) - qps: 0.0/s, drops: 0, avg time: 0.0ms, med: 0.0ms, 90th: 0.0ms, 99th: 0.0ms, 99.9th: 0.0ms","level":"stat"}
{"@timestamp":"2026-02-09T10:12:40.817+05:00","caller":"stat/usage.go:82","content":"CPU: 0m, MEMORY: Alloc=2.4Mi, TotalAlloc=5.9Mi, Sys=15.1Mi, NumGC=34","level":"stat"}
{"@timestamp":"2026-02-09T10:12:40.824+05:00","caller":"load/sheddingstat.go:61","content":"(rpc) shedding_stat [1m], cpu: 0, total: 0, pass: 0, drop: 0","level":"stat"}
{"@timestamp":"2026-02-09T10:13:02.180+05:00","caller":"stat/metrics.go:210","content":"(auth.rpc) - qps: 0.0/s, drops: 0, avg time: 0.0ms, med: 0.0ms, 90th: 0.0ms, 99th: 0.0ms, 99.9th: 0.0ms","level":"stat"}
{"@timestamp":"2026-02-09T10:13:40.814+05:00","caller":"stat/usage.go:82","content":"CPU: 0m, MEMORY: Alloc=2.4Mi, TotalAlloc=5.9Mi, Sys=15.1Mi, NumGC=34","level":"stat"}
{"@timestamp":"2026-02-09T10:13:40.819+05:00","caller":"load/sheddingstat.go:61","content":"(rpc) shedding_stat [1m], cpu: 0, total: 0, pass: 0, drop: 0","level":"stat"}
{"@timestamp":"2026-02-09T10:14:02.179+05:00","caller":"stat/metrics.go:210","content":"(auth.rpc) - qps: 0.0/s, drops: 0, avg time: 0.0ms, med: 0.0ms, 90th: 0.0ms, 99th: 0.0ms, 99.9th: 0.0ms","level":"stat"}
{"@timestamp":"2026-02-09T10:14:40.814+05:00","caller":"stat/usage.go:82","content":"CPU: 0m, MEMORY: Alloc=2.5Mi, TotalAlloc=5.9Mi, Sys=15.1Mi, NumGC=35","level":"stat"}
{"@timestamp":"2026-02-09T10:14:40.820+05:00","caller":"load/sheddingstat.go:61","content":"(rpc) shedding_stat [1m], cpu: 0, total: 0, pass: 0, drop: 0","level":"stat"}
{"@timestamp":"2026-02-09T10:15:02.180+05:00","caller":"stat/metrics.go:210","content":"(auth.rpc) - qps: 0.0/s, drops: 0, avg time: 0.0ms, med: 0.0ms, 90th: 0.0ms, 99th: 0.0ms, 99.9th: 0.0ms","level":"stat"}
{"@timestamp":"2026-02-09T10:15:40.814+05:00","caller":"stat/usage.go:82","content":"CPU: 0m, MEMORY: Alloc=2.5Mi, TotalAlloc=5.9Mi, Sys=15.1Mi, NumGC=35","level":"stat"}
{"@timestamp":"2026-02-09T10:15:40.819+05:00","caller":"load/sheddingstat.go:61","content":"(rpc) shedding_stat [1m], cpu: 0, total: 0, pass: 0, drop: 0","level":"stat"}
{"@timestamp":"2026-02-09T10:16:02.180+05:00","caller":"stat/metrics.go:210","content":"(auth.rpc) - qps: 0.0/s, drops: 0, avg time: 0.0ms, med: 0.0ms, 90th: 0.0ms, 99th: 0.0ms, 99.9th: 0.0ms","level":"stat"}
{"@timestamp":"2026-02-09T10:16:40.814+05:00","caller":"stat/usage.go:82","content":"CPU: 0m, MEMORY: Alloc=2.4Mi, TotalAlloc=6.0Mi, Sys=15.1Mi, NumGC=36","level":"stat"}
{"@timestamp":"2026-02-09T10:16:40.820+05:00","caller":"load/sheddingstat.go:61","content":"(rpc) shedding_stat [1m], cpu: 0, total: 0, pass: 0, drop: 0","level":"stat"}
{"@timestamp":"2026-02-09T10:17:02.179+05:00","caller":"stat/metrics.go:210","content":"(auth.rpc) - qps: 0.0/s, drops: 0, avg time: 0.0ms, med: 0.0ms, 90th: 0.0ms, 99th: 0.0ms, 99.9th: 0.0ms","level":"stat"}
{"@timestamp":"2026-02-09T10:17:40.814+05:00","caller":"stat/usage.go:82","content":"CPU: 0m, MEMORY: Alloc=2.4Mi, TotalAlloc=6.0Mi, Sys=15.1Mi, NumGC=36","level":"stat"}
{"@timestamp":"2026-02-09T10:17:40.819+05:00","caller":"load/sheddingstat.go:61","content":"(rpc) shedding_stat [1m], cpu: 0, total: 0, pass: 0, drop: 0","level":"stat"}
{"@timestamp":"2026-02-09T10:18:02.180+05:00","caller":"stat/metrics.go:210","content":"(auth.rpc) - qps: 0.0/s, drops: 0, avg time: 0.0ms, med: 0.0ms, 90th: 0.0ms, 99th: 0.0ms, 99.9th: 0.0ms","level":"stat"}
{"@timestamp":"2026-02-09T10:18:40.814+05:00","caller":"stat/usage.go:82","content":"CPU: 0m, MEMORY: Alloc=2.5Mi, TotalAlloc=6.0Mi, Sys=15.1Mi, NumGC=37","level":"stat"}
{"@timestamp":"2026-02-09T10:18:40.819+05:00","caller":"load/sheddingstat.go:61","content":"(rpc) shedding_stat [1m], cpu: 0, total: 0, pass: 0, drop: 0","level":"stat"}
{"@timestamp":"2026-02-09T10:19:02.179+05:00","caller":"stat/metrics.go:210","content":"(auth.rpc) - qps: 0.0/s, drops: 0, avg time: 0.0ms, med: 0.0ms, 90th: 0.0ms, 99th: 0.0ms, 99.9th: 0.0ms","level":"stat"}
{"@timestamp":"2026-02-09T10:19:40.814+05:00","caller":"stat/usage.go:82","content":"CPU: 0m, MEMORY: Alloc=2.5Mi, TotalAlloc=6.0Mi, Sys=15.1Mi, NumGC=37","level":"stat"}
{"@timestamp":"2026-02-09T10:19:40.819+05:00","caller":"load/sheddingstat.go:61","content":"(rpc) shedding_stat [1m], cpu: 0, total: 0, pass: 0, drop: 0","level":"stat"}
{"@timestamp":"2026-02-09T10:20:02.179+05:00","caller":"stat/metrics.go:210","content":"(auth.rpc) - qps: 0.0/s, drops: 0, avg time: 0.0ms, med: 0.0ms, 90th: 0.0ms, 99th: 0.0ms, 99.9th: 0.0ms","level":"stat"}
{"@timestamp":"2026-02-09T10:20:40.813+05:00","caller":"stat/usage.go:82","content":"CPU: 0m, MEMORY: Alloc=2.5Mi, TotalAlloc=6.1Mi, Sys=15.1Mi, NumGC=38","level":"stat"}
{"@timestamp":"2026-02-09T10:20:40.819+05:00","caller":"load/sheddingstat.go:61","content":"(rpc) shedding_stat [1m], cpu: 0, total: 0, pass: 0, drop: 0","level":"stat"}
{"@timestamp":"2026-02-09T10:21:02.179+05:00","caller":"stat/metrics.go:210","content":"(auth.rpc) - qps: 0.0/s, drops: 0, avg time: 0.0ms, med: 0.0ms, 90th: 0.0ms, 99th: 0.0ms, 99.9th: 0.0ms","level":"stat"}
{"@timestamp":"2026-02-09T10:21:40.814+05:00","caller":"stat/usage.go:82","content":"CPU: 0m, MEMORY: Alloc=2.5Mi, TotalAlloc=6.1Mi, Sys=15.1Mi, NumGC=38","level":"stat"}
{"@timestamp":"2026-02-09T10:21:40.819+05:00","caller":"load/sheddingstat.go:61","content":"(rpc) shedding_stat [1m], cpu: 0, total: 0, pass: 0, drop: 0","level":"stat"}
{"@timestamp":"2026-02-09T10:22:02.179+05:00","caller":"stat/metrics.go:210","content":"(auth.rpc) - qps: 0.0/s, drops: 0, avg time: 0.0ms, med: 0.0ms, 90th: 0.0ms, 99th: 0.0ms, 99.9th: 0.0ms","level":"stat"}
{"@timestamp":"2026-02-09T10:22:40.814+05:00","caller":"stat/usage.go:82","content":"CPU: 0m, MEMORY: Alloc=2.5Mi, TotalAlloc=6.1Mi, Sys=15.1Mi, NumGC=39","level":"stat"}
{"@timestamp":"2026-02-09T10:22:40.818+05:00","caller":"load/sheddingstat.go:61","content":"(rpc) shedding_stat [1m], cpu: 0, total: 0, pass: 0, drop: 0","level":"stat"}
{"@timestamp":"2026-02-09T10:23:02.179+05:00","caller":"stat/metrics.go:210","content":"(auth.rpc) - qps: 0.0/s, drops: 0, avg time: 0.0ms, med: 0.0ms, 90th: 0.0ms, 99th: 0.0ms, 99.9th: 0.0ms","level":"stat"}
{"@timestamp":"2026-02-09T10:23:40.813+05:00","caller":"stat/usage.go:82","content":"CPU: 0m, MEMORY: Alloc=2.5Mi, TotalAlloc=6.1Mi, Sys=15.1Mi, NumGC=39","level":"stat"}
{"@timestamp":"2026-02-09T10:23:40.819+05:00","caller":"load/sheddingstat.go:61","content":"(rpc) shedding_stat [1m], cpu: 0, total: 0, pass: 0, drop: 0","level":"stat"}
{"@timestamp":"2026-02-09T10:24:02.179+05:00","caller":"stat/metrics.go:210","content":"(auth.rpc) - qps: 0.0/s, drops: 0, avg time: 0.0ms, med: 0.0ms, 90th: 0.0ms, 99th: 0.0ms, 99.9th: 0.0ms","level":"stat"}
{"@timestamp":"2026-02-09T10:24:40.811+05:00","caller":"stat/usage.go:82","content":"CPU: 0m, MEMORY: Alloc=2.5Mi, TotalAlloc=6.1Mi, Sys=15.1Mi, NumGC=40","level":"stat"}
{"@timestamp":"2026-02-09T10:24:40.817+05:00","caller":"load/sheddingstat.go:61","content":"(rpc) shedding_stat [1m], cpu: 0, total: 0, pass: 0, drop: 0","level":"stat"}
{"@timestamp":"2026-02-09T10:25:02.177+05:00","caller":"stat/metrics.go:210","content":"(auth.rpc) - qps: 0.0/s, drops: 0, avg time: 0.0ms, med: 0.0ms, 90th: 0.0ms, 99th: 0.0ms, 99.9th: 0.0ms","level":"stat"}
{"@timestamp":"2026-02-09T10:25:40.811+05:00","caller":"stat/usage.go:82","content":"CPU: 0m, MEMORY: Alloc=2.5Mi, TotalAlloc=6.1Mi, Sys=15.1Mi, NumGC=40","level":"stat"}
{"@timestamp":"2026-02-09T10:25:40.817+05:00","caller":"load/sheddingstat.go:61","content":"(rpc) shedding_stat [1m], cpu: 0, total: 0, pass: 0, drop: 0","level":"stat"}
{"@timestamp":"2026-02-09T10:26:02.177+05:00","caller":"stat/metrics.go:210","content":"(auth.rpc) - qps: 0.0/s, drops: 0, avg time: 0.0ms, med: 0.0ms, 90th: 0.0ms, 99th: 0.0ms, 99.9th: 0.0ms","level":"stat"}
{"@timestamp":"2026-02-09T10:26:40.811+05:00","caller":"stat/usage.go:82","content":"CPU: 0m, MEMORY: Alloc=2.5Mi, TotalAlloc=6.2Mi, Sys=15.1Mi, NumGC=41","level":"stat"}
{"@timestamp":"2026-02-09T10:26:40.816+05:00","caller":"load/sheddingstat.go:61","content":"(rpc) shedding_stat [1m], cpu: 0, total: 0, pass: 0, drop: 0","level":"stat"}
{"@timestamp":"2026-02-09T10:27:02.176+05:00","caller":"stat/metrics.go:210","content":"(auth.rpc) - qps: 0.0/s, drops: 0, avg time: 0.0ms, med: 0.0ms, 90th: 0.0ms, 99th: 0.0ms, 99.9th: 0.0ms","level":"stat"}
{"@timestamp":"2026-02-09T10:27:40.811+05:00","caller":"stat/usage.go:82","content":"CPU: 0m, MEMORY: Alloc=2.5Mi, TotalAlloc=6.2Mi, Sys=15.1Mi, NumGC=41","level":"stat"}
{"@timestamp":"2026-02-09T10:27:40.816+05:00","caller":"load/sheddingstat.go:61","content":"(rpc) shedding_stat [1m], cpu: 0, total: 0, pass: 0, drop: 0","level":"stat"}
{"@timestamp":"2026-02-09T10:28:02.177+05:00","caller":"stat/metrics.go:210","content":"(auth.rpc) - qps: 0.0/s, drops: 0, avg time: 0.0ms, med: 0.0ms, 90th: 0.0ms, 99th: 0.0ms, 99.9th: 0.0ms","level":"stat"}
{"@timestamp":"2026-02-09T10:28:40.811+05:00","caller":"stat/usage.go:82","content":"CPU: 0m, MEMORY: Alloc=2.4Mi, TotalAlloc=6.2Mi, Sys=15.1Mi, NumGC=42","level":"stat"}
{"@timestamp":"2026-02-09T10:28:40.816+05:00","caller":"load/sheddingstat.go:61","content":"(rpc) shedding_stat [1m], cpu: 0, total: 0, pass: 0, drop: 0","level":"stat"}
{"@timestamp":"2026-02-09T10:29:02.176+05:00","caller":"stat/metrics.go:210","content":"(auth.rpc) - qps: 0.0/s, drops: 0, avg time: 0.0ms, med: 0.0ms, 90th: 0.0ms, 99th: 0.0ms, 99.9th: 0.0ms","level":"stat"}
{"@timestamp":"2026-02-09T10:29:40.811+05:00","caller":"stat/usage.go:82","content":"CPU: 0m, MEMORY: Alloc=2.4Mi, TotalAlloc=6.2Mi, Sys=15.1Mi, NumGC=42","level":"stat"}
{"@timestamp":"2026-02-09T10:29:40.816+05:00","caller":"load/sheddingstat.go:61","content":"(rpc) shedding_stat [1m], cpu: 0, total: 0, pass: 0, drop: 0","level":"stat"}
{"@timestamp":"2026-02-09T10:30:02.176+05:00","caller":"stat/metrics.go:210","content":"(auth.rpc) - qps: 0.0/s, drops: 0, avg time: 0.0ms, med: 0.0ms, 90th: 0.0ms, 99th: 0.0ms, 99.9th: 0.0ms","level":"stat"}
{"@timestamp":"2026-02-09T10:30:40.811+05:00","caller":"stat/usage.go:82","content":"CPU: 0m, MEMORY: Alloc=2.5Mi, TotalAlloc=6.3Mi, Sys=15.1Mi, NumGC=43","level":"stat"}
{"@timestamp":"2026-02-09T10:30:40.816+05:00","caller":"load/sheddingstat.go:61","content":"(rpc) shedding_stat [1m], cpu: 0, total: 0, pass: 0, drop: 0","level":"stat"}
{"@timestamp":"2026-02-09T10:31:02.176+05:00","caller":"stat/metrics.go:210","content":"(auth.rpc) - qps: 0.0/s, drops: 0, avg time: 0.0ms, med: 0.0ms, 90th: 0.0ms, 99th: 0.0ms, 99.9th: 0.0ms","level":"stat"}
{"@timestamp":"2026-02-09T10:31:40.811+05:00","caller":"stat/usage.go:82","content":"CPU: 0m, MEMORY: Alloc=2.5Mi, TotalAlloc=6.3Mi, Sys=15.1Mi, NumGC=43","level":"stat"}
{"@timestamp":"2026-02-09T10:31:40.816+05:00","caller":"load/sheddingstat.go:61","content":"(rpc) shedding_stat [1m], cpu: 0, total: 0, pass: 0, drop: 0","level":"stat"}
{"@timestamp":"2026-02-09T10:32:02.176+05:00","caller":"stat/metrics.go:210","content":"(auth.rpc) - qps: 0.0/s, drops: 0, avg time: 0.0ms, med: 0.0ms, 90th: 0.0ms, 99th: 0.0ms, 99.9th: 0.0ms","level":"stat"}
{"@timestamp":"2026-02-09T10:32:40.812+05:00","caller":"stat/usage.go:82","content":"CPU: 0m, MEMORY: Alloc=2.4Mi, TotalAlloc=6.3Mi, Sys=15.1Mi, NumGC=44","level":"stat"}
{"@timestamp":"2026-02-09T10:32:40.816+05:00","caller":"load/sheddingstat.go:61","content":"(rpc) shedding_stat [1m], cpu: 0, total: 0, pass: 0, drop: 0","level":"stat"}
{"@timestamp":"2026-02-09T10:33:02.176+05:00","caller":"stat/metrics.go:210","content":"(auth.rpc) - qps: 0.0/s, drops: 0, avg time: 0.0ms, med: 0.0ms, 90th: 0.0ms, 99th: 0.0ms, 99.9th: 0.0ms","level":"stat"}
{"@timestamp":"2026-02-09T10:33:40.812+05:00","caller":"stat/usage.go:82","content":"CPU: 0m, MEMORY: Alloc=2.4Mi, TotalAlloc=6.3Mi, Sys=15.1Mi, NumGC=44","level":"stat"}
{"@timestamp":"2026-02-09T10:33:40.816+05:00","caller":"load/sheddingstat.go:61","content":"(rpc) shedding_stat [1m], cpu: 0, total: 0, pass: 0, drop: 0","level":"stat"}
{"@timestamp":"2026-02-09T10:34:02.175+05:00","caller":"stat/metrics.go:210","content":"(auth.rpc) - qps: 0.0/s, drops: 0, avg time: 0.0ms, med: 0.0ms, 90th: 0.0ms, 99th: 0.0ms, 99.9th: 0.0ms","level":"stat"}
{"@timestamp":"2026-02-09T10:34:40.811+05:00","caller":"stat/usage.go:82","content":"CPU: 0m, MEMORY: Alloc=2.5Mi, TotalAlloc=6.3Mi, Sys=15.1Mi, NumGC=45","level":"stat"}
{"@timestamp":"2026-02-09T10:34:40.816+05:00","caller":"load/sheddingstat.go:61","content":"(rpc) shedding_stat [1m], cpu: 0, total: 0, pass: 0, drop: 0","level":"stat"}
{"@timestamp":"2026-02-09T10:35:02.177+05:00","caller":"stat/metrics.go:210","content":"(auth.rpc) - qps: 0.0/s, drops: 0, avg time: 0.0ms, med: 0.0ms, 90th: 0.0ms, 99th: 0.0ms, 99.9th: 0.0ms","level":"stat"}
{"@timestamp":"2026-02-09T10:35:40.811+05:00","caller":"stat/usage.go:82","content":"CPU: 0m, MEMORY: Alloc=2.5Mi, TotalAlloc=6.3Mi, Sys=15.1Mi, NumGC=45","level":"stat"}
{"@timestamp":"2026-02-09T10:35:40.815+05:00","caller":"load/sheddingstat.go:61","content":"(rpc) shedding_stat [1m], cpu: 0, total: 0, pass: 0, drop: 0","level":"stat"}
{"@timestamp":"2026-02-09T10:36:02.175+05:00","caller":"stat/metrics.go:210","content":"(auth.rpc) - qps: 0.0/s, drops: 0, avg time: 0.0ms, med: 0.0ms, 90th: 0.0ms, 99th: 0.0ms, 99.9th: 0.0ms","level":"stat"}
{"@timestamp":"2026-02-09T10:36:40.811+05:00","caller":"stat/usage.go:82","content":"CPU: 0m, MEMORY: Alloc=2.5Mi, TotalAlloc=6.4Mi, Sys=15.1Mi, NumGC=46","level":"stat"}
{"@timestamp":"2026-02-09T10:36:40.815+05:00","caller":"load/sheddingstat.go:61","content":"(rpc) shedding_stat [1m], cpu: 0, total: 0, pass: 0, drop: 0","level":"stat"}
{"@timestamp":"2026-02-09T10:37:02.175+05:00","caller":"stat/metrics.go:210","content":"(auth.rpc) - qps: 0.0/s, drops: 0, avg time: 0.0ms, med: 0.0ms, 90th: 0.0ms, 99th: 0.0ms, 99.9th: 0.0ms","level":"stat"}
{"@timestamp":"2026-02-09T10:37:40.809+05:00","caller":"stat/usage.go:82","content":"CPU: 0m, MEMORY: Alloc=2.5Mi, TotalAlloc=6.4Mi, Sys=15.1Mi, NumGC=46","level":"stat"}
{"@timestamp":"2026-02-09T10:37:40.816+05:00","caller":"load/sheddingstat.go:61","content":"(rpc) shedding_stat [1m], cpu: 0, total: 0, pass: 0, drop: 0","level":"stat"}
{"@timestamp":"2026-02-09T10:38:02.175+05:00","caller":"stat/metrics.go:210","content":"(auth.rpc) - qps: 0.0/s, drops: 0, avg time: 0.0ms, med: 0.0ms, 90th: 0.0ms, 99th: 0.0ms, 99.9th: 0.0ms","level":"stat"}
{"@timestamp":"2026-02-09T10:38:40.810+05:00","caller":"stat/usage.go:82","content":"CPU: 0m, MEMORY: Alloc=2.5Mi, TotalAlloc=6.4Mi, Sys=15.1Mi, NumGC=47","level":"stat"}
{"@timestamp":"2026-02-09T10:38:40.815+05:00","caller":"load/sheddingstat.go:61","content":"(rpc) shedding_stat [1m], cpu: 0, total: 0, pass: 0, drop: 0","level":"stat"}
{"@timestamp":"2026-02-09T10:39:02.175+05:00","caller":"stat/metrics.go:210","content":"(auth.rpc) - qps: 0.0/s, drops: 0, avg time: 0.0ms, med: 0.0ms, 90th: 0.0ms, 99th: 0.0ms, 99.9th: 0.0ms","level":"stat"}
{"@timestamp":"2026-02-09T10:39:40.810+05:00","caller":"stat/usage.go:82","content":"CPU: 0m, MEMORY: Alloc=2.5Mi, TotalAlloc=6.4Mi, Sys=15.1Mi, NumGC=47","level":"stat"}
{"@timestamp":"2026-02-09T10:39:40.815+05:00","caller":"load/sheddingstat.go:61","content":"(rpc) shedding_stat [1m], cpu: 0, total: 0, pass: 0, drop: 0","level":"stat"}
{"@timestamp":"2026-02-09T10:40:02.175+05:00","caller":"stat/metrics.go:210","content":"(auth.rpc) - qps: 0.0/s, drops: 0, avg time: 0.0ms, med: 0.0ms, 90th: 0.0ms, 99th: 0.0ms, 99.9th: 0.0ms","level":"stat"}
{"@timestamp":"2026-02-09T10:40:40.808+05:00","caller":"stat/usage.go:82","content":"CPU: 0m, MEMORY: Alloc=2.5Mi, TotalAlloc=6.5Mi, Sys=15.1Mi, NumGC=48","level":"stat"}
{"@timestamp":"2026-02-09T10:40:40.813+05:00","caller":"load/sheddingstat.go:61","content":"(rpc) shedding_stat [1m], cpu: 0, total: 0, pass: 0, drop: 0","level":"stat"}
{"@timestamp":"2026-02-09T10:41:02.174+05:00","caller":"stat/metrics.go:210","content":"(auth.rpc) - qps: 0.0/s, drops: 0, avg time: 0.0ms, med: 0.0ms, 90th: 0.0ms, 99th: 0.0ms, 99.9th: 0.0ms","level":"stat"}
{"@timestamp":"2026-02-09T10:41:40.808+05:00","caller":"stat/usage.go:82","content":"CPU: 0m, MEMORY: Alloc=2.5Mi, TotalAlloc=6.5Mi, Sys=15.1Mi, NumGC=48","level":"stat"}
{"@timestamp":"2026-02-09T10:41:40.813+05:00","caller":"load/sheddingstat.go:61","content":"(rpc) shedding_stat [1m], cpu: 0, total: 0, pass: 0, drop: 0","level":"stat"}
{"@timestamp":"2026-02-09T10:42:02.173+05:00","caller":"stat/metrics.go:210","content":"(auth.rpc) - qps: 0.0/s, drops: 0, avg time: 0.0ms, med: 0.0ms, 90th: 0.0ms, 99th: 0.0ms, 99.9th: 0.0ms","level":"stat"}
{"@timestamp":"2026-02-09T10:42:40.808+05:00","caller":"stat/usage.go:82","content":"CPU: 0m, MEMORY: Alloc=2.5Mi, TotalAlloc=6.5Mi, Sys=15.1Mi, NumGC=49","level":"stat"}
{"@timestamp":"2026-02-09T10:42:40.813+05:00","caller":"load/sheddingstat.go:61","content":"(rpc) shedding_stat [1m], cpu: 0, total: 0, pass: 0, drop: 0","level":"stat"}
{"@timestamp":"2026-02-09T10:43:02.173+05:00","caller":"stat/metrics.go:210","content":"(auth.rpc) - qps: 0.0/s, drops: 0, avg time: 0.0ms, med: 0.0ms, 90th: 0.0ms, 99th: 0.0ms, 99.9th: 0.0ms","level":"stat"}
{"@timestamp":"2026-02-09T10:43:40.808+05:00","caller":"stat/usage.go:82","content":"CPU: 0m, MEMORY: Alloc=2.5Mi, TotalAlloc=6.5Mi, Sys=15.1Mi, NumGC=49","level":"stat"}
{"@timestamp":"2026-02-09T10:43:40.813+05:00","caller":"load/sheddingstat.go:61","content":"(rpc) shedding_stat [1m], cpu: 0, total: 0, pass: 0, drop: 0","level":"stat"}
{"@timestamp":"2026-02-09T10:44:02.173+05:00","caller":"stat/metrics.go:210","content":"(auth.rpc) - qps: 0.0/s, drops: 0, avg time: 0.0ms, med: 0.0ms, 90th: 0.0ms, 99th: 0.0ms, 99.9th: 0.0ms","level":"stat"}
{"@timestamp":"2026-02-09T10:44:40.808+05:00","caller":"stat/usage.go:82","content":"CPU: 0m, MEMORY: Alloc=2.4Mi, TotalAlloc=6.5Mi, Sys=15.1Mi, NumGC=50","level":"stat"}
{"@timestamp":"2026-02-09T10:44:40.813+05:00","caller":"load/sheddingstat.go:61","content":"(rpc) shedding_stat [1m], cpu: 0, total: 0, pass: 0, drop: 0","level":"stat"}
{"@timestamp":"2026-02-09T10:45:02.173+05:00","caller":"stat/metrics.go:210","content":"(auth.rpc) - qps: 0.0/s, drops: 0, avg time: 0.0ms, med: 0.0ms, 90th: 0.0ms, 99th: 0.0ms, 99.9th: 0.0ms","level":"stat"}
{"@timestamp":"2026-02-09T10:45:40.807+05:00","caller":"stat/usage.go:82","content":"CPU: 0m, MEMORY: Alloc=2.4Mi, TotalAlloc=6.5Mi, Sys=15.1Mi, NumGC=50","level":"stat"}
{"@timestamp":"2026-02-09T10:45:40.812+05:00","caller":"load/sheddingstat.go:61","content":"(rpc) shedding_stat [1m], cpu: 0, total: 0, pass: 0, drop: 0","level":"stat"}
{"@timestamp":"2026-02-09T10:46:02.173+05:00","caller":"stat/metrics.go:210","content":"(auth.rpc) - qps: 0.0/s, drops: 0, avg time: 0.0ms, med: 0.0ms, 90th: 0.0ms, 99th: 0.0ms, 99.9th: 0.0ms","level":"stat"}
{"@timestamp":"2026-02-09T10:46:40.806+05:00","caller":"stat/usage.go:82","content":"CPU: 0m, MEMORY: Alloc=2.5Mi, TotalAlloc=6.6Mi, Sys=15.1Mi, NumGC=51","level":"stat"}
{"@timestamp":"2026-02-09T10:46:40.813+05:00","caller":"load/sheddingstat.go:61","content":"(rpc) shedding_stat [1m], cpu: 0, total: 0, pass: 0, drop: 0","level":"stat"}
{"@timestamp":"2026-02-09T10:47:02.172+05:00","caller":"stat/metrics.go:210","content":"(auth.rpc) - qps: 0.0/s, drops: 0, avg time: 0.0ms, med: 0.0ms, 90th: 0.0ms, 99th: 0.0ms, 99.9th: 0.0ms","level":"stat"}
{"@timestamp":"2026-02-09T10:47:40.807+05:00","caller":"stat/usage.go:82","content":"CPU: 0m, MEMORY: Alloc=2.5Mi, TotalAlloc=6.6Mi, Sys=15.1Mi, NumGC=51","level":"stat"}
{"@timestamp":"2026-02-09T10:47:40.812+05:00","caller":"load/sheddingstat.go:61","content":"(rpc) shedding_stat [1m], cpu: 0, total: 0, pass: 0, drop: 0","level":"stat"}
{"@timestamp":"2026-02-09T10:48:02.173+05:00","caller":"stat/metrics.go:210","content":"(auth.rpc) - qps: 0.0/s, drops: 0, avg time: 0.0ms, med: 0.0ms, 90th: 0.0ms, 99th: 0.0ms, 99.9th: 0.0ms","level":"stat"}
{"@timestamp":"2026-02-09T10:48:40.806+05:00","caller":"stat/usage.go:82","content":"CPU: 0m, MEMORY: Alloc=2.4Mi, TotalAlloc=6.6Mi, Sys=15.1Mi, NumGC=52","level":"stat"}
{"@timestamp":"2026-02-09T10:48:40.812+05:00","caller":"load/sheddingstat.go:61","content":"(rpc) shedding_stat [1m], cpu: 0, total: 0, pass: 0, drop: 0","level":"stat"}
{"@timestamp":"2026-02-09T10:49:02.172+05:00","caller":"stat/metrics.go:210","content":"(auth.rpc) - qps: 0.0/s, drops: 0, avg time: 0.0ms, med: 0.0ms, 90th: 0.0ms, 99th: 0.0ms, 99.9th: 0.0ms","level":"stat"}
{"@timestamp":"2026-02-09T10:49:40.807+05:00","caller":"stat/usage.go:82","content":"CPU: 0m, MEMORY: Alloc=2.4Mi, TotalAlloc=6.6Mi, Sys=15.1Mi, NumGC=52","level":"stat"}
{"@timestamp":"2026-02-09T10:49:40.812+05:00","caller":"load/sheddingstat.go:61","content":"(rpc) shedding_stat [1m], cpu: 0, total: 0, pass: 0, drop: 0","level":"stat"}
{"@timestamp":"2026-02-09T10:50:02.172+05:00","caller":"stat/metrics.go:210","content":"(auth.rpc) - qps: 0.0/s, drops: 0, avg time: 0.0ms, med: 0.0ms, 90th: 0.0ms, 99th: 0.0ms, 99.9th: 0.0ms","level":"stat"}
{"@timestamp":"2026-02-09T10:50:40.806+05:00","caller":"stat/usage.go:82","content":"CPU: 0m, MEMORY: Alloc=2.5Mi, TotalAlloc=6.7Mi, Sys=15.1Mi, NumGC=53","level":"stat"}
{"@timestamp":"2026-02-09T10:50:40.812+05:00","caller":"load/sheddingstat.go:61","content":"(rpc) shedding_stat [1m], cpu: 0, total: 0, pass: 0, drop: 0","level":"stat"}
{"@timestamp":"2026-02-09T10:51:02.172+05:00","caller":"stat/metrics.go:210","content":"(auth.rpc) - qps: 0.0/s, drops: 0, avg time: 0.0ms, med: 0.0ms, 90th: 0.0ms, 99th: 0.0ms, 99.9th: 0.0ms","level":"stat"}
{"@timestamp":"2026-02-09T10:51:40.807+05:00","caller":"stat/usage.go:82","content":"CPU: 0m, MEMORY: Alloc=2.5Mi, TotalAlloc=6.7Mi, Sys=15.1Mi, NumGC=53","level":"stat"}
{"@timestamp":"2026-02-09T10:51:40.812+05:00","caller":"load/sheddingstat.go:61","content":"(rpc) shedding_stat [1m], cpu: 0, total: 0, pass: 0, drop: 0","level":"stat"}
{"@timestamp":"2026-02-09T10:52:02.172+05:00","caller":"stat/metrics.go:210","content":"(auth.rpc) - qps: 0.0/s, drops: 0, avg time: 0.0ms, med: 0.0ms, 90th: 0.0ms, 99th: 0.0ms, 99.9th: 0.0ms","level":"stat"}
{"@timestamp":"2026-02-09T10:52:40.807+05:00","caller":"stat/usage.go:82","content":"CPU: 0m, MEMORY: Alloc=2.4Mi, TotalAlloc=6.7Mi, Sys=15.1Mi, NumGC=54","level":"stat"}
{"@timestamp":"2026-02-09T10:52:40.812+05:00","caller":"load/sheddingstat.go:61","content":"(rpc) shedding_stat [1m], cpu: 0, total: 0, pass: 0, drop: 0","level":"stat"}
{"@timestamp":"2026-02-09T10:53:02.171+05:00","caller":"stat/metrics.go:210","content":"(auth.rpc) - qps: 0.0/s, drops: 0, avg time: 0.0ms, med: 0.0ms, 90th: 0.0ms, 99th: 0.0ms, 99.9th: 0.0ms","level":"stat"}
{"@timestamp":"2026-02-09T10:53:40.805+05:00","caller":"stat/usage.go:82","content":"CPU: 0m, MEMORY: Alloc=2.4Mi, TotalAlloc=6.7Mi, Sys=15.1Mi, NumGC=54","level":"stat"}
{"@timestamp":"2026-02-09T10:53:40.812+05:00","caller":"load/sheddingstat.go:61","content":"(rpc) shedding_stat [1m], cpu: 0, total: 0, pass: 0, drop: 0","level":"stat"}
{"@timestamp":"2026-02-09T10:54:02.171+05:00","caller":"stat/metrics.go:210","content":"(auth.rpc) - qps: 0.0/s, drops: 0, avg time: 0.0ms, med: 0.0ms, 90th: 0.0ms, 99th: 0.0ms, 99.9th: 0.0ms","level":"stat"}
{"@timestamp":"2026-02-09T10:54:40.806+05:00","caller":"stat/usage.go:82","content":"CPU: 0m, MEMORY: Alloc=2.5Mi, TotalAlloc=6.7Mi, Sys=15.1Mi, NumGC=55","level":"stat"}
{"@timestamp":"2026-02-09T10:54:40.811+05:00","caller":"load/sheddingstat.go:61","content":"(rpc) shedding_stat [1m], cpu: 0, total: 0, pass: 0, drop: 0","level":"stat"}
{"@timestamp":"2026-02-09T10:55:02.172+05:00","caller":"stat/metrics.go:210","content":"(auth.rpc) - qps: 0.0/s, drops: 0, avg time: 0.0ms, med: 0.0ms, 90th: 0.0ms, 99th: 0.0ms, 99.9th: 0.0ms","level":"stat"}
{"@timestamp":"2026-02-09T10:55:40.806+05:00","caller":"stat/usage.go:82","content":"CPU: 0m, MEMORY: Alloc=2.5Mi, TotalAlloc=6.7Mi, Sys=15.1Mi, NumGC=55","level":"stat"}
{"@timestamp":"2026-02-09T10:55:40.811+05:00","caller":"load/sheddingstat.go:61","content":"(rpc) shedding_stat [1m], cpu: 0, total: 0, pass: 0, drop: 0","level":"stat"}
{"@timestamp":"2026-02-09T10:56:02.171+05:00","caller":"stat/metrics.go:210","content":"(auth.rpc) - qps: 0.0/s, drops: 0, avg time: 0.0ms, med: 0.0ms, 90th: 0.0ms, 99th: 0.0ms, 99.9th: 0.0ms","level":"stat"}
{"@timestamp":"2026-02-09T10:56:40.807+05:00","caller":"stat/usage.go:82","content":"CPU: 0m, MEMORY: Alloc=2.5Mi, TotalAlloc=6.8Mi, Sys=15.1Mi, NumGC=56","level":"stat"}
{"@timestamp":"2026-02-09T10:56:40.812+05:00","caller":"load/sheddingstat.go:61","content":"(rpc) shedding_stat [1m], cpu: 0, total: 0, pass: 0, drop: 0","level":"stat"}
{"@timestamp":"2026-02-09T10:57:02.172+05:00","caller":"stat/metrics.go:210","content":"(auth.rpc) - qps: 0.0/s, drops: 0, avg time: 0.0ms, med: 0.0ms, 90th: 0.0ms, 99th: 0.0ms, 99.9th: 0.0ms","level":"stat"}
{"@timestamp":"2026-02-09T10:57:40.807+05:00","caller":"stat/usage.go:82","content":"CPU: 0m, MEMORY: Alloc=2.5Mi, TotalAlloc=6.8Mi, Sys=15.1Mi, NumGC=56","level":"stat"}
{"@timestamp":"2026-02-09T10:57:40.812+05:00","caller":"load/sheddingstat.go:61","content":"(rpc) shedding_stat [1m], cpu: 0, total: 0, pass: 0, drop: 0","level":"stat"}
{"@timestamp":"2026-02-09T10:58:02.172+05:00","caller":"stat/metrics.go:210","content":"(auth.rpc) - qps: 0.0/s, drops: 0, avg time: 0.0ms, med: 0.0ms, 90th: 0.0ms, 99th: 0.0ms, 99.9th: 0.0ms","level":"stat"}
{"@timestamp":"2026-02-09T10:58:40.807+05:00","caller":"stat/usage.go:82","content":"CPU: 0m, MEMORY: Alloc=2.5Mi, TotalAlloc=6.8Mi, Sys=15.1Mi, NumGC=57","level":"stat"}
{"@timestamp":"2026-02-09T10:58:40.812+05:00","caller":"load/sheddingstat.go:61","content":"(rpc) shedding_stat [1m], cpu: 0, total: 0, pass: 0, drop: 0","level":"stat"}
{"@timestamp":"2026-02-09T10:59:02.172+05:00","caller":"stat/metrics.go:210","content":"(auth.rpc) - qps: 0.0/s, drops: 0, avg time: 0.0ms, med: 0.0ms, 90th: 0.0ms, 99th: 0.0ms, 99.9th: 0.0ms","level":"stat"}
{"@timestamp":"2026-02-09T10:59:40.806+05:00","caller":"stat/usage.go:82","content":"CPU: 0m, MEMORY: Alloc=2.5Mi, TotalAlloc=6.8Mi, Sys=15.1Mi, NumGC=57","level":"stat"}
{"@timestamp":"2026-02-09T10:59:40.812+05:00","caller":"load/sheddingstat.go:61","content":"(rpc) shedding_stat [1m], cpu: 0, total: 0, pass: 0, drop: 0","level":"stat"}
{"@timestamp":"2026-02-09T11:00:02.171+05:00","caller":"stat/metrics.go:210","content":"(auth.rpc) - qps: 0.0/s, drops: 0, avg time: 0.0ms, med: 0.0ms, 90th: 0.0ms, 99th: 0.0ms, 99.9th: 0.0ms","level":"stat"}
{"@timestamp":"2026-02-09T11:00:40.806+05:00","caller":"stat/usage.go:82","content":"CPU: 0m, MEMORY: Alloc=2.5Mi, TotalAlloc=6.8Mi, Sys=15.1Mi, NumGC=58","level":"stat"}
{"@timestamp":"2026-02-09T11:00:40.811+05:00","caller":"load/sheddingstat.go:61","content":"(rpc) shedding_stat [1m], cpu: 0, total: 0, pass: 0, drop: 0","level":"stat"}
{"@timestamp":"2026-02-09T11:01:02.172+05:00","caller":"stat/metrics.go:210","content":"(auth.rpc) - qps: 0.0/s, drops: 0, avg time: 0.0ms, med: 0.0ms, 90th: 0.0ms, 99th: 0.0ms, 99.9th: 0.0ms","level":"stat"}
{"@timestamp":"2026-02-09T11:01:40.806+05:00","caller":"stat/usage.go:82","content":"CPU: 0m, MEMORY: Alloc=2.5Mi, TotalAlloc=6.8Mi, Sys=15.1Mi, NumGC=58","level":"stat"}
{"@timestamp":"2026-02-09T11:01:40.811+05:00","caller":"load/sheddingstat.go:61","content":"(rpc) shedding_stat [1m], cpu: 0, total: 0, pass: 0, drop: 0","level":"stat"}
{"@timestamp":"2026-02-09T11:02:02.172+05:00","caller":"stat/metrics.go:210","content":"(auth.rpc) - qps: 0.0/s, drops: 0, avg time: 0.0ms, med: 0.0ms, 90th: 0.0ms, 99th: 0.0ms, 99.9th: 0.0ms","level":"stat"}
{"@timestamp":"2026-02-09T11:02:40.806+05:00","caller":"stat/usage.go:82","content":"CPU: 0m, MEMORY: Alloc=2.5Mi, TotalAlloc=6.9Mi, Sys=15.1Mi, NumGC=59","level":"stat"}
{"@timestamp":"2026-02-09T11:02:40.811+05:00","caller":"load/sheddingstat.go:61","content":"(rpc) shedding_stat [1m], cpu: 0, total: 0, pass: 0, drop: 0","level":"stat"}
{"@timestamp":"2026-02-09T11:03:02.172+05:00","caller":"stat/metrics.go:210","content":"(auth.rpc) - qps: 0.0/s, drops: 0, avg time: 0.0ms, med: 0.0ms, 90th: 0.0ms, 99th: 0.0ms, 99.9th: 0.0ms","level":"stat"}
{"@timestamp":"2026-02-09T11:03:40.806+05:00","caller":"stat/usage.go:82","content":"CPU: 0m, MEMORY: Alloc=2.5Mi, TotalAlloc=6.9Mi, Sys=15.1Mi, NumGC=59","level":"stat"}
{"@timestamp":"2026-02-09T11:03:40.811+05:00","caller":"load/sheddingstat.go:61","content":"(rpc) shedding_stat [1m], cpu: 0, total: 0, pass: 0, drop: 0","level":"stat"}
{"@timestamp":"2026-02-09T11:04:02.171+05:00","caller":"stat/metrics.go:210","content":"(auth.rpc) - qps: 0.0/s, drops: 0, avg time: 0.0ms, med: 0.0ms, 90th: 0.0ms, 99th: 0.0ms, 99.9th: 0.0ms","level":"stat"}
{"@timestamp":"2026-02-09T11:04:40.806+05:00","caller":"stat/usage.go:82","content":"CPU: 0m, MEMORY: Alloc=2.5Mi, TotalAlloc=6.9Mi, Sys=15.1Mi, NumGC=60","level":"stat"}
{"@timestamp":"2026-02-09T11:04:40.811+05:00","caller":"load/sheddingstat.go:61","content":"(rpc) shedding_stat [1m], cpu: 0, total: 0, pass: 0, drop: 0","level":"stat"}
{"@timestamp":"2026-02-09T11:05:02.171+05:00","caller":"stat/metrics.go:210","content":"(auth.rpc) - qps: 0.0/s, drops: 0, avg time: 0.0ms, med: 0.0ms, 90th: 0.0ms, 99th: 0.0ms, 99.9th: 0.0ms","level":"stat"}
{"@timestamp":"2026-02-09T11:05:40.806+05:00","caller":"stat/usage.go:82","content":"CPU: 0m, MEMORY: Alloc=2.5Mi, TotalAlloc=6.9Mi, Sys=15.1Mi, NumGC=60","level":"stat"}
{"@timestamp":"2026-02-09T11:05:40.811+05:00","caller":"load/sheddingstat.go:61","content":"(rpc) shedding_stat [1m], cpu: 0, total: 0, pass: 0, drop: 0","level":"stat"}
{"@timestamp":"2026-02-09T11:06:02.171+05:00","caller":"stat/metrics.go:210","content":"(auth.rpc) - qps: 0.0/s, drops: 0, avg time: 0.0ms, med: 0.0ms, 90th: 0.0ms, 99th: 0.0ms, 99.9th: 0.0ms","level":"stat"}
{"@timestamp":"2026-02-09T11:06:40.806+05:00","caller":"stat/usage.go:82","content":"CPU: 0m, MEMORY: Alloc=2.5Mi, TotalAlloc=7.0Mi, Sys=15.1Mi, NumGC=61","level":"stat"}
{"@timestamp":"2026-02-09T11:06:40.811+05:00","caller":"load/sheddingstat.go:61","content":"(rpc) shedding_stat [1m], cpu: 0, total: 0, pass: 0, drop: 0","level":"stat"}
{"@timestamp":"2026-02-09T11:07:02.171+05:00","caller":"stat/metrics.go:210","content":"(auth.rpc) - qps: 0.0/s, drops: 0, avg time: 0.0ms, med: 0.0ms, 90th: 0.0ms, 99th: 0.0ms, 99.9th: 0.0ms","level":"stat"}
{"@timestamp":"2026-02-09T11:07:40.806+05:00","caller":"stat/usage.go:82","content":"CPU: 0m, MEMORY: Alloc=2.5Mi, TotalAlloc=7.0Mi, Sys=15.1Mi, NumGC=61","level":"stat"}
{"@timestamp":"2026-02-09T11:07:40.810+05:00","caller":"load/sheddingstat.go:61","content":"(rpc) shedding_stat [1m], cpu: 0, total: 0, pass: 0, drop: 0","level":"stat"}
{"@timestamp":"2026-02-09T11:08:02.170+05:00","caller":"stat/metrics.go:210","content":"(auth.rpc) - qps: 0.0/s, drops: 0, avg time: 0.0ms, med: 0.0ms, 90th: 0.0ms, 99th: 0.0ms, 99.9th: 0.0ms","level":"stat"}
{"@timestamp":"2026-02-09T11:08:40.805+05:00","caller":"stat/usage.go:82","content":"CPU: 0m, MEMORY: Alloc=2.4Mi, TotalAlloc=7.0Mi, Sys=15.1Mi, NumGC=62","level":"stat"}
{"@timestamp":"2026-02-09T11:08:40.810+05:00","caller":"load/sheddingstat.go:61","content":"(rpc) shedding_stat [1m], cpu: 0, total: 0, pass: 0, drop: 0","level":"stat"}
{"@timestamp":"2026-02-09T11:09:02.171+05:00","caller":"stat/metrics.go:210","content":"(auth.rpc) - qps: 0.0/s, drops: 0, avg time: 0.0ms, med: 0.0ms, 90th: 0.0ms, 99th: 0.0ms, 99.9th: 0.0ms","level":"stat"}
{"@timestamp":"2026-02-09T11:09:40.805+05:00","caller":"stat/usage.go:82","content":"CPU: 0m, MEMORY: Alloc=2.4Mi, TotalAlloc=7.0Mi, Sys=15.1Mi, NumGC=62","level":"stat"}
{"@timestamp":"2026-02-09T11:09:40.810+05:00","caller":"load/sheddingstat.go:61","content":"(rpc) shedding_stat [1m], cpu: 0, total: 0, pass: 0, drop: 0","level":"stat"}
{"@timestamp":"2026-02-09T11:10:02.171+05:00","caller":"stat/metrics.go:210","content":"(auth.rpc) - qps: 0.0/s, drops: 0, avg time: 0.0ms, med: 0.0ms, 90th: 0.0ms, 99th: 0.0ms, 99.9th: 0.0ms","level":"stat"}
{"@timestamp":"2026-02-09T11:10:40.805+05:00","caller":"stat/usage.go:82","content":"CPU: 0m, MEMORY: Alloc=2.5Mi, TotalAlloc=7.0Mi, Sys=15.1Mi, NumGC=63","level":"stat"}
{"@timestamp":"2026-02-09T11:10:40.810+05:00","caller":"load/sheddingstat.go:61","content":"(rpc) shedding_stat [1m], cpu: 0, total: 0, pass: 0, drop: 0","level":"stat"}
{"@timestamp":"2026-02-09T11:11:02.171+05:00","caller":"stat/metrics.go:210","content":"(auth.rpc) - qps: 0.0/s, drops: 0, avg time: 0.0ms, med: 0.0ms, 90th: 0.0ms, 99th: 0.0ms, 99.9th: 0.0ms","level":"stat"}
{"@timestamp":"2026-02-09T11:11:40.805+05:00","caller":"stat/usage.go:82","content":"CPU: 0m, MEMORY: Alloc=2.5Mi, TotalAlloc=7.0Mi, Sys=15.1Mi, NumGC=63","level":"stat"}
{"@timestamp":"2026-02-09T11:11:40.810+05:00","caller":"load/sheddingstat.go:61","content":"(rpc) shedding_stat [1m], cpu: 0, total: 0, pass: 0, drop: 0","level":"stat"}
{"@timestamp":"2026-02-09T11:12:02.170+05:00","caller":"stat/metrics.go:210","content":"(auth.rpc) - qps: 0.0/s, drops: 0, avg time: 0.0ms, med: 0.0ms, 90th: 0.0ms, 99th: 0.0ms, 99.9th: 0.0ms","level":"stat"}
{"@timestamp":"2026-02-09T11:12:40.807+05:00","caller":"stat/usage.go:82","content":"CPU: 0m, MEMORY: Alloc=2.4Mi, TotalAlloc=7.1Mi, Sys=15.1Mi, NumGC=64","level":"stat"}
{"@timestamp":"2026-02-09T11:12:40.812+05:00","caller":"load/sheddingstat.go:61","content":"(rpc) shedding_stat [1m], cpu: 0, total: 0, pass: 0, drop: 0","level":"stat"}
{"@timestamp":"2026-02-09T11:13:02.172+05:00","caller":"stat/metrics.go:210","content":"(auth.rpc) - qps: 0.0/s, drops: 0, avg time: 0.0ms, med: 0.0ms, 90th: 0.0ms, 99th: 0.0ms, 99.9th: 0.0ms","level":"stat"}
{"@timestamp":"2026-02-09T11:13:40.807+05:00","caller":"stat/usage.go:82","content":"CPU: 0m, MEMORY: Alloc=2.4Mi, TotalAlloc=7.1Mi, Sys=15.1Mi, NumGC=64","level":"stat"}
{"@timestamp":"2026-02-09T11:13:40.812+05:00","caller":"load/sheddingstat.go:61","content":"(rpc) shedding_stat [1m], cpu: 0, total: 0, pass: 0, drop: 0","level":"stat"}
{"@timestamp":"2026-02-09T11:14:02.171+05:00","caller":"stat/metrics.go:210","content":"(auth.rpc) - qps: 0.0/s, drops: 0, avg time: 0.0ms, med: 0.0ms, 90th: 0.0ms, 99th: 0.0ms, 99.9th: 0.0ms","level":"stat"}
{"@timestamp":"2026-02-09T11:14:40.807+05:00","caller":"stat/usage.go:82","content":"CPU: 0m, MEMORY: Alloc=2.5Mi, TotalAlloc=7.1Mi, Sys=15.1Mi, NumGC=65","level":"stat"}
{"@timestamp":"2026-02-09T11:14:40.811+05:00","caller":"load/sheddingstat.go:61","content":"(rpc) shedding_stat [1m], cpu: 0, total: 0, pass: 0, drop: 0","level":"stat"}
{"@timestamp":"2026-02-09T11:15:02.171+05:00","caller":"stat/metrics.go:210","content":"(auth.rpc) - qps: 0.0/s, drops: 0, avg time: 0.0ms, med: 0.0ms, 90th: 0.0ms, 99th: 0.0ms, 99.9th: 0.0ms","level":"stat"}
{"@timestamp":"2026-02-09T11:15:40.806+05:00","caller":"stat/usage.go:82","content":"CPU: 0m, MEMORY: Alloc=2.5Mi, TotalAlloc=7.1Mi, Sys=15.1Mi, NumGC=65","level":"stat"}
{"@timestamp":"2026-02-09T11:15:40.811+05:00","caller":"load/sheddingstat.go:61","content":"(rpc) shedding_stat [1m], cpu: 0, total: 0, pass: 0, drop: 0","level":"stat"}
{"@timestamp":"2026-02-09T11:16:02.171+05:00","caller":"stat/metrics.go:210","content":"(auth.rpc) - qps: 0.0/s, drops: 0, avg time: 0.0ms, med: 0.0ms, 90th: 0.0ms, 99th: 0.0ms, 99.9th: 0.0ms","level":"stat"}
{"@timestamp":"2026-02-09T11:16:40.806+05:00","caller":"stat/usage.go:82","content":"CPU: 0m, MEMORY: Alloc=2.4Mi, TotalAlloc=7.2Mi, Sys=15.1Mi, NumGC=66","level":"stat"}
{"@timestamp":"2026-02-09T11:16:40.812+05:00","caller":"load/sheddingstat.go:61","content":"(rpc) shedding_stat [1m], cpu: 0, total: 0, pass: 0, drop: 0","level":"stat"}
{"@timestamp":"2026-02-09T11:17:02.171+05:00","caller":"stat/metrics.go:210","content":"(auth.rpc) - qps: 0.0/s, drops: 0, avg time: 0.0ms, med: 0.0ms, 90th: 0.0ms, 99th: 0.0ms, 99.9th: 0.0ms","level":"stat"}
{"@timestamp":"2026-02-09T11:17:40.806+05:00","caller":"stat/usage.go:82","content":"CPU: 0m, MEMORY: Alloc=2.4Mi, TotalAlloc=7.2Mi, Sys=15.1Mi, NumGC=66","level":"stat"}
{"@timestamp":"2026-02-09T11:17:40.811+05:00","caller":"load/sheddingstat.go:61","content":"(rpc) shedding_stat [1m], cpu: 0, total: 0, pass: 0, drop: 0","level":"stat"}
{"@timestamp":"2026-02-09T11:18:02.172+05:00","caller":"stat/metrics.go:210","content":"(auth.rpc) - qps: 0.0/s, drops: 0, avg time: 0.0ms, med: 0.0ms, 90th: 0.0ms, 99th: 0.0ms, 99.9th: 0.0ms","level":"stat"}
{"@timestamp":"2026-02-09T11:18:40.806+05:00","caller":"stat/usage.go:82","content":"CPU: 0m, MEMORY: Alloc=2.5Mi, TotalAlloc=7.2Mi, Sys=15.1Mi, NumGC=67","level":"stat"}
{"@timestamp":"2026-02-09T11:18:40.811+05:00","caller":"load/sheddingstat.go:61","content":"(rpc) shedding_stat [1m], cpu: 0, total: 0, pass: 0, drop: 0","level":"stat"}
{"@timestamp":"2026-02-09T11:19:02.171+05:00","caller":"stat/metrics.go:210","content":"(auth.rpc) - qps: 0.0/s, drops: 0, avg time: 0.0ms, med: 0.0ms, 90th: 0.0ms, 99th: 0.0ms, 99.9th: 0.0ms","level":"stat"}
{"@timestamp":"2026-02-09T11:19:40.806+05:00","caller":"stat/usage.go:82","content":"CPU: 0m, MEMORY: Alloc=2.5Mi, TotalAlloc=7.2Mi, Sys=15.1Mi, NumGC=67","level":"stat"}
{"@timestamp":"2026-02-09T11:19:40.811+05:00","caller":"load/sheddingstat.go:61","content":"(rpc) shedding_stat [1m], cpu: 0, total: 0, pass: 0, drop: 0","level":"stat"}
{"@timestamp":"2026-02-09T11:20:02.171+05:00","caller":"stat/metrics.go:210","content":"(auth.rpc) - qps: 0.0/s, drops: 0, avg time: 0.0ms, med: 0.0ms, 90th: 0.0ms, 99th: 0.0ms, 99.9th: 0.0ms","level":"stat"}
{"@timestamp":"2026-02-09T11:20:40.806+05:00","caller":"stat/usage.go:82","content":"CPU: 0m, MEMORY: Alloc=2.5Mi, TotalAlloc=7.2Mi, Sys=15.1Mi, NumGC=68","level":"stat"}
{"@timestamp":"2026-02-09T11:20:40.811+05:00","caller":"load/sheddingstat.go:61","content":"(rpc) shedding_stat [1m], cpu: 0, total: 0, pass: 0, drop: 0","level":"stat"}
{"@timestamp":"2026-02-09T11:21:02.171+05:00","caller":"stat/metrics.go:210","content":"(auth.rpc) - qps: 0.0/s, drops: 0, avg time: 0.0ms, med: 0.0ms, 90th: 0.0ms, 99th: 0.0ms, 99.9th: 0.0ms","level":"stat"}
{"@timestamp":"2026-02-09T11:21:40.805+05:00","caller":"stat/usage.go:82","content":"CPU: 0m, MEMORY: Alloc=2.5Mi, TotalAlloc=7.2Mi, Sys=15.1Mi, NumGC=68","level":"stat"}
{"@timestamp":"2026-02-09T11:21:40.811+05:00","caller":"load/sheddingstat.go:61","content":"(rpc) shedding_stat [1m], cpu: 0, total: 0, pass: 0, drop: 0","level":"stat"}
{"@timestamp":"2026-02-09T11:22:02.171+05:00","caller":"stat/metrics.go:210","content":"(auth.rpc) - qps: 0.0/s, drops: 0, avg time: 0.0ms, med: 0.0ms, 90th: 0.0ms, 99th: 0.0ms, 99.9th: 0.0ms","level":"stat"}
{"@timestamp":"2026-02-09T11:22:40.806+05:00","caller":"stat/usage.go:82","content":"CPU: 0m, MEMORY: Alloc=2.5Mi, TotalAlloc=7.3Mi, Sys=15.1Mi, NumGC=69","level":"stat"}
{"@timestamp":"2026-02-09T11:22:40.810+05:00","caller":"load/sheddingstat.go:61","content":"(rpc) shedding_stat [1m], cpu: 0, total: 0, pass: 0, drop: 0","level":"stat"}
{"@timestamp":"2026-02-09T11:23:02.170+05:00","caller":"stat/metrics.go:210","content":"(auth.rpc) - qps: 0.0/s, drops: 0, avg time: 0.0ms, med: 0.0ms, 90th: 0.0ms, 99th: 0.0ms, 99.9th: 0.0ms","level":"stat"}
{"@timestamp":"2026-02-09T11:23:40.806+05:00","caller":"stat/usage.go:82","content":"CPU: 0m, MEMORY: Alloc=2.5Mi, TotalAlloc=7.3Mi, Sys=15.1Mi, NumGC=69","level":"stat"}
{"@timestamp":"2026-02-09T11:23:40.810+05:00","caller":"load/sheddingstat.go:61","content":"(rpc) shedding_stat [1m], cpu: 0, total: 0, pass: 0, drop: 0","level":"stat"}
{"@timestamp":"2026-02-09T11:24:02.171+05:00","caller":"stat/metrics.go:210","content":"(auth.rpc) - qps: 0.0/s, drops: 0, avg time: 0.0ms, med: 0.0ms, 90th: 0.0ms, 99th: 0.0ms, 99.9th: 0.0ms","level":"stat"}
{"@timestamp":"2026-02-09T11:24:40.805+05:00","caller":"stat/usage.go:82","content":"CPU: 0m, MEMORY: Alloc=2.4Mi, TotalAlloc=7.3Mi, Sys=15.1Mi, NumGC=70","level":"stat"}
{"@timestamp":"2026-02-09T11:24:40.810+05:00","caller":"load/sheddingstat.go:61","content":"(rpc) shedding_stat [1m], cpu: 0, total: 0, pass: 0, drop: 0","level":"stat"}
{"@timestamp":"2026-02-09T11:25:02.171+05:00","caller":"stat/metrics.go:210","content":"(auth.rpc) - qps: 0.0/s, drops: 0, avg time: 0.0ms, med: 0.0ms, 90th: 0.0ms, 99th: 0.0ms, 99.9th: 0.0ms","level":"stat"}
{"@timestamp":"2026-02-09T11:25:40.805+05:00","caller":"stat/usage.go:82","content":"CPU: 0m, MEMORY: Alloc=2.4Mi, TotalAlloc=7.3Mi, Sys=15.1Mi, NumGC=70","level":"stat"}
{"@timestamp":"2026-02-09T11:25:40.810+05:00","caller":"load/sheddingstat.go:61","content":"(rpc) shedding_stat [1m], cpu: 0, total: 0, pass: 0, drop: 0","level":"stat"}
{"@timestamp":"2026-02-09T11:26:02.171+05:00","caller":"stat/metrics.go:210","content":"(auth.rpc) - qps: 0.0/s, drops: 0, avg time: 0.0ms, med: 0.0ms, 90th: 0.0ms, 99th: 0.0ms, 99.9th: 0.0ms","level":"stat"}
{"@timestamp":"2026-02-09T11:26:40.805+05:00","caller":"stat/usage.go:82","content":"CPU: 0m, MEMORY: Alloc=2.5Mi, TotalAlloc=7.4Mi, Sys=15.1Mi, NumGC=71","level":"stat"}
{"@timestamp":"2026-02-09T11:26:40.810+05:00","caller":"load/sheddingstat.go:61","content":"(rpc) shedding_stat [1m], cpu: 0, total: 0, pass: 0, drop: 0","level":"stat"}
{"@timestamp":"2026-02-09T11:27:02.171+05:00","caller":"stat/metrics.go:210","content":"(auth.rpc) - qps: 0.0/s, drops: 0, avg time: 0.0ms, med: 0.0ms, 90th: 0.0ms, 99th: 0.0ms, 99.9th: 0.0ms","level":"stat"}
{"@timestamp":"2026-02-09T11:27:40.805+05:00","caller":"stat/usage.go:82","content":"CPU: 0m, MEMORY: Alloc=2.5Mi, TotalAlloc=7.4Mi, Sys=15.1Mi, NumGC=71","level":"stat"}
{"@timestamp":"2026-02-09T11:27:40.810+05:00","caller":"load/sheddingstat.go:61","content":"(rpc) shedding_stat [1m], cpu: 0, total: 0, pass: 0, drop: 0","level":"stat"}
{"@timestamp":"2026-02-09T11:28:02.170+05:00","caller":"stat/metrics.go:210","content":"(auth.rpc) - qps: 0.0/s, drops: 0, avg time: 0.0ms, med: 0.0ms, 90th: 0.0ms, 99th: 0.0ms, 99.9th: 0.0ms","level":"stat"}
{"@timestamp":"2026-02-09T11:28:40.807+05:00","caller":"stat/usage.go:82","content":"CPU: 0m, MEMORY: Alloc=2.4Mi, TotalAlloc=7.4Mi, Sys=15.1Mi, NumGC=72","level":"stat"}
{"@timestamp":"2026-02-09T11:28:40.812+05:00","caller":"load/sheddingstat.go:61","content":"(rpc) shedding_stat [1m], cpu: 0, total: 0, pass: 0, drop: 0","level":"stat"}
{"@timestamp":"2026-02-09T11:29:02.172+05:00","caller":"stat/metrics.go:210","content":"(auth.rpc) - qps: 0.0/s, drops: 0, avg time: 0.0ms, med: 0.0ms, 90th: 0.0ms, 99th: 0.0ms, 99.9th: 0.0ms","level":"stat"}
{"@timestamp":"2026-02-09T11:29:40.806+05:00","caller":"stat/usage.go:82","content":"CPU: 0m, MEMORY: Alloc=2.4Mi, TotalAlloc=7.4Mi, Sys=15.1Mi, NumGC=72","level":"stat"}
{"@timestamp":"2026-02-09T11:29:40.812+05:00","caller":"load/sheddingstat.go:61","content":"(rpc) shedding_stat [1m], cpu: 0, total: 0, pass: 0, drop: 0","level":"stat"}
{"@timestamp":"2026-02-09T11:30:02.172+05:00","caller":"stat/metrics.go:210","content":"(auth.rpc) - qps: 0.0/s, drops: 0, avg time: 0.0ms, med: 0.0ms, 90th: 0.0ms, 99th: 0.0ms, 99.9th: 0.0ms","level":"stat"}
{"@timestamp":"2026-02-09T11:30:40.807+05:00","caller":"stat/usage.go:82","content":"CPU: 0m, MEMORY: Alloc=2.5Mi, TotalAlloc=7.4Mi, Sys=15.1Mi, NumGC=73","level":"stat"}
{"@timestamp":"2026-02-09T11:30:40.812+05:00","caller":"load/sheddingstat.go:61","content":"(rpc) shedding_stat [1m], cpu: 0, total: 0, pass: 0, drop: 0","level":"stat"}
{"@timestamp":"2026-02-09T11:31:02.172+05:00","caller":"stat/metrics.go:210","content":"(auth.rpc) - qps: 0.0/s, drops: 0, avg time: 0.0ms, med: 0.0ms, 90th: 0.0ms, 99th: 0.0ms, 99.9th: 0.0ms","level":"stat"}
{"@timestamp":"2026-02-09T11:31:40.807+05:00","caller":"stat/usage.go:82","content":"CPU: 0m, MEMORY: Alloc=2.5Mi, TotalAlloc=7.4Mi, Sys=15.1Mi, NumGC=73","level":"stat"}
{"@timestamp":"2026-02-09T11:31:40.812+05:00","caller":"load/sheddingstat.go:61","content":"(rpc) shedding_stat [1m], cpu: 0, total: 0, pass: 0, drop: 0","level":"stat"}
{"@timestamp":"2026-02-09T11:32:02.172+05:00","caller":"stat/metrics.go:210","content":"(auth.rpc) - qps: 0.0/s, drops: 0, avg time: 0.0ms, med: 0.0ms, 90th: 0.0ms, 99th: 0.0ms, 99.9th: 0.0ms","level":"stat"}
{"@timestamp":"2026-02-09T11:32:40.808+05:00","caller":"stat/usage.go:82","content":"CPU: 0m, MEMORY: Alloc=2.5Mi, TotalAlloc=7.5Mi, Sys=15.1Mi, NumGC=74","level":"stat"}
{"@timestamp":"2026-02-09T11:32:40.812+05:00","caller":"load/sheddingstat.go:61","content":"(rpc) shedding_stat [1m], cpu: 0, total: 0, pass: 0, drop: 0","level":"stat"}
{"@timestamp":"2026-02-09T11:33:02.172+05:00","caller":"stat/metrics.go:210","content":"(auth.rpc) - qps: 0.0/s, drops: 0, avg time: 0.0ms, med: 0.0ms, 90th: 0.0ms, 99th: 0.0ms, 99.9th: 0.0ms","level":"stat"}
{"@timestamp":"2026-02-09T11:33:40.807+05:00","caller":"stat/usage.go:82","content":"CPU: 0m, MEMORY: Alloc=2.5Mi, TotalAlloc=7.5Mi, Sys=15.1Mi, NumGC=74","level":"stat"}
{"@timestamp":"2026-02-09T11:33:40.812+05:00","caller":"load/sheddingstat.go:61","content":"(rpc) shedding_stat [1m], cpu: 0, total: 0, pass: 0, drop: 0","level":"stat"}
{"@timestamp":"2026-02-09T11:34:02.172+05:00","caller":"stat/metrics.go:210","content":"(auth.rpc) - qps: 0.0/s, drops: 0, avg time: 0.0ms, med: 0.0ms, 90th: 0.0ms, 99th: 0.0ms, 99.9th: 0.0ms","level":"stat"}
{"@timestamp":"2026-02-09T11:34:40.807+05:00","caller":"stat/usage.go:82","content":"CPU: 0m, MEMORY: Alloc=2.5Mi, TotalAlloc=7.5Mi, Sys=15.1Mi, NumGC=75","level":"stat"}
{"@timestamp":"2026-02-09T11:34:40.812+05:00","caller":"load/sheddingstat.go:61","content":"(rpc) shedding_stat [1m], cpu: 0, total: 0, pass: 0, drop: 0","level":"stat"}
{"@timestamp":"2026-02-09T11:35:02.171+05:00","caller":"stat/metrics.go:210","content":"(auth.rpc) - qps: 0.0/s, drops: 0, avg time: 0.0ms, med: 0.0ms, 90th: 0.0ms, 99th: 0.0ms, 99.9th: 0.0ms","level":"stat"}
{"@timestamp":"2026-02-09T11:35:40.806+05:00","caller":"stat/usage.go:82","content":"CPU: 0m, MEMORY: Alloc=2.5Mi, TotalAlloc=7.5Mi, Sys=15.1Mi, NumGC=75","level":"stat"}
{"@timestamp":"2026-02-09T11:35:40.812+05:00","caller":"load/sheddingstat.go:61","content":"(rpc) shedding_stat [1m], cpu: 0, total: 0, pass: 0, drop: 0","level":"stat"}
{"@timestamp":"2026-02-09T11:36:02.171+05:00","caller":"stat/metrics.go:210","content":"(auth.rpc) - qps: 0.0/s, drops: 0, avg time: 0.0ms, med: 0.0ms, 90th: 0.0ms, 99th: 0.0ms, 99.9th: 0.0ms","level":"stat"}
{"@timestamp":"2026-02-09T11:36:40.806+05:00","caller":"stat/usage.go:82","content":"CPU: 0m, MEMORY: Alloc=2.4Mi, TotalAlloc=7.6Mi, Sys=15.1Mi, NumGC=76","level":"stat"}
{"@timestamp":"2026-02-09T11:36:40.812+05:00","caller":"load/sheddingstat.go:61","content":"(rpc) shedding_stat [1m], cpu: 0, total: 0, pass: 0, drop: 0","level":"stat"}
{"@timestamp":"2026-02-09T11:37:02.171+05:00","caller":"stat/metrics.go:210","content":"(auth.rpc) - qps: 0.0/s, drops: 0, avg time: 0.0ms, med: 0.0ms, 90th: 0.0ms, 99th: 0.0ms, 99.9th: 0.0ms","level":"stat"}
{"@timestamp":"2026-02-09T11:37:40.806+05:00","caller":"stat/usage.go:82","content":"CPU: 0m, MEMORY: Alloc=2.4Mi, TotalAlloc=7.6Mi, Sys=15.1Mi, NumGC=76","level":"stat"}
{"@timestamp":"2026-02-09T11:37:40.811+05:00","caller":"load/sheddingstat.go:61","content":"(rpc) shedding_stat [1m], cpu: 0, total: 0, pass: 0, drop: 0","level":"stat"}
{"@timestamp":"2026-02-09T11:38:02.172+05:00","caller":"stat/metrics.go:210","content":"(auth.rpc) - qps: 0.0/s, drops: 0, avg time: 0.0ms, med: 0.0ms, 90th: 0.0ms, 99th: 0.0ms, 99.9th: 0.0ms","level":"stat"}
{"@timestamp":"2026-02-09T11:38:40.805+05:00","caller":"stat/usage.go:82","content":"CPU: 0m, MEMORY: Alloc=2.5Mi, TotalAlloc=7.6Mi, Sys=15.1Mi, NumGC=77","level":"stat"}
{"@timestamp":"2026-02-09T11:38:40.811+05:00","caller":"load/sheddingstat.go:61","content":"(rpc) shedding_stat [1m], cpu: 0, total: 0, pass: 0, drop: 0","level":"stat"}
{"@timestamp":"2026-02-09T11:39:02.171+05:00","caller":"stat/metrics.go:210","content":"(auth.rpc) - qps: 0.0/s, drops: 0, avg time: 0.0ms, med: 0.0ms, 90th: 0.0ms, 99th: 0.0ms, 99.9th: 0.0ms","level":"stat"}
{"@timestamp":"2026-02-09T11:39:40.806+05:00","caller":"stat/usage.go:82","content":"CPU: 0m, MEMORY: Alloc=2.5Mi, TotalAlloc=7.6Mi, Sys=15.1Mi, NumGC=77","level":"stat"}
{"@timestamp":"2026-02-09T11:39:40.811+05:00","caller":"load/sheddingstat.go:61","content":"(rpc) shedding_stat [1m], cpu: 0, total: 0, pass: 0, drop: 0","level":"stat"}
{"@timestamp":"2026-02-09T11:40:02.171+05:00","caller":"stat/metrics.go:210","content":"(auth.rpc) - qps: 0.0/s, drops: 0, avg time: 0.0ms, med: 0.0ms, 90th: 0.0ms, 99th: 0.0ms, 99.9th: 0.0ms","level":"stat"}
{"@timestamp":"2026-02-09T11:40:40.806+05:00","caller":"stat/usage.go:82","content":"CPU: 0m, MEMORY: Alloc=2.5Mi, TotalAlloc=7.6Mi, Sys=15.1Mi, NumGC=78","level":"stat"}
{"@timestamp":"2026-02-09T11:40:40.811+05:00","caller":"load/sheddingstat.go:61","content":"(rpc) shedding_stat [1m], cpu: 0, total: 0, pass: 0, drop: 0","level":"stat"}
{"@timestamp":"2026-02-09T11:41:02.171+05:00","caller":"stat/metrics.go:210","content":"(auth.rpc) - qps: 0.0/s, drops: 0, avg time: 0.0ms, med: 0.0ms, 90th: 0.0ms, 99th: 0.0ms, 99.9th: 0.0ms","level":"stat"}
{"@timestamp":"2026-02-09T11:41:40.806+05:00","caller":"stat/usage.go:82","content":"CPU: 0m, MEMORY: Alloc=2.5Mi, TotalAlloc=7.6Mi, Sys=15.1Mi, NumGC=78","level":"stat"}
{"@timestamp":"2026-02-09T11:41:40.811+05:00","caller":"load/sheddingstat.go:61","content":"(rpc) shedding_stat [1m], cpu: 0, total: 0, pass: 0, drop: 0","level":"stat"}
{"@timestamp":"2026-02-09T11:42:02.171+05:00","caller":"stat/metrics.go:210","content":"(auth.rpc) - qps: 0.0/s, drops: 0, avg time: 0.0ms, med: 0.0ms, 90th: 0.0ms, 99th: 0.0ms, 99.9th: 0.0ms","level":"stat"}
{"@timestamp":"2026-02-09T11:42:40.806+05:00","caller":"stat/usage.go:82","content":"CPU: 0m, MEMORY: Alloc=2.5Mi, TotalAlloc=7.7Mi, Sys=15.1Mi, NumGC=79","level":"stat"}
{"@timestamp":"2026-02-09T11:42:40.811+05:00","caller":"load/sheddingstat.go:61","content":"(rpc) shedding_stat [1m], cpu: 0, total: 0, pass: 0, drop: 0","level":"stat"}
{"@timestamp":"2026-02-09T11:43:02.171+05:00","caller":"stat/metrics.go:210","content":"(auth.rpc) - qps: 0.0/s, drops: 0, avg time: 0.0ms, med: 0.0ms, 90th: 0.0ms, 99th: 0.0ms, 99.9th: 0.0ms","level":"stat"}
{"@timestamp":"2026-02-09T11:43:40.805+05:00","caller":"stat/usage.go:82","content":"CPU: 0m, MEMORY: Alloc=2.5Mi, TotalAlloc=7.7Mi, Sys=15.1Mi, NumGC=79","level":"stat"}
{"@timestamp":"2026-02-09T11:43:40.811+05:00","caller":"load/sheddingstat.go:61","content":"(rpc) shedding_stat [1m], cpu: 0, total: 0, pass: 0, drop: 0","level":"stat"}
{"@timestamp":"2026-02-09T11:44:02.171+05:00","caller":"stat/metrics.go:210","content":"(auth.rpc) - qps: 0.0/s, drops: 0, avg time: 0.0ms, med: 0.0ms, 90th: 0.0ms, 99th: 0.0ms, 99.9th: 0.0ms","level":"stat"}
{"@timestamp":"2026-02-09T11:44:40.809+05:00","caller":"stat/usage.go:82","content":"CPU: 0m, MEMORY: Alloc=2.5Mi, TotalAlloc=7.7Mi, Sys=15.1Mi, NumGC=80","level":"stat"}
{"@timestamp":"2026-02-09T11:44:40.815+05:00","caller":"load/sheddingstat.go:61","content":"(rpc) shedding_stat [1m], cpu: 0, total: 0, pass: 0, drop: 0","level":"stat"}
{"@timestamp":"2026-02-09T11:45:02.175+05:00","caller":"stat/metrics.go:210","content":"(auth.rpc) - qps: 0.0/s, drops: 0, avg time: 0.0ms, med: 0.0ms, 90th: 0.0ms, 99th: 0.0ms, 99.9th: 0.0ms","level":"stat"}
{"@timestamp":"2026-02-09T11:45:40.810+05:00","caller":"stat/usage.go:82","content":"CPU: 0m, MEMORY: Alloc=2.5Mi, TotalAlloc=7.7Mi, Sys=15.1Mi, NumGC=80","level":"stat"}
{"@timestamp":"2026-02-09T11:45:40.816+05:00","caller":"load/sheddingstat.go:61","content":"(rpc) shedding_stat [1m], cpu: 0, total: 0, pass: 0, drop: 0","level":"stat"}
{"@timestamp":"2026-02-09T11:46:02.175+05:00","caller":"stat/metrics.go:210","content":"(auth.rpc) - qps: 0.0/s, drops: 0, avg time: 0.0ms, med: 0.0ms, 90th: 0.0ms, 99th: 0.0ms, 99.9th: 0.0ms","level":"stat"}
{"@timestamp":"2026-02-09T11:46:40.810+05:00","caller":"stat/usage.go:82","content":"CPU: 0m, MEMORY: Alloc=2.5Mi, TotalAlloc=7.8Mi, Sys=15.1Mi, NumGC=81","level":"stat"}
{"@timestamp":"2026-02-09T11:46:40.816+05:00","caller":"load/sheddingstat.go:61","content":"(rpc) shedding_stat [1m], cpu: 0, total: 0, pass: 0, drop: 0","level":"stat"}
{"@timestamp":"2026-02-09T11:47:02.175+05:00","caller":"stat/metrics.go:210","content":"(auth.rpc) - qps: 0.0/s, drops: 0, avg time: 0.0ms, med: 0.0ms, 90th: 0.0ms, 99th: 0.0ms, 99.9th: 0.0ms","level":"stat"}
{"@timestamp":"2026-02-09T11:47:40.810+05:00","caller":"stat/usage.go:82","content":"CPU: 0m, MEMORY: Alloc=2.5Mi, TotalAlloc=7.8Mi, Sys=15.1Mi, NumGC=81","level":"stat"}
{"@timestamp":"2026-02-09T11:47:40.815+05:00","caller":"load/sheddingstat.go:61","content":"(rpc) shedding_stat [1m], cpu: 0, total: 0, pass: 0, drop: 0","level":"stat"}
{"@timestamp":"2026-02-09T11:48:02.175+05:00","caller":"stat/metrics.go:210","content":"(auth.rpc) - qps: 0.0/s, drops: 0, avg time: 0.0ms, med: 0.0ms, 90th: 0.0ms, 99th: 0.0ms, 99.9th: 0.0ms","level":"stat"}
{"@timestamp":"2026-02-09T11:48:40.810+05:00","caller":"stat/usage.go:82","content":"CPU: 0m, MEMORY: Alloc=2.5Mi, TotalAlloc=7.8Mi, Sys=15.1Mi, NumGC=82","level":"stat"}
{"@timestamp":"2026-02-09T11:48:40.815+05:00","caller":"load/sheddingstat.go:61","content":"(rpc) shedding_stat [1m], cpu: 0, total: 0, pass: 0, drop: 0","level":"stat"}
{"@timestamp":"2026-02-09T11:49:02.175+05:00","caller":"stat/metrics.go:210","content":"(auth.rpc) - qps: 0.0/s, drops: 0, avg time: 0.0ms, med: 0.0ms, 90th: 0.0ms, 99th: 0.0ms, 99.9th: 0.0ms","level":"stat"}
{"@timestamp":"2026-02-09T11:49:40.810+05:00","caller":"stat/usage.go:82","content":"CPU: 0m, MEMORY: Alloc=2.5Mi, TotalAlloc=7.8Mi, Sys=15.1Mi, NumGC=82","level":"stat"}
{"@timestamp":"2026-02-09T11:49:40.815+05:00","caller":"load/sheddingstat.go:61","content":"(rpc) shedding_stat [1m], cpu: 0, total: 0, pass: 0, drop: 0","level":"stat"}
{"@timestamp":"2026-02-09T11:50:02.175+05:00","caller":"stat/metrics.go:210","content":"(auth.rpc) - qps: 0.0/s, drops: 0, avg time: 0.0ms, med: 0.0ms, 90th: 0.0ms, 99th: 0.0ms, 99.9th: 0.0ms","level":"stat"}
{"@timestamp":"2026-02-09T11:50:40.810+05:00","caller":"stat/usage.go:82","content":"CPU: 0m, MEMORY: Alloc=2.5Mi, TotalAlloc=7.8Mi, Sys=15.1Mi, NumGC=83","level":"stat"}
{"@timestamp":"2026-02-09T11:50:40.815+05:00","caller":"load/sheddingstat.go:61","content":"(rpc) shedding_stat [1m], cpu: 0, total: 0, pass: 0, drop: 0","level":"stat"}
{"@timestamp":"2026-02-09T11:51:02.175+05:00","caller":"stat/metrics.go:210","content":"(auth.rpc) - qps: 0.0/s, drops: 0, avg time: 0.0ms, med: 0.0ms, 90th: 0.0ms, 99th: 0.0ms, 99.9th: 0.0ms","level":"stat"}
{"@timestamp":"2026-02-09T11:51:40.809+05:00","caller":"stat/usage.go:82","content":"CPU: 0m, MEMORY: Alloc=2.5Mi, TotalAlloc=7.8Mi, Sys=15.1Mi, NumGC=83","level":"stat"}
{"@timestamp":"2026-02-09T11:51:40.815+05:00","caller":"load/sheddingstat.go:61","content":"(rpc) shedding_stat [1m], cpu: 0, total: 0, pass: 0, drop: 0","level":"stat"}
{"@timestamp":"2026-02-09T11:52:02.175+05:00","caller":"stat/metrics.go:210","content":"(auth.rpc) - qps: 0.0/s, drops: 0, avg time: 0.0ms, med: 0.0ms, 90th: 0.0ms, 99th: 0.0ms, 99.9th: 0.0ms","level":"stat"}
{"@timestamp":"2026-02-09T11:52:40.810+05:00","caller":"stat/usage.go:82","content":"CPU: 0m, MEMORY: Alloc=2.5Mi, TotalAlloc=7.9Mi, Sys=15.1Mi, NumGC=84","level":"stat"}
{"@timestamp":"2026-02-09T11:52:40.815+05:00","caller":"load/sheddingstat.go:61","content":"(rpc) shedding_stat [1m], cpu: 0, total: 0, pass: 0, drop: 0","level":"stat"}
{"@timestamp":"2026-02-09T11:53:02.176+05:00","caller":"stat/metrics.go:210","content":"(auth.rpc) - qps: 0.0/s, drops: 0, avg time: 0.0ms, med: 0.0ms, 90th: 0.0ms, 99th: 0.0ms, 99.9th: 0.0ms","level":"stat"}
{"@timestamp":"2026-02-09T11:53:40.810+05:00","caller":"stat/usage.go:82","content":"CPU: 0m, MEMORY: Alloc=2.5Mi, TotalAlloc=7.9Mi, Sys=15.1Mi, NumGC=84","level":"stat"}
{"@timestamp":"2026-02-09T11:53:40.816+05:00","caller":"load/sheddingstat.go:61","content":"(rpc) shedding_stat [1m], cpu: 0, total: 0, pass: 0, drop: 0","level":"stat"}
{"@timestamp":"2026-02-09T11:54:02.175+05:00","caller":"stat/metrics.go:210","content":"(auth.rpc) - qps: 0.0/s, drops: 0, avg time: 0.0ms, med: 0.0ms, 90th: 0.0ms, 99th: 0.0ms, 99.9th: 0.0ms","level":"stat"}
{"@timestamp":"2026-02-09T11:54:40.810+05:00","caller":"stat/usage.go:82","content":"CPU: 0m, MEMORY: Alloc=2.5Mi, TotalAlloc=7.9Mi, Sys=15.1Mi, NumGC=85","level":"stat"}
{"@timestamp":"2026-02-09T11:54:40.815+05:00","caller":"load/sheddingstat.go:61","content":"(rpc) shedding_stat [1m], cpu: 0, total: 0, pass: 0, drop: 0","level":"stat"}
{"@timestamp":"2026-02-09T11:55:02.175+05:00","caller":"stat/metrics.go:210","content":"(auth.rpc) - qps: 0.0/s, drops: 0, avg time: 0.0ms, med: 0.0ms, 90th: 0.0ms, 99th: 0.0ms, 99.9th: 0.0ms","level":"stat"}
{"@timestamp":"2026-02-09T11:55:40.809+05:00","caller":"stat/usage.go:82","content":"CPU: 0m, MEMORY: Alloc=2.5Mi, TotalAlloc=7.9Mi, Sys=15.1Mi, NumGC=85","level":"stat"}
{"@timestamp":"2026-02-09T11:55:40.815+05:00","caller":"load/sheddingstat.go:61","content":"(rpc) shedding_stat [1m], cpu: 0, total: 0, pass: 0, drop: 0","level":"stat"}
{"@timestamp":"2026-02-09T11:56:02.176+05:00","caller":"stat/metrics.go:210","content":"(auth.rpc) - qps: 0.0/s, drops: 0, avg time: 0.0ms, med: 0.0ms, 90th: 0.0ms, 99th: 0.0ms, 99.9th: 0.0ms","level":"stat"}
{"@timestamp":"2026-02-09T11:56:40.810+05:00","caller":"stat/usage.go:82","content":"CPU: 0m, MEMORY: Alloc=2.4Mi, TotalAlloc=7.9Mi, Sys=15.1Mi, NumGC=86","level":"stat"}
{"@timestamp":"2026-02-09T11:56:40.815+05:00","caller":"load/sheddingstat.go:61","content":"(rpc) shedding_stat [1m], cpu: 0, total: 0, pass: 0, drop: 0","level":"stat"}
{"@timestamp":"2026-02-09T11:57:02.175+05:00","caller":"stat/metrics.go:210","content":"(auth.rpc) - qps: 0.0/s, drops: 0, avg time: 0.0ms, med: 0.0ms, 90th: 0.0ms, 99th: 0.0ms, 99.9th: 0.0ms","level":"stat"}
{"@timestamp":"2026-02-09T11:57:40.810+05:00","caller":"stat/usage.go:82","content":"CPU: 0m, MEMORY: Alloc=2.4Mi, TotalAlloc=7.9Mi, Sys=15.1Mi, NumGC=86","level":"stat"}
{"@timestamp":"2026-02-09T11:57:40.815+05:00","caller":"load/sheddingstat.go:61","content":"(rpc) shedding_stat [1m], cpu: 0, total: 0, pass: 0, drop: 0","level":"stat"}
{"@timestamp":"2026-02-09T11:58:02.175+05:00","caller":"stat/metrics.go:210","content":"(auth.rpc) - qps: 0.0/s, drops: 0, avg time: 0.0ms, med: 0.0ms, 90th: 0.0ms, 99th: 0.0ms, 99.9th: 0.0ms","level":"stat"}
{"@timestamp":"2026-02-09T11:58:40.810+05:00","caller":"stat/usage.go:82","content":"CPU: 0m, MEMORY: Alloc=2.5Mi, TotalAlloc=8.0Mi, Sys=15.1Mi, NumGC=87","level":"stat"}
{"@timestamp":"2026-02-09T11:58:40.815+05:00","caller":"load/sheddingstat.go:61","content":"(rpc) shedding_stat [1m], cpu: 0, total: 0, pass: 0, drop: 0","level":"stat"}
{"@timestamp":"2026-02-09T11:59:02.175+05:00","caller":"stat/metrics.go:210","content":"(auth.rpc) - qps: 0.0/s, drops: 0, avg time: 0.0ms, med: 0.0ms, 90th: 0.0ms, 99th: 0.0ms, 99.9th: 0.0ms","level":"stat"}
{"@timestamp":"2026-02-09T11:59:40.810+05:00","caller":"stat/usage.go:82","content":"CPU: 0m, MEMORY: Alloc=2.5Mi, TotalAlloc=8.0Mi, Sys=15.1Mi, NumGC=87","level":"stat"}
{"@timestamp":"2026-02-09T11:59:40.815+05:00","caller":"load/sheddingstat.go:61","content":"(rpc) shedding_stat [1m], cpu: 0, total: 0, pass: 0, drop: 0","level":"stat"}
{"@timestamp":"2026-02-09T12:00:02.175+05:00","caller":"stat/metrics.go:210","content":"(auth.rpc) - qps: 0.0/s, drops: 0, avg time: 0.0ms, med: 0.0ms, 90th: 0.0ms, 99th: 0.0ms, 99.9th: 0.0ms","level":"stat"}
{"@timestamp":"2026-02-09T12:00:40.810+05:00","caller":"stat/usage.go:82","content":"CPU: 0m, MEMORY: Alloc=2.5Mi, TotalAlloc=8.0Mi, Sys=15.1Mi, NumGC=88","level":"stat"}
{"@timestamp":"2026-02-09T12:00:40.815+05:00","caller":"load/sheddingstat.go:61","content":"(rpc) shedding_stat [1m], cpu: 0, total: 0, pass: 0, drop: 0","level":"stat"}
{"@timestamp":"2026-02-09T12:01:02.176+05:00","caller":"stat/metrics.go:210","content":"(auth.rpc) - qps: 0.0/s, drops: 0, avg time: 0.0ms, med: 0.0ms, 90th: 0.0ms, 99th: 0.0ms, 99.9th: 0.0ms","level":"stat"}
{"@timestamp":"2026-02-09T12:01:40.810+05:00","caller":"stat/usage.go:82","content":"CPU: 0m, MEMORY: Alloc=2.5Mi, TotalAlloc=8.0Mi, Sys=15.1Mi, NumGC=88","level":"stat"}
{"@timestamp":"2026-02-09T12:01:40.815+05:00","caller":"load/sheddingstat.go:61","content":"(rpc) shedding_stat [1m], cpu: 0, total: 0, pass: 0, drop: 0","level":"stat"}
{"@timestamp":"2026-02-09T12:02:02.175+05:00","caller":"stat/metrics.go:210","content":"(auth.rpc) - qps: 0.0/s, drops: 0, avg time: 0.0ms, med: 0.0ms, 90th: 0.0ms, 99th: 0.0ms, 99.9th: 0.0ms","level":"stat"}
{"@timestamp":"2026-02-09T12:02:40.809+05:00","caller":"stat/usage.go:82","content":"CPU: 0m, MEMORY: Alloc=2.5Mi, TotalAlloc=8.1Mi, Sys=15.1Mi, NumGC=89","level":"stat"}
{"@timestamp":"2026-02-09T12:02:40.815+05:00","caller":"load/sheddingstat.go:61","content":"(rpc) shedding_stat [1m], cpu: 0, total: 0, pass: 0, drop: 0","level":"stat"}
{"@timestamp":"2026-02-09T12:03:02.176+05:00","caller":"stat/metrics.go:210","content":"(auth.rpc) - qps: 0.0/s, drops: 0, avg time: 0.0ms, med: 0.0ms, 90th: 0.0ms, 99th: 0.0ms, 99.9th: 0.0ms","level":"stat"}
{"@timestamp":"2026-02-09T12:03:40.810+05:00","caller":"stat/usage.go:82","content":"CPU: 0m, MEMORY: Alloc=2.5Mi, TotalAlloc=8.1Mi, Sys=15.1Mi, NumGC=89","level":"stat"}
{"@timestamp":"2026-02-09T12:03:40.815+05:00","caller":"load/sheddingstat.go:61","content":"(rpc) shedding_stat [1m], cpu: 0, total: 0, pass: 0, drop: 0","level":"stat"}
{"@timestamp":"2026-02-09T12:04:02.176+05:00","caller":"stat/metrics.go:210","content":"(auth.rpc) - qps: 0.0/s, drops: 0, avg time: 0.0ms, med: 0.0ms, 90th: 0.0ms, 99th: 0.0ms, 99.9th: 0.0ms","level":"stat"}
{"@timestamp":"2026-02-09T12:04:40.810+05:00","caller":"stat/usage.go:82","content":"CPU: 0m, MEMORY: Alloc=2.5Mi, TotalAlloc=8.2Mi, Sys=15.1Mi, NumGC=90","level":"stat"}
{"@timestamp":"2026-02-09T12:04:40.815+05:00","caller":"load/sheddingstat.go:61","content":"(rpc) shedding_stat [1m], cpu: 0, total: 0, pass: 0, drop: 0","level":"stat"}
{"@timestamp":"2026-02-09T12:05:02.175+05:00","caller":"stat/metrics.go:210","content":"(auth.rpc) - qps: 0.0/s, drops: 0, avg time: 0.0ms, med: 0.0ms, 90th: 0.0ms, 99th: 0.0ms, 99.9th: 0.0ms","level":"stat"}
{"@timestamp":"2026-02-09T12:05:40.810+05:00","caller":"stat/usage.go:82","content":"CPU: 0m, MEMORY: Alloc=2.5Mi, TotalAlloc=8.2Mi, Sys=15.1Mi, NumGC=90","level":"stat"}
{"@timestamp":"2026-02-09T12:05:40.815+05:00","caller":"load/sheddingstat.go:61","content":"(rpc) shedding_stat [1m], cpu: 0, total: 0, pass: 0, drop: 0","level":"stat"}
{"@timestamp":"2026-02-09T12:06:02.175+05:00","caller":"stat/metrics.go:210","content":"(auth.rpc) - qps: 0.0/s, drops: 0, avg time: 0.0ms, med: 0.0ms, 90th: 0.0ms, 99th: 0.0ms, 99.9th: 0.0ms","level":"stat"}
{"@timestamp":"2026-02-09T12:06:40.810+05:00","caller":"stat/usage.go:82","content":"CPU: 0m, MEMORY: Alloc=2.5Mi, TotalAlloc=8.3Mi, Sys=15.1Mi, NumGC=91","level":"stat"}
{"@timestamp":"2026-02-09T12:06:40.815+05:00","caller":"load/sheddingstat.go:61","content":"(rpc) shedding_stat [1m], cpu: 0, total: 0, pass: 0, drop: 0","level":"stat"}
{"@timestamp":"2026-02-09T12:06:41.918+05:00","caller":"proc/shutdown.go:84","content":"Got signal 15, shutting down...","level":"info"}
{"@timestamp":"2026-02-09T12:06:42.920+05:00","caller":"stat/metrics.go:210","content":"(auth.rpc) - qps: 0.0/s, drops: 0, avg time: 0.0ms, med: 0.0ms, 90th: 0.0ms, 99th: 0.0ms, 99.9th: 0.0ms","level":"stat"}
